-------------------------------------------------------------------------------
Test set: it.apice.sapere.node.TestSAPEREnode
-------------------------------------------------------------------------------
Tests run: 1, Failures: 1, Errors: 0, Skipped: 0, Time elapsed: 4.069 sec <<< FAILURE!
testServicesAvailablity:TestSAPEREnode.testServicesAvailablity:NativeContainer:org.apache.felix.framework.FrameworkFactory@2ce1899b(it.apice.sapere.node.TestSAPEREnode)  Time elapsed: 3.611 sec  <<< FAILURE!
java.lang.AssertionError: 
	at org.junit.Assert.fail(Assert.java:91)
	at org.junit.Assert.assertTrue(Assert.java:43)
	at org.junit.Assert.assertNotNull(Assert.java:524)
	at org.junit.Assert.assertNotNull(Assert.java:535)
	at it.apice.sapere.node.TestSAPEREnode.testServicesAvailablity(TestSAPEREnode.java:80)
	at sun.reflect.NativeMethodAccessorImpl.invoke0(Native Method)
	at sun.reflect.NativeMethodAccessorImpl.invoke(NativeMethodAccessorImpl.java:39)
	at sun.reflect.DelegatingMethodAccessorImpl.invoke(DelegatingMethodAccessorImpl.java:25)
	at java.lang.reflect.Method.invoke(Method.java:597)
	at org.ops4j.pax.exam.raw.extender.intern.ProbeInvokerImpl.injectContextAndInvoke(ProbeInvokerImpl.java:124)
	at org.ops4j.pax.exam.raw.extender.intern.ProbeInvokerImpl.findAndInvoke(ProbeInvokerImpl.java:87)
	at org.ops4j.pax.exam.raw.extender.intern.ProbeInvokerImpl.call(ProbeInvokerImpl.java:74)
	at org.ops4j.pax.exam.nat.internal.NativeTestContainer.call(NativeTestContainer.java:95)
	at org.ops4j.pax.exam.spi.reactors.AllConfinedStagedReactor.invoke(AllConfinedStagedReactor.java:74)
	at org.ops4j.pax.exam.junit.JUnit4TestRunner$3.evaluate(JUnit4TestRunner.java:304)
	at org.junit.runners.BlockJUnit4ClassRunner.runNotIgnored(BlockJUnit4ClassRunner.java:79)
	at org.junit.runners.BlockJUnit4ClassRunner.runChild(BlockJUnit4ClassRunner.java:71)
	at org.junit.runners.BlockJUnit4ClassRunner.runChild(BlockJUnit4ClassRunner.java:49)
	at org.junit.runners.ParentRunner$3.run(ParentRunner.java:193)
	at org.junit.runners.ParentRunner$1.schedule(ParentRunner.java:52)
	at org.junit.runners.ParentRunner.runChildren(ParentRunner.java:191)
	at org.junit.runners.ParentRunner.access$000(ParentRunner.java:42)
	at org.junit.runners.ParentRunner$2.evaluate(ParentRunner.java:184)
	at org.junit.runners.ParentRunner.run(ParentRunner.java:236)
	at org.ops4j.pax.exam.junit.JUnit4TestRunner.run(JUnit4TestRunner.java:93)
	at org.apache.maven.surefire.junit4.JUnit4Provider.execute(JUnit4Provider.java:236)
	at org.apache.maven.surefire.junit4.JUnit4Provider.executeTestSet(JUnit4Provider.java:134)
	at org.apache.maven.surefire.junit4.JUnit4Provider.invoke(JUnit4Provider.java:113)
	at sun.reflect.NativeMethodAccessorImpl.invoke0(Native Method)
	at sun.reflect.NativeMethodAccessorImpl.invoke(NativeMethodAccessorImpl.java:39)
	at sun.reflect.DelegatingMethodAccessorImpl.invoke(DelegatingMethodAccessorImpl.java:25)
	at java.lang.reflect.Method.invoke(Method.java:597)
	at org.apache.maven.surefire.util.ReflectionUtils.invokeMethodWithArray(ReflectionUtils.java:189)
	at org.apache.maven.surefire.booter.ProviderFactory$ProviderProxy.invoke(ProviderFactory.java:165)
	at org.apache.maven.surefire.booter.ProviderFactory.invokeProvider(ProviderFactory.java:85)
	at org.apache.maven.surefire.booter.ForkedBooter.runSuitesInProcess(ForkedBooter.java:103)
	at org.apache.maven.surefire.booter.ForkedBooter.main(ForkedBooter.java:74)
