<?xml version="1.0" encoding="UTF-8" ?>
<testsuite failures="0" time="96.943" errors="7" skipped="0" tests="7" name="it.apice.sapere.space.TestLSAspace">
  <properties>
[...]
</properties>
  <testcase time="12.896" classname="it.apice.sapere.space.TestLSAspace" name="testIgnoreExceptions:TestLSAspace.testIgnoreExceptions:NativeContainer:org.apache.felix.framework.FrameworkFactory@4fef3a22">
    <error message="gave up waiting for service it.apice.sapere.api.space.core.LSAspaceCore" type="org.ops4j.pax.swissbox.framework.ServiceLookupException">org.ops4j.pax.swissbox.framework.ServiceLookupException: gave up waiting for service it.apice.sapere.api.space.core.LSAspaceCore
	at org.ops4j.pax.swissbox.framework.ServiceLookup.getService(ServiceLookup.java:122)
	at org.ops4j.pax.swissbox.framework.ServiceLookup.getService(ServiceLookup.java:83)
	at org.ops4j.pax.exam.inject.internal.ServiceInjector.injectField(ServiceInjector.java:86)
	at org.ops4j.pax.exam.inject.internal.ServiceInjector.injectDeclaredFields(ServiceInjector.java:70)
	at org.ops4j.pax.exam.inject.internal.ServiceInjector.injectFields(ServiceInjector.java:59)
	at org.ops4j.pax.exam.invoker.junit.internal.ContainerTestRunner.createTest(ContainerTestRunner.java:62)
	at org.junit.runners.BlockJUnit4ClassRunner$1.runReflectiveCall(BlockJUnit4ClassRunner.java:227)
	at org.junit.internal.runners.model.ReflectiveCallable.run(ReflectiveCallable.java:15)
	at org.junit.runners.BlockJUnit4ClassRunner.methodBlock(BlockJUnit4ClassRunner.java:224)
	at org.junit.runners.BlockJUnit4ClassRunner.runChild(BlockJUnit4ClassRunner.java:69)
	at org.ops4j.pax.exam.invoker.junit.internal.ContainerTestRunner.runChild(ContainerTestRunner.java:70)
	at org.ops4j.pax.exam.invoker.junit.internal.ContainerTestRunner.runChild(ContainerTestRunner.java:37)
	at org.junit.runners.ParentRunner$3.run(ParentRunner.java:231)
	at org.junit.runners.ParentRunner$1.schedule(ParentRunner.java:60)
	at org.junit.runners.ParentRunner.runChildren(ParentRunner.java:229)
	at org.junit.runners.ParentRunner.access$000(ParentRunner.java:50)
	at org.junit.runners.ParentRunner$2.evaluate(ParentRunner.java:222)
	at org.junit.runners.ParentRunner.run(ParentRunner.java:292)
	at org.junit.runner.JUnitCore.run(JUnitCore.java:157)
	at org.junit.runner.JUnitCore.run(JUnitCore.java:136)
	at org.ops4j.pax.exam.invoker.junit.internal.JUnitProbeInvoker.invokeViaJUnit(JUnitProbeInvoker.java:124)
	at org.ops4j.pax.exam.invoker.junit.internal.JUnitProbeInvoker.findAndInvoke(JUnitProbeInvoker.java:94)
	at org.ops4j.pax.exam.invoker.junit.internal.JUnitProbeInvoker.call(JUnitProbeInvoker.java:77)
	at org.ops4j.pax.exam.nat.internal.NativeTestContainer.call(NativeTestContainer.java:95)
	at org.ops4j.pax.exam.spi.reactors.AllConfinedStagedReactor.invoke(AllConfinedStagedReactor.java:74)
	at org.ops4j.pax.exam.junit.JUnit4TestRunner$3.evaluate(JUnit4TestRunner.java:304)
	at org.junit.runners.BlockJUnit4ClassRunner.runNotIgnored(BlockJUnit4ClassRunner.java:79)
	at org.junit.runners.BlockJUnit4ClassRunner.runChild(BlockJUnit4ClassRunner.java:71)
	at org.junit.runners.BlockJUnit4ClassRunner.runChild(BlockJUnit4ClassRunner.java:49)
	at org.junit.runners.ParentRunner$3.run(ParentRunner.java:193)
	at org.junit.runners.ParentRunner$1.schedule(ParentRunner.java:52)
	at org.junit.runners.ParentRunner.runChildren(ParentRunner.java:191)
	at org.junit.runners.ParentRunner.access$000(ParentRunner.java:42)
	at org.junit.runners.ParentRunner$2.evaluate(ParentRunner.java:184)
	at org.junit.runners.ParentRunner.run(ParentRunner.java:236)
	at org.ops4j.pax.exam.junit.JUnit4TestRunner.run(JUnit4TestRunner.java:93)
	at org.apache.maven.surefire.junit4.JUnit4Provider.execute(JUnit4Provider.java:236)
	at org.apache.maven.surefire.junit4.JUnit4Provider.executeTestSet(JUnit4Provider.java:134)
	at org.apache.maven.surefire.junit4.JUnit4Provider.invoke(JUnit4Provider.java:113)
	at sun.reflect.NativeMethodAccessorImpl.invoke0(Native Method)
	at sun.reflect.NativeMethodAccessorImpl.invoke(NativeMethodAccessorImpl.java:39)
	at sun.reflect.DelegatingMethodAccessorImpl.invoke(DelegatingMethodAccessorImpl.java:25)
	at java.lang.reflect.Method.invoke(Method.java:597)
	at org.apache.maven.surefire.util.ReflectionUtils.invokeMethodWithArray(ReflectionUtils.java:189)
	at org.apache.maven.surefire.booter.ProviderFactory$ProviderProxy.invoke(ProviderFactory.java:165)
	at org.apache.maven.surefire.booter.ProviderFactory.invokeProvider(ProviderFactory.java:85)
	at org.apache.maven.surefire.booter.ForkedBooter.runSuitesInProcess(ForkedBooter.java:103)
	at org.apache.maven.surefire.booter.ForkedBooter.main(ForkedBooter.java:74)
</error>
    <system-out>ERROR: Bundle org.ops4j.pax.exam.rbc [2] Error starting link:classpath:META-INF/links/org.ops4j.pax.exam.rbc.link (org.osgi.framework.BundleException: Activator start error in bundle org.ops4j.pax.exam.rbc [2].)
[org.ops4j.pax.swissbox.extender.BundleWatcher] : Creating bundle watcher with scanner [org.ops4j.pax.swissbox.extender.BundleManifestScanner@5dedb45]...
[org.ops4j.pax.swissbox.extender.BundleWatcher] : Scanning bundle [org.apache.felix.framework]
[org.ops4j.pax.swissbox.extender.BundleWatcher] : Scanning bundle [org.ops4j.pax.exam]
[org.ops4j.pax.swissbox.extender.BundleWatcher] : Scanning bundle [org.ops4j.pax.exam.inject]
[org.ops4j.pax.swissbox.extender.BundleWatcher] : Scanning bundle [org.ops4j.pax.exam.extender.service]
[org.ops4j.pax.swissbox.extender.BundleWatcher] : Scanning bundle [osgi.cmpn]
[org.ops4j.pax.swissbox.extender.BundleWatcher] : Releasing bundle [org.ops4j.pax.logging.pax-logging-api]
ERROR: Bundle org.ops4j.pax.logging.pax-logging-api [6] Error starting link:classpath:META-INF/links/org.ops4j.pax.logging.api.link (org.osgi.framework.BundleException: Activator start error in bundle org.ops4j.pax.logging.pax-logging-api [6].)
[org.ops4j.pax.swissbox.extender.BundleWatcher] : Scanning bundle [org.ops4j.base]
[org.ops4j.pax.swissbox.extender.BundleWatcher] : Scanning bundle [org.ops4j.pax.swissbox.core]
[org.ops4j.pax.swissbox.extender.BundleWatcher] : Scanning bundle [org.ops4j.pax.swissbox.extender]
[org.ops4j.pax.swissbox.extender.BundleWatcher] : Scanning bundle [org.ops4j.pax.swissbox.framework]
[org.ops4j.pax.swissbox.extender.BundleWatcher] : Scanning bundle [org.ops4j.pax.swissbox.lifecycle]
[org.ops4j.pax.swissbox.extender.BundleWatcher] : Scanning bundle [org.apache.geronimo.specs.geronimo-atinject_1.0_spec]
[org.ops4j.pax.swissbox.extender.BundleWatcher] : Scanning bundle [org.apache.servicemix.bundles.junit]
[org.ops4j.pax.swissbox.extender.BundleWatcher] : Scanning bundle [semanticwebsapere-api]
[org.ops4j.pax.swissbox.extender.BundleWatcher] : Scanning bundle [semanticwebsapere-requirements]
[org.ops4j.pax.swissbox.extender.BundleWatcher] : Scanning bundle [semanticwebsapere-testplan]
SemanticWebSAPERE [RDFModel]: Starting up..
rdf-model&gt; LSAFactory REGISTERED
rdf-model&gt; LSAParser REGISTERED
rdf-model&gt; EcolawFactory REGISTERED
rdf-model&gt; FormulaFactory REGISTERED
rdf-model&gt; Node URI = http://www.sapere-project.eu/ontologies/2012/0/sapere-model.owl#nodeC9AA0AD5-EECA-4F84-B077-28E80E705289
[org.ops4j.pax.swissbox.extender.BundleWatcher] : Scanning bundle [semanticwebsapere-rdfmodel]
rdf-space&gt; Starting up..
rdf-space&gt; LSA Factory ACQUIRED
rdf-space&gt; LSA Compiler REGISTERED.
rdf-space&gt; Eco-law Compiler REGISTERED.
rdf-space&gt; NO reasoner enabled
[org.ops4j.pax.swissbox.extender.BundleWatcher] : Releasing bundle [semanticwebsapere-rdfspace]
ERROR: Bundle semanticwebsapere-rdfspace [17] Error starting mvn:it.apice.sapere/semanticwebsapere-rdfspace (org.osgi.framework.BundleException: Activator start error in bundle semanticwebsapere-rdfspace [17].)
[org.ops4j.pax.swissbox.extender.BundleWatcher] : Scanning bundle [org.ops4j.pax.exam.invoker.junit]
[org.ops4j.pax.swissbox.extender.BundleWatcher] : Scanning bundle [PAXEXAM-PROBE-509c256b-6b37-42e4-bf1b-08f98137100d]
[org.ops4j.pax.swissbox.extender.BundleWatcher] : Found resources [ManifestEntry{ key=PaxExam-ea14c16b-9713-442c-9dc1-dcbad45e88d7, value=it.apice.sapere.space.TestLSAspace;testScenario }, ManifestEntry{ key=PaxExam-a73a553a-9535-4ab5-ad8d-6a1b790e7eae, value=it.apice.sapere.space.TestLSAspace;testIgnoreExceptions }, ManifestEntry{ key=PaxExam-aece81ba-1d3b-4c16-953a-deda178d8487, value=it.apice.sapere.space.TestLSAspace;testReadExceptions }, ManifestEntry{ key=PaxExam-Executable, value=PaxExam-ea14c16b-9713-442c-9dc1-dcbad45e88d7,PaxExam-a73a553a-9535-4ab5-ad8d-6a1b790e7eae,PaxExam-aece81ba-1d3b-4c16-953a-deda178d8487,PaxExam-fcc37caf-ac75-4dbb-9be3-5ce6b42f45b9,PaxExam-88241e7e-f6f2-487b-b817-e4e55e44010b,PaxExam-1f493c05-1140-4481-95b2-b16995564e8b,PaxExam-b240f8bf-ad88-44c0-9f79-e8b55c75704d, }, ManifestEntry{ key=PaxExam-fcc37caf-ac75-4dbb-9be3-5ce6b42f45b9, value=it.apice.sapere.space.TestLSAspace;testObserveExceptions }, ManifestEntry{ key=PaxExam-88241e7e-f6f2-487b-b817-e4e55e44010b, value=it.apice.sapere.space.TestLSAspace;testUpdateExceptions }, ManifestEntry{ key=PaxExam-1f493c05-1140-4481-95b2-b16995564e8b, value=it.apice.sapere.space.TestLSAspace;testRemoveExceptions }, ManifestEntry{ key=PaxExam-b240f8bf-ad88-44c0-9f79-e8b55c75704d, value=it.apice.sapere.space.TestLSAspace;testInjectExceptions }]
[org.ops4j.pax.exam.raw.extender.intern.Probe] : Test PaxExam-ea14c16b-9713-442c-9dc1-dcbad45e88d7 to be in PaxExam-ea14c16b-9713-442c-9dc1-dcbad45e88d7,PaxExam-a73a553a-9535-4ab5-ad8d-6a1b790e7eae,PaxExam-aece81ba-1d3b-4c16-953a-deda178d8487,PaxExam-fcc37caf-ac75-4dbb-9be3-5ce6b42f45b9,PaxExam-88241e7e-f6f2-487b-b817-e4e55e44010b,PaxExam-1f493c05-1140-4481-95b2-b16995564e8b,PaxExam-b240f8bf-ad88-44c0-9f79-e8b55c75704d,
[org.ops4j.pax.exam.raw.extender.intern.Probe] : Registering Service: org.ops4j.pax.exam.ProbeInvoker with Probe-Signature=&quot;PaxExam-ea14c16b-9713-442c-9dc1-dcbad45e88d7&quot; and expression=&quot;it.apice.sapere.space.TestLSAspace;testScenario&quot;
[org.ops4j.pax.exam.raw.extender.intern.Probe] : Test PaxExam-a73a553a-9535-4ab5-ad8d-6a1b790e7eae to be in PaxExam-ea14c16b-9713-442c-9dc1-dcbad45e88d7,PaxExam-a73a553a-9535-4ab5-ad8d-6a1b790e7eae,PaxExam-aece81ba-1d3b-4c16-953a-deda178d8487,PaxExam-fcc37caf-ac75-4dbb-9be3-5ce6b42f45b9,PaxExam-88241e7e-f6f2-487b-b817-e4e55e44010b,PaxExam-1f493c05-1140-4481-95b2-b16995564e8b,PaxExam-b240f8bf-ad88-44c0-9f79-e8b55c75704d,
[org.ops4j.pax.exam.raw.extender.intern.Probe] : Registering Service: org.ops4j.pax.exam.ProbeInvoker with Probe-Signature=&quot;PaxExam-a73a553a-9535-4ab5-ad8d-6a1b790e7eae&quot; and expression=&quot;it.apice.sapere.space.TestLSAspace;testIgnoreExceptions&quot;
[org.ops4j.pax.exam.raw.extender.intern.Probe] : Test PaxExam-aece81ba-1d3b-4c16-953a-deda178d8487 to be in PaxExam-ea14c16b-9713-442c-9dc1-dcbad45e88d7,PaxExam-a73a553a-9535-4ab5-ad8d-6a1b790e7eae,PaxExam-aece81ba-1d3b-4c16-953a-deda178d8487,PaxExam-fcc37caf-ac75-4dbb-9be3-5ce6b42f45b9,PaxExam-88241e7e-f6f2-487b-b817-e4e55e44010b,PaxExam-1f493c05-1140-4481-95b2-b16995564e8b,PaxExam-b240f8bf-ad88-44c0-9f79-e8b55c75704d,
[org.ops4j.pax.exam.raw.extender.intern.Probe] : Registering Service: org.ops4j.pax.exam.ProbeInvoker with Probe-Signature=&quot;PaxExam-aece81ba-1d3b-4c16-953a-deda178d8487&quot; and expression=&quot;it.apice.sapere.space.TestLSAspace;testReadExceptions&quot;
[org.ops4j.pax.exam.raw.extender.intern.Probe] : Test PaxExam-Executable to be in PaxExam-ea14c16b-9713-442c-9dc1-dcbad45e88d7,PaxExam-a73a553a-9535-4ab5-ad8d-6a1b790e7eae,PaxExam-aece81ba-1d3b-4c16-953a-deda178d8487,PaxExam-fcc37caf-ac75-4dbb-9be3-5ce6b42f45b9,PaxExam-88241e7e-f6f2-487b-b817-e4e55e44010b,PaxExam-1f493c05-1140-4481-95b2-b16995564e8b,PaxExam-b240f8bf-ad88-44c0-9f79-e8b55c75704d,
[org.ops4j.pax.exam.raw.extender.intern.Probe] : Test PaxExam-fcc37caf-ac75-4dbb-9be3-5ce6b42f45b9 to be in PaxExam-ea14c16b-9713-442c-9dc1-dcbad45e88d7,PaxExam-a73a553a-9535-4ab5-ad8d-6a1b790e7eae,PaxExam-aece81ba-1d3b-4c16-953a-deda178d8487,PaxExam-fcc37caf-ac75-4dbb-9be3-5ce6b42f45b9,PaxExam-88241e7e-f6f2-487b-b817-e4e55e44010b,PaxExam-1f493c05-1140-4481-95b2-b16995564e8b,PaxExam-b240f8bf-ad88-44c0-9f79-e8b55c75704d,
[org.ops4j.pax.exam.raw.extender.intern.Probe] : Registering Service: org.ops4j.pax.exam.ProbeInvoker with Probe-Signature=&quot;PaxExam-fcc37caf-ac75-4dbb-9be3-5ce6b42f45b9&quot; and expression=&quot;it.apice.sapere.space.TestLSAspace;testObserveExceptions&quot;
[org.ops4j.pax.exam.raw.extender.intern.Probe] : Test PaxExam-88241e7e-f6f2-487b-b817-e4e55e44010b to be in PaxExam-ea14c16b-9713-442c-9dc1-dcbad45e88d7,PaxExam-a73a553a-9535-4ab5-ad8d-6a1b790e7eae,PaxExam-aece81ba-1d3b-4c16-953a-deda178d8487,PaxExam-fcc37caf-ac75-4dbb-9be3-5ce6b42f45b9,PaxExam-88241e7e-f6f2-487b-b817-e4e55e44010b,PaxExam-1f493c05-1140-4481-95b2-b16995564e8b,PaxExam-b240f8bf-ad88-44c0-9f79-e8b55c75704d,
[org.ops4j.pax.exam.raw.extender.intern.Probe] : Registering Service: org.ops4j.pax.exam.ProbeInvoker with Probe-Signature=&quot;PaxExam-88241e7e-f6f2-487b-b817-e4e55e44010b&quot; and expression=&quot;it.apice.sapere.space.TestLSAspace;testUpdateExceptions&quot;
[org.ops4j.pax.exam.raw.extender.intern.Probe] : Test PaxExam-1f493c05-1140-4481-95b2-b16995564e8b to be in PaxExam-ea14c16b-9713-442c-9dc1-dcbad45e88d7,PaxExam-a73a553a-9535-4ab5-ad8d-6a1b790e7eae,PaxExam-aece81ba-1d3b-4c16-953a-deda178d8487,PaxExam-fcc37caf-ac75-4dbb-9be3-5ce6b42f45b9,PaxExam-88241e7e-f6f2-487b-b817-e4e55e44010b,PaxExam-1f493c05-1140-4481-95b2-b16995564e8b,PaxExam-b240f8bf-ad88-44c0-9f79-e8b55c75704d,
[org.ops4j.pax.exam.raw.extender.intern.Probe] : Registering Service: org.ops4j.pax.exam.ProbeInvoker with Probe-Signature=&quot;PaxExam-1f493c05-1140-4481-95b2-b16995564e8b&quot; and expression=&quot;it.apice.sapere.space.TestLSAspace;testRemoveExceptions&quot;
[org.ops4j.pax.exam.raw.extender.intern.Probe] : Test PaxExam-b240f8bf-ad88-44c0-9f79-e8b55c75704d to be in PaxExam-ea14c16b-9713-442c-9dc1-dcbad45e88d7,PaxExam-a73a553a-9535-4ab5-ad8d-6a1b790e7eae,PaxExam-aece81ba-1d3b-4c16-953a-deda178d8487,PaxExam-fcc37caf-ac75-4dbb-9be3-5ce6b42f45b9,PaxExam-88241e7e-f6f2-487b-b817-e4e55e44010b,PaxExam-1f493c05-1140-4481-95b2-b16995564e8b,PaxExam-b240f8bf-ad88-44c0-9f79-e8b55c75704d,
[org.ops4j.pax.exam.raw.extender.intern.Probe] : Registering Service: org.ops4j.pax.exam.ProbeInvoker with Probe-Signature=&quot;PaxExam-b240f8bf-ad88-44c0-9f79-e8b55c75704d&quot; and expression=&quot;it.apice.sapere.space.TestLSAspace;testInjectExceptions&quot;
[org.ops4j.pax.exam.invoker.junit.internal.ContainerTestRunner] : running testIgnoreExceptions in reactor
[org.ops4j.pax.swissbox.extender.BundleWatcher] : Releasing bundle [PAXEXAM-PROBE-509c256b-6b37-42e4-bf1b-08f98137100d]
[org.ops4j.pax.swissbox.extender.BundleWatcher] : Un-registering [ManifestEntry{ key=PaxExam-ea14c16b-9713-442c-9dc1-dcbad45e88d7, value=it.apice.sapere.space.TestLSAspace;testScenario }, ManifestEntry{ key=PaxExam-a73a553a-9535-4ab5-ad8d-6a1b790e7eae, value=it.apice.sapere.space.TestLSAspace;testIgnoreExceptions }, ManifestEntry{ key=PaxExam-aece81ba-1d3b-4c16-953a-deda178d8487, value=it.apice.sapere.space.TestLSAspace;testReadExceptions }, ManifestEntry{ key=PaxExam-Executable, value=PaxExam-ea14c16b-9713-442c-9dc1-dcbad45e88d7,PaxExam-a73a553a-9535-4ab5-ad8d-6a1b790e7eae,PaxExam-aece81ba-1d3b-4c16-953a-deda178d8487,PaxExam-fcc37caf-ac75-4dbb-9be3-5ce6b42f45b9,PaxExam-88241e7e-f6f2-487b-b817-e4e55e44010b,PaxExam-1f493c05-1140-4481-95b2-b16995564e8b,PaxExam-b240f8bf-ad88-44c0-9f79-e8b55c75704d, }, ManifestEntry{ key=PaxExam-fcc37caf-ac75-4dbb-9be3-5ce6b42f45b9, value=it.apice.sapere.space.TestLSAspace;testObserveExceptions }, ManifestEntry{ key=PaxExam-88241e7e-f6f2-487b-b817-e4e55e44010b, value=it.apice.sapere.space.TestLSAspace;testUpdateExceptions }, ManifestEntry{ key=PaxExam-1f493c05-1140-4481-95b2-b16995564e8b, value=it.apice.sapere.space.TestLSAspace;testRemoveExceptions }, ManifestEntry{ key=PaxExam-b240f8bf-ad88-44c0-9f79-e8b55c75704d, value=it.apice.sapere.space.TestLSAspace;testInjectExceptions }]
[org.ops4j.pax.exam.raw.extender.intern.TestBundleObserver] : Unregistered testcase [org.ops4j.pax.exam.raw.extender.intern.Probe@c77a748.]
[org.ops4j.pax.swissbox.extender.BundleWatcher] : Releasing bundle [org.ops4j.pax.exam.invoker.junit]
SemanticWebSAPERE [RDFModel]: Stopping..
rdf-model&gt; LSAParser UNREGISTERED.
rdf-model&gt; LSAFactory UNREGISTERED.
rdf-model&gt; EcolawFactory UNREGISTERED.
rdf-model&gt; FormulaFactory UNREGISTERED.
[org.ops4j.pax.swissbox.extender.BundleWatcher] : Releasing bundle [semanticwebsapere-rdfmodel]
[org.ops4j.pax.swissbox.extender.BundleWatcher] : Releasing bundle [semanticwebsapere-testplan]
[org.ops4j.pax.swissbox.extender.BundleWatcher] : Releasing bundle [semanticwebsapere-requirements]
[org.ops4j.pax.swissbox.extender.BundleWatcher] : Releasing bundle [semanticwebsapere-api]
[org.ops4j.pax.swissbox.extender.BundleWatcher] : Releasing bundle [org.apache.servicemix.bundles.junit]
[org.ops4j.pax.swissbox.extender.BundleWatcher] : Releasing bundle [org.apache.geronimo.specs.geronimo-atinject_1.0_spec]
[org.ops4j.pax.swissbox.extender.BundleWatcher] : Releasing bundle [org.ops4j.pax.swissbox.lifecycle]
[org.ops4j.pax.swissbox.extender.BundleWatcher] : Releasing bundle [org.ops4j.pax.swissbox.framework]
[org.ops4j.pax.swissbox.extender.BundleWatcher] : Releasing bundle [org.ops4j.pax.swissbox.extender]
[org.ops4j.pax.swissbox.extender.BundleWatcher] : Releasing bundle [org.ops4j.pax.swissbox.core]
[org.ops4j.pax.swissbox.extender.BundleWatcher] : Releasing bundle [org.ops4j.base]
[org.ops4j.pax.swissbox.extender.BundleWatcher] : Releasing bundle [osgi.cmpn]
[org.ops4j.pax.swissbox.extender.BundleWatcher] : Releasing bundle [org.ops4j.pax.exam]
[org.ops4j.pax.swissbox.extender.BundleWatcher] : Releasing bundle [org.ops4j.pax.exam.inject]
[org.ops4j.pax.swissbox.extender.BundleWatcher] : Releasing bundle [org.apache.felix.framework]
[org.ops4j.pax.swissbox.extender.BundleWatcher] : Releasing bundle [org.ops4j.pax.exam.extender.service]
</system-out>
    <system-err>java.lang.ClassCastException: org.ops4j.pax.exam.rbc.internal.Activator cannot be cast to org.osgi.framework.BundleActivator
	at org.apache.felix.framework.Felix.createBundleActivator(Felix.java:4177)
	at org.apache.felix.framework.Felix.activateBundle(Felix.java:1972)
	at org.apache.felix.framework.Felix.startBundle(Felix.java:1895)
	at org.apache.felix.framework.Felix.setActiveStartLevel(Felix.java:1191)
	at org.apache.felix.framework.FrameworkStartLevelImpl.run(FrameworkStartLevelImpl.java:295)
	at java.lang.Thread.run(Thread.java:680)
java.lang.ClassCastException: org.ops4j.pax.logging.internal.Activator cannot be cast to org.osgi.framework.BundleActivator
	at org.apache.felix.framework.Felix.createBundleActivator(Felix.java:4177)
	at org.apache.felix.framework.Felix.activateBundle(Felix.java:1972)
	at org.apache.felix.framework.Felix.startBundle(Felix.java:1895)
	at org.apache.felix.framework.Felix.setActiveStartLevel(Felix.java:1191)
	at org.apache.felix.framework.FrameworkStartLevelImpl.run(FrameworkStartLevelImpl.java:295)
	at java.lang.Thread.run(Thread.java:680)
SLF4J: Class path contains multiple SLF4J bindings.
SLF4J: Found binding in [bundle://14.0:1/org/slf4j/impl/StaticLoggerBinder.class]
SLF4J: Found binding in [bundle://14.0:13/org/slf4j/impl/StaticLoggerBinder.class]
SLF4J: Found binding in [bundle://14.0:24/org/slf4j/impl/StaticLoggerBinder.class]
SLF4J: See http://www.slf4j.org/codes.html#multiple_bindings for an explanation.
log4j:ERROR A &quot;org.apache.log4j.ConsoleAppender&quot; object is not assignable to a &quot;org.apache.log4j.Appender&quot; variable.
log4j:ERROR The class &quot;org.apache.log4j.Appender&quot; was loaded by 
log4j:ERROR [org.apache.felix.framework.BundleWiringImpl@73415727] whereas object of type 
log4j:ERROR &quot;org.apache.log4j.ConsoleAppender&quot; was loaded by [sun.misc.Launcher$AppClassLoader@53004901].
log4j:ERROR Could not instantiate appender named &quot;console&quot;.
java.lang.NoClassDefFoundError: org/w3c/dom/ElementTraversal
	at java.lang.ClassLoader.defineClass1(Native Method)
	at java.lang.ClassLoader.defineClassCond(ClassLoader.java:631)
	at java.lang.ClassLoader.defineClass(ClassLoader.java:615)
	at java.security.SecureClassLoader.defineClass(SecureClassLoader.java:141)
	at java.net.URLClassLoader.defineClass(URLClassLoader.java:283)
	at java.net.URLClassLoader.access$000(URLClassLoader.java:58)
	at java.net.URLClassLoader$1.run(URLClassLoader.java:197)
	at java.security.AccessController.doPrivileged(Native Method)
	at java.net.URLClassLoader.findClass(URLClassLoader.java:190)
	at java.lang.ClassLoader.loadClass(ClassLoader.java:306)
	at sun.misc.Launcher$AppClassLoader.loadClass(Launcher.java:301)
	at java.lang.ClassLoader.loadClass(ClassLoader.java:247)
	at org.apache.xerces.parsers.AbstractDOMParser.startDocument(Unknown Source)
	at org.apache.xerces.impl.dtd.XMLDTDValidator.startDocument(Unknown Source)
	at org.apache.xerces.impl.XMLDocumentScannerImpl.startEntity(Unknown Source)
	at org.apache.xerces.impl.XMLVersionDetector.startDocumentParsing(Unknown Source)
	at org.apache.xerces.parsers.XML11Configuration.parse(Unknown Source)
	at org.apache.xerces.parsers.XML11Configuration.parse(Unknown Source)
	at org.apache.xerces.parsers.XMLParser.parse(Unknown Source)
	at org.apache.xerces.parsers.DOMParser.parse(Unknown Source)
	at org.apache.xerces.jaxp.DocumentBuilderImpl.parse(Unknown Source)
	at java.util.XMLUtils.getLoadingDoc(XMLUtils.java:85)
	at java.util.XMLUtils.load(XMLUtils.java:57)
	at java.util.Properties.loadFromXML(Properties.java:852)
	at com.hp.hpl.jena.util.Metadata.read(Metadata.java:80)
	at com.hp.hpl.jena.util.Metadata.addMetadata(Metadata.java:54)
	at com.hp.hpl.jena.util.Metadata.&lt;init&gt;(Metadata.java:48)
	at com.hp.hpl.jena.JenaRuntime.&lt;clinit&gt;(JenaRuntime.java:37)
	at com.hp.hpl.jena.rdf.model.impl.RDFReaderFImpl.&lt;clinit&gt;(RDFReaderFImpl.java:74)
	at com.hp.hpl.jena.rdf.model.impl.ModelCom.&lt;clinit&gt;(ModelCom.java:54)
	at com.hp.hpl.jena.rdf.model.ModelFactory.createDefaultModel(ModelFactory.java:142)
	at com.hp.hpl.jena.rdf.model.ModelFactory.createDefaultModel(ModelFactory.java:136)
	at com.hp.hpl.jena.vocabulary.OWL.&lt;clinit&gt;(OWL.java:37)
	at com.hp.hpl.jena.ontology.ProfileRegistry.&lt;clinit&gt;(ProfileRegistry.java:47)
	at com.hp.hpl.jena.ontology.OntModelSpec.&lt;clinit&gt;(OntModelSpec.java:53)
	at it.apice.sapere.space.impl.LSAspaceImpl.initRDFGraphModel(LSAspaceImpl.java:64)
	at it.apice.sapere.api.space.core.impl.AbstractLSAspaceCoreImpl.&lt;init&gt;(AbstractLSAspaceCoreImpl.java:163)
	at it.apice.sapere.space.impl.LSAspaceImpl.&lt;init&gt;(LSAspaceImpl.java:35)
	at it.apice.sapere.space.internal.RDFSpaceActivator.registerLSAspace(RDFSpaceActivator.java:126)
	at it.apice.sapere.space.internal.RDFSpaceActivator.start(RDFSpaceActivator.java:55)
	at org.apache.felix.framework.util.SecureAction.startActivator(SecureAction.java:641)
	at org.apache.felix.framework.Felix.activateBundle(Felix.java:1977)
	at org.apache.felix.framework.Felix.startBundle(Felix.java:1895)
	at org.apache.felix.framework.Felix.setActiveStartLevel(Felix.java:1191)
	at org.apache.felix.framework.FrameworkStartLevelImpl.run(FrameworkStartLevelImpl.java:295)
	at java.lang.Thread.run(Thread.java:680)
Caused by: java.lang.ClassNotFoundException: org.w3c.dom.ElementTraversal
	at java.net.URLClassLoader$1.run(URLClassLoader.java:202)
	at java.security.AccessController.doPrivileged(Native Method)
	at java.net.URLClassLoader.findClass(URLClassLoader.java:190)
	at java.lang.ClassLoader.loadClass(ClassLoader.java:306)
	at sun.misc.Launcher$AppClassLoader.loadClass(Launcher.java:301)
	at java.lang.ClassLoader.loadClass(ClassLoader.java:247)
	... 46 more
</system-err>
  </testcase>
  <testcase time="12.46" classname="it.apice.sapere.space.TestLSAspace" name="testReadExceptions:TestLSAspace.testReadExceptions:NativeContainer:org.apache.felix.framework.FrameworkFactory@4fef3a22">
    <error message="gave up waiting for service it.apice.sapere.api.space.core.LSAspaceCore" type="org.ops4j.pax.swissbox.framework.ServiceLookupException">org.ops4j.pax.swissbox.framework.ServiceLookupException: gave up waiting for service it.apice.sapere.api.space.core.LSAspaceCore
	at org.ops4j.pax.swissbox.framework.ServiceLookup.getService(ServiceLookup.java:122)
	at org.ops4j.pax.swissbox.framework.ServiceLookup.getService(ServiceLookup.java:83)
	at org.ops4j.pax.exam.inject.internal.ServiceInjector.injectField(ServiceInjector.java:86)
	at org.ops4j.pax.exam.inject.internal.ServiceInjector.injectDeclaredFields(ServiceInjector.java:70)
	at org.ops4j.pax.exam.inject.internal.ServiceInjector.injectFields(ServiceInjector.java:59)
	at org.ops4j.pax.exam.invoker.junit.internal.ContainerTestRunner.createTest(ContainerTestRunner.java:62)
	at org.junit.runners.BlockJUnit4ClassRunner$1.runReflectiveCall(BlockJUnit4ClassRunner.java:227)
	at org.junit.internal.runners.model.ReflectiveCallable.run(ReflectiveCallable.java:15)
	at org.junit.runners.BlockJUnit4ClassRunner.methodBlock(BlockJUnit4ClassRunner.java:224)
	at org.junit.runners.BlockJUnit4ClassRunner.runChild(BlockJUnit4ClassRunner.java:69)
	at org.ops4j.pax.exam.invoker.junit.internal.ContainerTestRunner.runChild(ContainerTestRunner.java:70)
	at org.ops4j.pax.exam.invoker.junit.internal.ContainerTestRunner.runChild(ContainerTestRunner.java:37)
	at org.junit.runners.ParentRunner$3.run(ParentRunner.java:231)
	at org.junit.runners.ParentRunner$1.schedule(ParentRunner.java:60)
	at org.junit.runners.ParentRunner.runChildren(ParentRunner.java:229)
	at org.junit.runners.ParentRunner.access$000(ParentRunner.java:50)
	at org.junit.runners.ParentRunner$2.evaluate(ParentRunner.java:222)
	at org.junit.runners.ParentRunner.run(ParentRunner.java:292)
	at org.junit.runner.JUnitCore.run(JUnitCore.java:157)
	at org.junit.runner.JUnitCore.run(JUnitCore.java:136)
	at org.ops4j.pax.exam.invoker.junit.internal.JUnitProbeInvoker.invokeViaJUnit(JUnitProbeInvoker.java:124)
	at org.ops4j.pax.exam.invoker.junit.internal.JUnitProbeInvoker.findAndInvoke(JUnitProbeInvoker.java:94)
	at org.ops4j.pax.exam.invoker.junit.internal.JUnitProbeInvoker.call(JUnitProbeInvoker.java:77)
	at org.ops4j.pax.exam.nat.internal.NativeTestContainer.call(NativeTestContainer.java:95)
	at org.ops4j.pax.exam.spi.reactors.AllConfinedStagedReactor.invoke(AllConfinedStagedReactor.java:74)
	at org.ops4j.pax.exam.junit.JUnit4TestRunner$3.evaluate(JUnit4TestRunner.java:304)
	at org.junit.runners.BlockJUnit4ClassRunner.runNotIgnored(BlockJUnit4ClassRunner.java:79)
	at org.junit.runners.BlockJUnit4ClassRunner.runChild(BlockJUnit4ClassRunner.java:71)
	at org.junit.runners.BlockJUnit4ClassRunner.runChild(BlockJUnit4ClassRunner.java:49)
	at org.junit.runners.ParentRunner$3.run(ParentRunner.java:193)
	at org.junit.runners.ParentRunner$1.schedule(ParentRunner.java:52)
	at org.junit.runners.ParentRunner.runChildren(ParentRunner.java:191)
	at org.junit.runners.ParentRunner.access$000(ParentRunner.java:42)
	at org.junit.runners.ParentRunner$2.evaluate(ParentRunner.java:184)
	at org.junit.runners.ParentRunner.run(ParentRunner.java:236)
	at org.ops4j.pax.exam.junit.JUnit4TestRunner.run(JUnit4TestRunner.java:93)
	at org.apache.maven.surefire.junit4.JUnit4Provider.execute(JUnit4Provider.java:236)
	at org.apache.maven.surefire.junit4.JUnit4Provider.executeTestSet(JUnit4Provider.java:134)
	at org.apache.maven.surefire.junit4.JUnit4Provider.invoke(JUnit4Provider.java:113)
	at sun.reflect.NativeMethodAccessorImpl.invoke0(Native Method)
	at sun.reflect.NativeMethodAccessorImpl.invoke(NativeMethodAccessorImpl.java:39)
	at sun.reflect.DelegatingMethodAccessorImpl.invoke(DelegatingMethodAccessorImpl.java:25)
	at java.lang.reflect.Method.invoke(Method.java:597)
	at org.apache.maven.surefire.util.ReflectionUtils.invokeMethodWithArray(ReflectionUtils.java:189)
	at org.apache.maven.surefire.booter.ProviderFactory$ProviderProxy.invoke(ProviderFactory.java:165)
	at org.apache.maven.surefire.booter.ProviderFactory.invokeProvider(ProviderFactory.java:85)
	at org.apache.maven.surefire.booter.ForkedBooter.runSuitesInProcess(ForkedBooter.java:103)
	at org.apache.maven.surefire.booter.ForkedBooter.main(ForkedBooter.java:74)
</error>
    <system-out>ERROR: Bundle org.ops4j.pax.exam.rbc [2] Error starting link:classpath:META-INF/links/org.ops4j.pax.exam.rbc.link (org.osgi.framework.BundleException: Activator start error in bundle org.ops4j.pax.exam.rbc [2].)
[org.ops4j.pax.swissbox.extender.BundleWatcher] : Creating bundle watcher with scanner [org.ops4j.pax.swissbox.extender.BundleManifestScanner@59e61026]...
[org.ops4j.pax.swissbox.extender.BundleWatcher] : Scanning bundle [org.apache.felix.framework]
[org.ops4j.pax.swissbox.extender.BundleWatcher] : Scanning bundle [org.ops4j.pax.exam]
[org.ops4j.pax.swissbox.extender.BundleWatcher] : Scanning bundle [org.ops4j.pax.exam.inject]
[org.ops4j.pax.swissbox.extender.BundleWatcher] : Scanning bundle [org.ops4j.pax.exam.extender.service]
[org.ops4j.pax.swissbox.extender.BundleWatcher] : Scanning bundle [osgi.cmpn]
[org.ops4j.pax.swissbox.extender.BundleWatcher] : Releasing bundle [org.ops4j.pax.logging.pax-logging-api]
ERROR: Bundle org.ops4j.pax.logging.pax-logging-api [6] Error starting link:classpath:META-INF/links/org.ops4j.pax.logging.api.link (org.osgi.framework.BundleException: Activator start error in bundle org.ops4j.pax.logging.pax-logging-api [6].)
[org.ops4j.pax.swissbox.extender.BundleWatcher] : Scanning bundle [org.ops4j.base]
[org.ops4j.pax.swissbox.extender.BundleWatcher] : Scanning bundle [org.ops4j.pax.swissbox.core]
[org.ops4j.pax.swissbox.extender.BundleWatcher] : Scanning bundle [org.ops4j.pax.swissbox.extender]
[org.ops4j.pax.swissbox.extender.BundleWatcher] : Scanning bundle [org.ops4j.pax.swissbox.framework]
[org.ops4j.pax.swissbox.extender.BundleWatcher] : Scanning bundle [org.ops4j.pax.swissbox.lifecycle]
[org.ops4j.pax.swissbox.extender.BundleWatcher] : Scanning bundle [org.apache.geronimo.specs.geronimo-atinject_1.0_spec]
[org.ops4j.pax.swissbox.extender.BundleWatcher] : Scanning bundle [org.apache.servicemix.bundles.junit]
[org.ops4j.pax.swissbox.extender.BundleWatcher] : Scanning bundle [semanticwebsapere-api]
[org.ops4j.pax.swissbox.extender.BundleWatcher] : Scanning bundle [semanticwebsapere-requirements]
[org.ops4j.pax.swissbox.extender.BundleWatcher] : Scanning bundle [semanticwebsapere-testplan]
SemanticWebSAPERE [RDFModel]: Starting up..
rdf-model&gt; LSAFactory REGISTERED
rdf-model&gt; LSAParser REGISTERED
rdf-model&gt; EcolawFactory REGISTERED
rdf-model&gt; FormulaFactory REGISTERED
rdf-model&gt; Node URI = http://www.sapere-project.eu/ontologies/2012/0/sapere-model.owl#nodeF246D121-24C8-41BA-8397-7650CC5F6429
[org.ops4j.pax.swissbox.extender.BundleWatcher] : Scanning bundle [semanticwebsapere-rdfmodel]
rdf-space&gt; Starting up..
rdf-space&gt; LSA Factory ACQUIRED
rdf-space&gt; LSA Compiler REGISTERED.
rdf-space&gt; Eco-law Compiler REGISTERED.
rdf-space&gt; NO reasoner enabled
[org.ops4j.pax.swissbox.extender.BundleWatcher] : Releasing bundle [semanticwebsapere-rdfspace]
ERROR: Bundle semanticwebsapere-rdfspace [17] Error starting mvn:it.apice.sapere/semanticwebsapere-rdfspace (org.osgi.framework.BundleException: Activator start error in bundle semanticwebsapere-rdfspace [17].)
[org.ops4j.pax.swissbox.extender.BundleWatcher] : Scanning bundle [org.ops4j.pax.exam.invoker.junit]
[org.ops4j.pax.swissbox.extender.BundleWatcher] : Scanning bundle [PAXEXAM-PROBE-509c256b-6b37-42e4-bf1b-08f98137100d]
[org.ops4j.pax.swissbox.extender.BundleWatcher] : Found resources [ManifestEntry{ key=PaxExam-ea14c16b-9713-442c-9dc1-dcbad45e88d7, value=it.apice.sapere.space.TestLSAspace;testScenario }, ManifestEntry{ key=PaxExam-a73a553a-9535-4ab5-ad8d-6a1b790e7eae, value=it.apice.sapere.space.TestLSAspace;testIgnoreExceptions }, ManifestEntry{ key=PaxExam-aece81ba-1d3b-4c16-953a-deda178d8487, value=it.apice.sapere.space.TestLSAspace;testReadExceptions }, ManifestEntry{ key=PaxExam-Executable, value=PaxExam-ea14c16b-9713-442c-9dc1-dcbad45e88d7,PaxExam-a73a553a-9535-4ab5-ad8d-6a1b790e7eae,PaxExam-aece81ba-1d3b-4c16-953a-deda178d8487,PaxExam-fcc37caf-ac75-4dbb-9be3-5ce6b42f45b9,PaxExam-88241e7e-f6f2-487b-b817-e4e55e44010b,PaxExam-1f493c05-1140-4481-95b2-b16995564e8b,PaxExam-b240f8bf-ad88-44c0-9f79-e8b55c75704d, }, ManifestEntry{ key=PaxExam-fcc37caf-ac75-4dbb-9be3-5ce6b42f45b9, value=it.apice.sapere.space.TestLSAspace;testObserveExceptions }, ManifestEntry{ key=PaxExam-88241e7e-f6f2-487b-b817-e4e55e44010b, value=it.apice.sapere.space.TestLSAspace;testUpdateExceptions }, ManifestEntry{ key=PaxExam-1f493c05-1140-4481-95b2-b16995564e8b, value=it.apice.sapere.space.TestLSAspace;testRemoveExceptions }, ManifestEntry{ key=PaxExam-b240f8bf-ad88-44c0-9f79-e8b55c75704d, value=it.apice.sapere.space.TestLSAspace;testInjectExceptions }]
[org.ops4j.pax.exam.raw.extender.intern.Probe] : Test PaxExam-ea14c16b-9713-442c-9dc1-dcbad45e88d7 to be in PaxExam-ea14c16b-9713-442c-9dc1-dcbad45e88d7,PaxExam-a73a553a-9535-4ab5-ad8d-6a1b790e7eae,PaxExam-aece81ba-1d3b-4c16-953a-deda178d8487,PaxExam-fcc37caf-ac75-4dbb-9be3-5ce6b42f45b9,PaxExam-88241e7e-f6f2-487b-b817-e4e55e44010b,PaxExam-1f493c05-1140-4481-95b2-b16995564e8b,PaxExam-b240f8bf-ad88-44c0-9f79-e8b55c75704d,
[org.ops4j.pax.exam.raw.extender.intern.Probe] : Registering Service: org.ops4j.pax.exam.ProbeInvoker with Probe-Signature=&quot;PaxExam-ea14c16b-9713-442c-9dc1-dcbad45e88d7&quot; and expression=&quot;it.apice.sapere.space.TestLSAspace;testScenario&quot;
[org.ops4j.pax.exam.raw.extender.intern.Probe] : Test PaxExam-a73a553a-9535-4ab5-ad8d-6a1b790e7eae to be in PaxExam-ea14c16b-9713-442c-9dc1-dcbad45e88d7,PaxExam-a73a553a-9535-4ab5-ad8d-6a1b790e7eae,PaxExam-aece81ba-1d3b-4c16-953a-deda178d8487,PaxExam-fcc37caf-ac75-4dbb-9be3-5ce6b42f45b9,PaxExam-88241e7e-f6f2-487b-b817-e4e55e44010b,PaxExam-1f493c05-1140-4481-95b2-b16995564e8b,PaxExam-b240f8bf-ad88-44c0-9f79-e8b55c75704d,
[org.ops4j.pax.exam.raw.extender.intern.Probe] : Registering Service: org.ops4j.pax.exam.ProbeInvoker with Probe-Signature=&quot;PaxExam-a73a553a-9535-4ab5-ad8d-6a1b790e7eae&quot; and expression=&quot;it.apice.sapere.space.TestLSAspace;testIgnoreExceptions&quot;
[org.ops4j.pax.exam.raw.extender.intern.Probe] : Test PaxExam-aece81ba-1d3b-4c16-953a-deda178d8487 to be in PaxExam-ea14c16b-9713-442c-9dc1-dcbad45e88d7,PaxExam-a73a553a-9535-4ab5-ad8d-6a1b790e7eae,PaxExam-aece81ba-1d3b-4c16-953a-deda178d8487,PaxExam-fcc37caf-ac75-4dbb-9be3-5ce6b42f45b9,PaxExam-88241e7e-f6f2-487b-b817-e4e55e44010b,PaxExam-1f493c05-1140-4481-95b2-b16995564e8b,PaxExam-b240f8bf-ad88-44c0-9f79-e8b55c75704d,
[org.ops4j.pax.exam.raw.extender.intern.Probe] : Registering Service: org.ops4j.pax.exam.ProbeInvoker with Probe-Signature=&quot;PaxExam-aece81ba-1d3b-4c16-953a-deda178d8487&quot; and expression=&quot;it.apice.sapere.space.TestLSAspace;testReadExceptions&quot;
[org.ops4j.pax.exam.raw.extender.intern.Probe] : Test PaxExam-Executable to be in PaxExam-ea14c16b-9713-442c-9dc1-dcbad45e88d7,PaxExam-a73a553a-9535-4ab5-ad8d-6a1b790e7eae,PaxExam-aece81ba-1d3b-4c16-953a-deda178d8487,PaxExam-fcc37caf-ac75-4dbb-9be3-5ce6b42f45b9,PaxExam-88241e7e-f6f2-487b-b817-e4e55e44010b,PaxExam-1f493c05-1140-4481-95b2-b16995564e8b,PaxExam-b240f8bf-ad88-44c0-9f79-e8b55c75704d,
[org.ops4j.pax.exam.raw.extender.intern.Probe] : Test PaxExam-fcc37caf-ac75-4dbb-9be3-5ce6b42f45b9 to be in PaxExam-ea14c16b-9713-442c-9dc1-dcbad45e88d7,PaxExam-a73a553a-9535-4ab5-ad8d-6a1b790e7eae,PaxExam-aece81ba-1d3b-4c16-953a-deda178d8487,PaxExam-fcc37caf-ac75-4dbb-9be3-5ce6b42f45b9,PaxExam-88241e7e-f6f2-487b-b817-e4e55e44010b,PaxExam-1f493c05-1140-4481-95b2-b16995564e8b,PaxExam-b240f8bf-ad88-44c0-9f79-e8b55c75704d,
[org.ops4j.pax.exam.raw.extender.intern.Probe] : Registering Service: org.ops4j.pax.exam.ProbeInvoker with Probe-Signature=&quot;PaxExam-fcc37caf-ac75-4dbb-9be3-5ce6b42f45b9&quot; and expression=&quot;it.apice.sapere.space.TestLSAspace;testObserveExceptions&quot;
[org.ops4j.pax.exam.raw.extender.intern.Probe] : Test PaxExam-88241e7e-f6f2-487b-b817-e4e55e44010b to be in PaxExam-ea14c16b-9713-442c-9dc1-dcbad45e88d7,PaxExam-a73a553a-9535-4ab5-ad8d-6a1b790e7eae,PaxExam-aece81ba-1d3b-4c16-953a-deda178d8487,PaxExam-fcc37caf-ac75-4dbb-9be3-5ce6b42f45b9,PaxExam-88241e7e-f6f2-487b-b817-e4e55e44010b,PaxExam-1f493c05-1140-4481-95b2-b16995564e8b,PaxExam-b240f8bf-ad88-44c0-9f79-e8b55c75704d,
[org.ops4j.pax.exam.raw.extender.intern.Probe] : Registering Service: org.ops4j.pax.exam.ProbeInvoker with Probe-Signature=&quot;PaxExam-88241e7e-f6f2-487b-b817-e4e55e44010b&quot; and expression=&quot;it.apice.sapere.space.TestLSAspace;testUpdateExceptions&quot;
[org.ops4j.pax.exam.raw.extender.intern.Probe] : Test PaxExam-1f493c05-1140-4481-95b2-b16995564e8b to be in PaxExam-ea14c16b-9713-442c-9dc1-dcbad45e88d7,PaxExam-a73a553a-9535-4ab5-ad8d-6a1b790e7eae,PaxExam-aece81ba-1d3b-4c16-953a-deda178d8487,PaxExam-fcc37caf-ac75-4dbb-9be3-5ce6b42f45b9,PaxExam-88241e7e-f6f2-487b-b817-e4e55e44010b,PaxExam-1f493c05-1140-4481-95b2-b16995564e8b,PaxExam-b240f8bf-ad88-44c0-9f79-e8b55c75704d,
[org.ops4j.pax.exam.raw.extender.intern.Probe] : Registering Service: org.ops4j.pax.exam.ProbeInvoker with Probe-Signature=&quot;PaxExam-1f493c05-1140-4481-95b2-b16995564e8b&quot; and expression=&quot;it.apice.sapere.space.TestLSAspace;testRemoveExceptions&quot;
[org.ops4j.pax.exam.raw.extender.intern.Probe] : Test PaxExam-b240f8bf-ad88-44c0-9f79-e8b55c75704d to be in PaxExam-ea14c16b-9713-442c-9dc1-dcbad45e88d7,PaxExam-a73a553a-9535-4ab5-ad8d-6a1b790e7eae,PaxExam-aece81ba-1d3b-4c16-953a-deda178d8487,PaxExam-fcc37caf-ac75-4dbb-9be3-5ce6b42f45b9,PaxExam-88241e7e-f6f2-487b-b817-e4e55e44010b,PaxExam-1f493c05-1140-4481-95b2-b16995564e8b,PaxExam-b240f8bf-ad88-44c0-9f79-e8b55c75704d,
[org.ops4j.pax.exam.raw.extender.intern.Probe] : Registering Service: org.ops4j.pax.exam.ProbeInvoker with Probe-Signature=&quot;PaxExam-b240f8bf-ad88-44c0-9f79-e8b55c75704d&quot; and expression=&quot;it.apice.sapere.space.TestLSAspace;testInjectExceptions&quot;
[org.ops4j.pax.exam.invoker.junit.internal.ContainerTestRunner] : running testReadExceptions in reactor
[org.ops4j.pax.swissbox.extender.BundleWatcher] : Releasing bundle [PAXEXAM-PROBE-509c256b-6b37-42e4-bf1b-08f98137100d]
[org.ops4j.pax.swissbox.extender.BundleWatcher] : Un-registering [ManifestEntry{ key=PaxExam-ea14c16b-9713-442c-9dc1-dcbad45e88d7, value=it.apice.sapere.space.TestLSAspace;testScenario }, ManifestEntry{ key=PaxExam-a73a553a-9535-4ab5-ad8d-6a1b790e7eae, value=it.apice.sapere.space.TestLSAspace;testIgnoreExceptions }, ManifestEntry{ key=PaxExam-aece81ba-1d3b-4c16-953a-deda178d8487, value=it.apice.sapere.space.TestLSAspace;testReadExceptions }, ManifestEntry{ key=PaxExam-Executable, value=PaxExam-ea14c16b-9713-442c-9dc1-dcbad45e88d7,PaxExam-a73a553a-9535-4ab5-ad8d-6a1b790e7eae,PaxExam-aece81ba-1d3b-4c16-953a-deda178d8487,PaxExam-fcc37caf-ac75-4dbb-9be3-5ce6b42f45b9,PaxExam-88241e7e-f6f2-487b-b817-e4e55e44010b,PaxExam-1f493c05-1140-4481-95b2-b16995564e8b,PaxExam-b240f8bf-ad88-44c0-9f79-e8b55c75704d, }, ManifestEntry{ key=PaxExam-fcc37caf-ac75-4dbb-9be3-5ce6b42f45b9, value=it.apice.sapere.space.TestLSAspace;testObserveExceptions }, ManifestEntry{ key=PaxExam-88241e7e-f6f2-487b-b817-e4e55e44010b, value=it.apice.sapere.space.TestLSAspace;testUpdateExceptions }, ManifestEntry{ key=PaxExam-1f493c05-1140-4481-95b2-b16995564e8b, value=it.apice.sapere.space.TestLSAspace;testRemoveExceptions }, ManifestEntry{ key=PaxExam-b240f8bf-ad88-44c0-9f79-e8b55c75704d, value=it.apice.sapere.space.TestLSAspace;testInjectExceptions }]
[org.ops4j.pax.exam.raw.extender.intern.TestBundleObserver] : Unregistered testcase [org.ops4j.pax.exam.raw.extender.intern.Probe@17c1e333.]
[org.ops4j.pax.swissbox.extender.BundleWatcher] : Releasing bundle [org.ops4j.pax.exam.invoker.junit]
SemanticWebSAPERE [RDFModel]: Stopping..
rdf-model&gt; LSAParser UNREGISTERED.
rdf-model&gt; LSAFactory UNREGISTERED.
rdf-model&gt; EcolawFactory UNREGISTERED.
rdf-model&gt; FormulaFactory UNREGISTERED.
[org.ops4j.pax.swissbox.extender.BundleWatcher] : Releasing bundle [semanticwebsapere-rdfmodel]
[org.ops4j.pax.swissbox.extender.BundleWatcher] : Releasing bundle [semanticwebsapere-testplan]
[org.ops4j.pax.swissbox.extender.BundleWatcher] : Releasing bundle [semanticwebsapere-requirements]
[org.ops4j.pax.swissbox.extender.BundleWatcher] : Releasing bundle [semanticwebsapere-api]
[org.ops4j.pax.swissbox.extender.BundleWatcher] : Releasing bundle [org.apache.servicemix.bundles.junit]
[org.ops4j.pax.swissbox.extender.BundleWatcher] : Releasing bundle [org.apache.geronimo.specs.geronimo-atinject_1.0_spec]
[org.ops4j.pax.swissbox.extender.BundleWatcher] : Releasing bundle [org.ops4j.pax.swissbox.lifecycle]
[org.ops4j.pax.swissbox.extender.BundleWatcher] : Releasing bundle [org.ops4j.pax.swissbox.framework]
[org.ops4j.pax.swissbox.extender.BundleWatcher] : Releasing bundle [org.ops4j.pax.swissbox.extender]
[org.ops4j.pax.swissbox.extender.BundleWatcher] : Releasing bundle [org.ops4j.pax.swissbox.core]
[org.ops4j.pax.swissbox.extender.BundleWatcher] : Releasing bundle [org.ops4j.base]
[org.ops4j.pax.swissbox.extender.BundleWatcher] : Releasing bundle [osgi.cmpn]
[org.ops4j.pax.swissbox.extender.BundleWatcher] : Releasing bundle [org.ops4j.pax.exam.extender.service]
[org.ops4j.pax.swissbox.extender.BundleWatcher] : Releasing bundle [org.apache.felix.framework]
[org.ops4j.pax.swissbox.extender.BundleWatcher] : Releasing bundle [org.ops4j.pax.exam.inject]
[org.ops4j.pax.swissbox.extender.BundleWatcher] : Releasing bundle [org.ops4j.pax.exam]
</system-out>
    <system-err>java.lang.ClassCastException: org.ops4j.pax.exam.rbc.internal.Activator cannot be cast to org.osgi.framework.BundleActivator
	at org.apache.felix.framework.Felix.createBundleActivator(Felix.java:4177)
	at org.apache.felix.framework.Felix.activateBundle(Felix.java:1972)
	at org.apache.felix.framework.Felix.startBundle(Felix.java:1895)
	at org.apache.felix.framework.Felix.setActiveStartLevel(Felix.java:1191)
	at org.apache.felix.framework.FrameworkStartLevelImpl.run(FrameworkStartLevelImpl.java:295)
	at java.lang.Thread.run(Thread.java:680)
java.lang.ClassCastException: org.ops4j.pax.logging.internal.Activator cannot be cast to org.osgi.framework.BundleActivator
	at org.apache.felix.framework.Felix.createBundleActivator(Felix.java:4177)
	at org.apache.felix.framework.Felix.activateBundle(Felix.java:1972)
	at org.apache.felix.framework.Felix.startBundle(Felix.java:1895)
	at org.apache.felix.framework.Felix.setActiveStartLevel(Felix.java:1191)
	at org.apache.felix.framework.FrameworkStartLevelImpl.run(FrameworkStartLevelImpl.java:295)
	at java.lang.Thread.run(Thread.java:680)
SLF4J: Class path contains multiple SLF4J bindings.
SLF4J: Found binding in [bundle://14.0:1/org/slf4j/impl/StaticLoggerBinder.class]
SLF4J: Found binding in [bundle://14.0:13/org/slf4j/impl/StaticLoggerBinder.class]
SLF4J: Found binding in [bundle://14.0:24/org/slf4j/impl/StaticLoggerBinder.class]
SLF4J: See http://www.slf4j.org/codes.html#multiple_bindings for an explanation.
log4j:ERROR A &quot;org.apache.log4j.ConsoleAppender&quot; object is not assignable to a &quot;org.apache.log4j.Appender&quot; variable.
log4j:ERROR The class &quot;org.apache.log4j.Appender&quot; was loaded by 
log4j:ERROR [org.apache.felix.framework.BundleWiringImpl@411a59ce] whereas object of type 
log4j:ERROR &quot;org.apache.log4j.ConsoleAppender&quot; was loaded by [sun.misc.Launcher$AppClassLoader@53004901].
log4j:ERROR Could not instantiate appender named &quot;console&quot;.
java.lang.NoClassDefFoundError: org/w3c/dom/ElementTraversal
	at java.lang.ClassLoader.defineClass1(Native Method)
	at java.lang.ClassLoader.defineClassCond(ClassLoader.java:631)
	at java.lang.ClassLoader.defineClass(ClassLoader.java:615)
	at java.security.SecureClassLoader.defineClass(SecureClassLoader.java:141)
	at java.net.URLClassLoader.defineClass(URLClassLoader.java:283)
	at java.net.URLClassLoader.access$000(URLClassLoader.java:58)
	at java.net.URLClassLoader$1.run(URLClassLoader.java:197)
	at java.security.AccessController.doPrivileged(Native Method)
	at java.net.URLClassLoader.findClass(URLClassLoader.java:190)
	at java.lang.ClassLoader.loadClass(ClassLoader.java:306)
	at sun.misc.Launcher$AppClassLoader.loadClass(Launcher.java:301)
	at java.lang.ClassLoader.loadClass(ClassLoader.java:247)
	at org.apache.xerces.parsers.AbstractDOMParser.startDocument(Unknown Source)
	at org.apache.xerces.impl.dtd.XMLDTDValidator.startDocument(Unknown Source)
	at org.apache.xerces.impl.XMLDocumentScannerImpl.startEntity(Unknown Source)
	at org.apache.xerces.impl.XMLVersionDetector.startDocumentParsing(Unknown Source)
	at org.apache.xerces.parsers.XML11Configuration.parse(Unknown Source)
	at org.apache.xerces.parsers.XML11Configuration.parse(Unknown Source)
	at org.apache.xerces.parsers.XMLParser.parse(Unknown Source)
	at org.apache.xerces.parsers.DOMParser.parse(Unknown Source)
	at org.apache.xerces.jaxp.DocumentBuilderImpl.parse(Unknown Source)
	at java.util.XMLUtils.getLoadingDoc(XMLUtils.java:85)
	at java.util.XMLUtils.load(XMLUtils.java:57)
	at java.util.Properties.loadFromXML(Properties.java:852)
	at com.hp.hpl.jena.util.Metadata.read(Metadata.java:80)
	at com.hp.hpl.jena.util.Metadata.addMetadata(Metadata.java:54)
	at com.hp.hpl.jena.util.Metadata.&lt;init&gt;(Metadata.java:48)
	at com.hp.hpl.jena.JenaRuntime.&lt;clinit&gt;(JenaRuntime.java:37)
	at com.hp.hpl.jena.rdf.model.impl.RDFReaderFImpl.&lt;clinit&gt;(RDFReaderFImpl.java:74)
	at com.hp.hpl.jena.rdf.model.impl.ModelCom.&lt;clinit&gt;(ModelCom.java:54)
	at com.hp.hpl.jena.rdf.model.ModelFactory.createDefaultModel(ModelFactory.java:142)
	at com.hp.hpl.jena.rdf.model.ModelFactory.createDefaultModel(ModelFactory.java:136)
	at com.hp.hpl.jena.vocabulary.OWL.&lt;clinit&gt;(OWL.java:37)
	at com.hp.hpl.jena.ontology.ProfileRegistry.&lt;clinit&gt;(ProfileRegistry.java:47)
	at com.hp.hpl.jena.ontology.OntModelSpec.&lt;clinit&gt;(OntModelSpec.java:53)
	at it.apice.sapere.space.impl.LSAspaceImpl.initRDFGraphModel(LSAspaceImpl.java:64)
	at it.apice.sapere.api.space.core.impl.AbstractLSAspaceCoreImpl.&lt;init&gt;(AbstractLSAspaceCoreImpl.java:163)
	at it.apice.sapere.space.impl.LSAspaceImpl.&lt;init&gt;(LSAspaceImpl.java:35)
	at it.apice.sapere.space.internal.RDFSpaceActivator.registerLSAspace(RDFSpaceActivator.java:126)
	at it.apice.sapere.space.internal.RDFSpaceActivator.start(RDFSpaceActivator.java:55)
	at org.apache.felix.framework.util.SecureAction.startActivator(SecureAction.java:641)
	at org.apache.felix.framework.Felix.activateBundle(Felix.java:1977)
	at org.apache.felix.framework.Felix.startBundle(Felix.java:1895)
	at org.apache.felix.framework.Felix.setActiveStartLevel(Felix.java:1191)
	at org.apache.felix.framework.FrameworkStartLevelImpl.run(FrameworkStartLevelImpl.java:295)
	at java.lang.Thread.run(Thread.java:680)
Caused by: java.lang.ClassNotFoundException: org.w3c.dom.ElementTraversal
	at java.net.URLClassLoader$1.run(URLClassLoader.java:202)
	at java.security.AccessController.doPrivileged(Native Method)
	at java.net.URLClassLoader.findClass(URLClassLoader.java:190)
	at java.lang.ClassLoader.loadClass(ClassLoader.java:306)
	at sun.misc.Launcher$AppClassLoader.loadClass(Launcher.java:301)
	at java.lang.ClassLoader.loadClass(ClassLoader.java:247)
	... 46 more
</system-err>
  </testcase>
  <testcase time="12.757" classname="it.apice.sapere.space.TestLSAspace" name="testObserveExceptions:TestLSAspace.testObserveExceptions:NativeContainer:org.apache.felix.framework.FrameworkFactory@4fef3a22">
    <error message="gave up waiting for service it.apice.sapere.api.space.core.LSAspaceCore" type="org.ops4j.pax.swissbox.framework.ServiceLookupException">org.ops4j.pax.swissbox.framework.ServiceLookupException: gave up waiting for service it.apice.sapere.api.space.core.LSAspaceCore
	at org.ops4j.pax.swissbox.framework.ServiceLookup.getService(ServiceLookup.java:122)
	at org.ops4j.pax.swissbox.framework.ServiceLookup.getService(ServiceLookup.java:83)
	at org.ops4j.pax.exam.inject.internal.ServiceInjector.injectField(ServiceInjector.java:86)
	at org.ops4j.pax.exam.inject.internal.ServiceInjector.injectDeclaredFields(ServiceInjector.java:70)
	at org.ops4j.pax.exam.inject.internal.ServiceInjector.injectFields(ServiceInjector.java:59)
	at org.ops4j.pax.exam.invoker.junit.internal.ContainerTestRunner.createTest(ContainerTestRunner.java:62)
	at org.junit.runners.BlockJUnit4ClassRunner$1.runReflectiveCall(BlockJUnit4ClassRunner.java:227)
	at org.junit.internal.runners.model.ReflectiveCallable.run(ReflectiveCallable.java:15)
	at org.junit.runners.BlockJUnit4ClassRunner.methodBlock(BlockJUnit4ClassRunner.java:224)
	at org.junit.runners.BlockJUnit4ClassRunner.runChild(BlockJUnit4ClassRunner.java:69)
	at org.ops4j.pax.exam.invoker.junit.internal.ContainerTestRunner.runChild(ContainerTestRunner.java:70)
	at org.ops4j.pax.exam.invoker.junit.internal.ContainerTestRunner.runChild(ContainerTestRunner.java:37)
	at org.junit.runners.ParentRunner$3.run(ParentRunner.java:231)
	at org.junit.runners.ParentRunner$1.schedule(ParentRunner.java:60)
	at org.junit.runners.ParentRunner.runChildren(ParentRunner.java:229)
	at org.junit.runners.ParentRunner.access$000(ParentRunner.java:50)
	at org.junit.runners.ParentRunner$2.evaluate(ParentRunner.java:222)
	at org.junit.runners.ParentRunner.run(ParentRunner.java:292)
	at org.junit.runner.JUnitCore.run(JUnitCore.java:157)
	at org.junit.runner.JUnitCore.run(JUnitCore.java:136)
	at org.ops4j.pax.exam.invoker.junit.internal.JUnitProbeInvoker.invokeViaJUnit(JUnitProbeInvoker.java:124)
	at org.ops4j.pax.exam.invoker.junit.internal.JUnitProbeInvoker.findAndInvoke(JUnitProbeInvoker.java:94)
	at org.ops4j.pax.exam.invoker.junit.internal.JUnitProbeInvoker.call(JUnitProbeInvoker.java:77)
	at org.ops4j.pax.exam.nat.internal.NativeTestContainer.call(NativeTestContainer.java:95)
	at org.ops4j.pax.exam.spi.reactors.AllConfinedStagedReactor.invoke(AllConfinedStagedReactor.java:74)
	at org.ops4j.pax.exam.junit.JUnit4TestRunner$3.evaluate(JUnit4TestRunner.java:304)
	at org.junit.runners.BlockJUnit4ClassRunner.runNotIgnored(BlockJUnit4ClassRunner.java:79)
	at org.junit.runners.BlockJUnit4ClassRunner.runChild(BlockJUnit4ClassRunner.java:71)
	at org.junit.runners.BlockJUnit4ClassRunner.runChild(BlockJUnit4ClassRunner.java:49)
	at org.junit.runners.ParentRunner$3.run(ParentRunner.java:193)
	at org.junit.runners.ParentRunner$1.schedule(ParentRunner.java:52)
	at org.junit.runners.ParentRunner.runChildren(ParentRunner.java:191)
	at org.junit.runners.ParentRunner.access$000(ParentRunner.java:42)
	at org.junit.runners.ParentRunner$2.evaluate(ParentRunner.java:184)
	at org.junit.runners.ParentRunner.run(ParentRunner.java:236)
	at org.ops4j.pax.exam.junit.JUnit4TestRunner.run(JUnit4TestRunner.java:93)
	at org.apache.maven.surefire.junit4.JUnit4Provider.execute(JUnit4Provider.java:236)
	at org.apache.maven.surefire.junit4.JUnit4Provider.executeTestSet(JUnit4Provider.java:134)
	at org.apache.maven.surefire.junit4.JUnit4Provider.invoke(JUnit4Provider.java:113)
	at sun.reflect.NativeMethodAccessorImpl.invoke0(Native Method)
	at sun.reflect.NativeMethodAccessorImpl.invoke(NativeMethodAccessorImpl.java:39)
	at sun.reflect.DelegatingMethodAccessorImpl.invoke(DelegatingMethodAccessorImpl.java:25)
	at java.lang.reflect.Method.invoke(Method.java:597)
	at org.apache.maven.surefire.util.ReflectionUtils.invokeMethodWithArray(ReflectionUtils.java:189)
	at org.apache.maven.surefire.booter.ProviderFactory$ProviderProxy.invoke(ProviderFactory.java:165)
	at org.apache.maven.surefire.booter.ProviderFactory.invokeProvider(ProviderFactory.java:85)
	at org.apache.maven.surefire.booter.ForkedBooter.runSuitesInProcess(ForkedBooter.java:103)
	at org.apache.maven.surefire.booter.ForkedBooter.main(ForkedBooter.java:74)
</error>
    <system-out>ERROR: Bundle org.ops4j.pax.exam.rbc [2] Error starting link:classpath:META-INF/links/org.ops4j.pax.exam.rbc.link (org.osgi.framework.BundleException: Activator start error in bundle org.ops4j.pax.exam.rbc [2].)
[org.ops4j.pax.swissbox.extender.BundleWatcher] : Creating bundle watcher with scanner [org.ops4j.pax.swissbox.extender.BundleManifestScanner@654d8a08]...
[org.ops4j.pax.swissbox.extender.BundleWatcher] : Scanning bundle [org.apache.felix.framework]
[org.ops4j.pax.swissbox.extender.BundleWatcher] : Scanning bundle [org.ops4j.pax.exam]
[org.ops4j.pax.swissbox.extender.BundleWatcher] : Scanning bundle [org.ops4j.pax.exam.inject]
[org.ops4j.pax.swissbox.extender.BundleWatcher] : Scanning bundle [org.ops4j.pax.exam.extender.service]
[org.ops4j.pax.swissbox.extender.BundleWatcher] : Scanning bundle [osgi.cmpn]
[org.ops4j.pax.swissbox.extender.BundleWatcher] : Releasing bundle [org.ops4j.pax.logging.pax-logging-api]
ERROR: Bundle org.ops4j.pax.logging.pax-logging-api [6] Error starting link:classpath:META-INF/links/org.ops4j.pax.logging.api.link (org.osgi.framework.BundleException: Activator start error in bundle org.ops4j.pax.logging.pax-logging-api [6].)
[org.ops4j.pax.swissbox.extender.BundleWatcher] : Scanning bundle [org.ops4j.base]
[org.ops4j.pax.swissbox.extender.BundleWatcher] : Scanning bundle [org.ops4j.pax.swissbox.core]
[org.ops4j.pax.swissbox.extender.BundleWatcher] : Scanning bundle [org.ops4j.pax.swissbox.extender]
[org.ops4j.pax.swissbox.extender.BundleWatcher] : Scanning bundle [org.ops4j.pax.swissbox.framework]
[org.ops4j.pax.swissbox.extender.BundleWatcher] : Scanning bundle [org.ops4j.pax.swissbox.lifecycle]
[org.ops4j.pax.swissbox.extender.BundleWatcher] : Scanning bundle [org.apache.geronimo.specs.geronimo-atinject_1.0_spec]
[org.ops4j.pax.swissbox.extender.BundleWatcher] : Scanning bundle [org.apache.servicemix.bundles.junit]
[org.ops4j.pax.swissbox.extender.BundleWatcher] : Scanning bundle [semanticwebsapere-api]
[org.ops4j.pax.swissbox.extender.BundleWatcher] : Scanning bundle [semanticwebsapere-requirements]
[org.ops4j.pax.swissbox.extender.BundleWatcher] : Scanning bundle [semanticwebsapere-testplan]
SemanticWebSAPERE [RDFModel]: Starting up..
rdf-model&gt; LSAFactory REGISTERED
rdf-model&gt; LSAParser REGISTERED
rdf-model&gt; EcolawFactory REGISTERED
rdf-model&gt; FormulaFactory REGISTERED
rdf-model&gt; Node URI = http://www.sapere-project.eu/ontologies/2012/0/sapere-model.owl#nodeB1FFBFE0-FBAE-4B35-9A04-3D007777C932
[org.ops4j.pax.swissbox.extender.BundleWatcher] : Scanning bundle [semanticwebsapere-rdfmodel]
rdf-space&gt; Starting up..
rdf-space&gt; LSA Factory ACQUIRED
rdf-space&gt; LSA Compiler REGISTERED.
rdf-space&gt; Eco-law Compiler REGISTERED.
rdf-space&gt; NO reasoner enabled
[org.ops4j.pax.swissbox.extender.BundleWatcher] : Releasing bundle [semanticwebsapere-rdfspace]
ERROR: Bundle semanticwebsapere-rdfspace [17] Error starting mvn:it.apice.sapere/semanticwebsapere-rdfspace (org.osgi.framework.BundleException: Activator start error in bundle semanticwebsapere-rdfspace [17].)
[org.ops4j.pax.swissbox.extender.BundleWatcher] : Scanning bundle [org.ops4j.pax.exam.invoker.junit]
[org.ops4j.pax.swissbox.extender.BundleWatcher] : Scanning bundle [PAXEXAM-PROBE-509c256b-6b37-42e4-bf1b-08f98137100d]
[org.ops4j.pax.swissbox.extender.BundleWatcher] : Found resources [ManifestEntry{ key=PaxExam-ea14c16b-9713-442c-9dc1-dcbad45e88d7, value=it.apice.sapere.space.TestLSAspace;testScenario }, ManifestEntry{ key=PaxExam-a73a553a-9535-4ab5-ad8d-6a1b790e7eae, value=it.apice.sapere.space.TestLSAspace;testIgnoreExceptions }, ManifestEntry{ key=PaxExam-aece81ba-1d3b-4c16-953a-deda178d8487, value=it.apice.sapere.space.TestLSAspace;testReadExceptions }, ManifestEntry{ key=PaxExam-Executable, value=PaxExam-ea14c16b-9713-442c-9dc1-dcbad45e88d7,PaxExam-a73a553a-9535-4ab5-ad8d-6a1b790e7eae,PaxExam-aece81ba-1d3b-4c16-953a-deda178d8487,PaxExam-fcc37caf-ac75-4dbb-9be3-5ce6b42f45b9,PaxExam-88241e7e-f6f2-487b-b817-e4e55e44010b,PaxExam-1f493c05-1140-4481-95b2-b16995564e8b,PaxExam-b240f8bf-ad88-44c0-9f79-e8b55c75704d, }, ManifestEntry{ key=PaxExam-fcc37caf-ac75-4dbb-9be3-5ce6b42f45b9, value=it.apice.sapere.space.TestLSAspace;testObserveExceptions }, ManifestEntry{ key=PaxExam-88241e7e-f6f2-487b-b817-e4e55e44010b, value=it.apice.sapere.space.TestLSAspace;testUpdateExceptions }, ManifestEntry{ key=PaxExam-1f493c05-1140-4481-95b2-b16995564e8b, value=it.apice.sapere.space.TestLSAspace;testRemoveExceptions }, ManifestEntry{ key=PaxExam-b240f8bf-ad88-44c0-9f79-e8b55c75704d, value=it.apice.sapere.space.TestLSAspace;testInjectExceptions }]
[org.ops4j.pax.exam.raw.extender.intern.Probe] : Test PaxExam-ea14c16b-9713-442c-9dc1-dcbad45e88d7 to be in PaxExam-ea14c16b-9713-442c-9dc1-dcbad45e88d7,PaxExam-a73a553a-9535-4ab5-ad8d-6a1b790e7eae,PaxExam-aece81ba-1d3b-4c16-953a-deda178d8487,PaxExam-fcc37caf-ac75-4dbb-9be3-5ce6b42f45b9,PaxExam-88241e7e-f6f2-487b-b817-e4e55e44010b,PaxExam-1f493c05-1140-4481-95b2-b16995564e8b,PaxExam-b240f8bf-ad88-44c0-9f79-e8b55c75704d,
[org.ops4j.pax.exam.raw.extender.intern.Probe] : Registering Service: org.ops4j.pax.exam.ProbeInvoker with Probe-Signature=&quot;PaxExam-ea14c16b-9713-442c-9dc1-dcbad45e88d7&quot; and expression=&quot;it.apice.sapere.space.TestLSAspace;testScenario&quot;
[org.ops4j.pax.exam.raw.extender.intern.Probe] : Test PaxExam-a73a553a-9535-4ab5-ad8d-6a1b790e7eae to be in PaxExam-ea14c16b-9713-442c-9dc1-dcbad45e88d7,PaxExam-a73a553a-9535-4ab5-ad8d-6a1b790e7eae,PaxExam-aece81ba-1d3b-4c16-953a-deda178d8487,PaxExam-fcc37caf-ac75-4dbb-9be3-5ce6b42f45b9,PaxExam-88241e7e-f6f2-487b-b817-e4e55e44010b,PaxExam-1f493c05-1140-4481-95b2-b16995564e8b,PaxExam-b240f8bf-ad88-44c0-9f79-e8b55c75704d,
[org.ops4j.pax.exam.raw.extender.intern.Probe] : Registering Service: org.ops4j.pax.exam.ProbeInvoker with Probe-Signature=&quot;PaxExam-a73a553a-9535-4ab5-ad8d-6a1b790e7eae&quot; and expression=&quot;it.apice.sapere.space.TestLSAspace;testIgnoreExceptions&quot;
[org.ops4j.pax.exam.raw.extender.intern.Probe] : Test PaxExam-aece81ba-1d3b-4c16-953a-deda178d8487 to be in PaxExam-ea14c16b-9713-442c-9dc1-dcbad45e88d7,PaxExam-a73a553a-9535-4ab5-ad8d-6a1b790e7eae,PaxExam-aece81ba-1d3b-4c16-953a-deda178d8487,PaxExam-fcc37caf-ac75-4dbb-9be3-5ce6b42f45b9,PaxExam-88241e7e-f6f2-487b-b817-e4e55e44010b,PaxExam-1f493c05-1140-4481-95b2-b16995564e8b,PaxExam-b240f8bf-ad88-44c0-9f79-e8b55c75704d,
[org.ops4j.pax.exam.raw.extender.intern.Probe] : Registering Service: org.ops4j.pax.exam.ProbeInvoker with Probe-Signature=&quot;PaxExam-aece81ba-1d3b-4c16-953a-deda178d8487&quot; and expression=&quot;it.apice.sapere.space.TestLSAspace;testReadExceptions&quot;
[org.ops4j.pax.exam.raw.extender.intern.Probe] : Test PaxExam-Executable to be in PaxExam-ea14c16b-9713-442c-9dc1-dcbad45e88d7,PaxExam-a73a553a-9535-4ab5-ad8d-6a1b790e7eae,PaxExam-aece81ba-1d3b-4c16-953a-deda178d8487,PaxExam-fcc37caf-ac75-4dbb-9be3-5ce6b42f45b9,PaxExam-88241e7e-f6f2-487b-b817-e4e55e44010b,PaxExam-1f493c05-1140-4481-95b2-b16995564e8b,PaxExam-b240f8bf-ad88-44c0-9f79-e8b55c75704d,
[org.ops4j.pax.exam.raw.extender.intern.Probe] : Test PaxExam-fcc37caf-ac75-4dbb-9be3-5ce6b42f45b9 to be in PaxExam-ea14c16b-9713-442c-9dc1-dcbad45e88d7,PaxExam-a73a553a-9535-4ab5-ad8d-6a1b790e7eae,PaxExam-aece81ba-1d3b-4c16-953a-deda178d8487,PaxExam-fcc37caf-ac75-4dbb-9be3-5ce6b42f45b9,PaxExam-88241e7e-f6f2-487b-b817-e4e55e44010b,PaxExam-1f493c05-1140-4481-95b2-b16995564e8b,PaxExam-b240f8bf-ad88-44c0-9f79-e8b55c75704d,
[org.ops4j.pax.exam.raw.extender.intern.Probe] : Registering Service: org.ops4j.pax.exam.ProbeInvoker with Probe-Signature=&quot;PaxExam-fcc37caf-ac75-4dbb-9be3-5ce6b42f45b9&quot; and expression=&quot;it.apice.sapere.space.TestLSAspace;testObserveExceptions&quot;
[org.ops4j.pax.exam.raw.extender.intern.Probe] : Test PaxExam-88241e7e-f6f2-487b-b817-e4e55e44010b to be in PaxExam-ea14c16b-9713-442c-9dc1-dcbad45e88d7,PaxExam-a73a553a-9535-4ab5-ad8d-6a1b790e7eae,PaxExam-aece81ba-1d3b-4c16-953a-deda178d8487,PaxExam-fcc37caf-ac75-4dbb-9be3-5ce6b42f45b9,PaxExam-88241e7e-f6f2-487b-b817-e4e55e44010b,PaxExam-1f493c05-1140-4481-95b2-b16995564e8b,PaxExam-b240f8bf-ad88-44c0-9f79-e8b55c75704d,
[org.ops4j.pax.exam.raw.extender.intern.Probe] : Registering Service: org.ops4j.pax.exam.ProbeInvoker with Probe-Signature=&quot;PaxExam-88241e7e-f6f2-487b-b817-e4e55e44010b&quot; and expression=&quot;it.apice.sapere.space.TestLSAspace;testUpdateExceptions&quot;
[org.ops4j.pax.exam.raw.extender.intern.Probe] : Test PaxExam-1f493c05-1140-4481-95b2-b16995564e8b to be in PaxExam-ea14c16b-9713-442c-9dc1-dcbad45e88d7,PaxExam-a73a553a-9535-4ab5-ad8d-6a1b790e7eae,PaxExam-aece81ba-1d3b-4c16-953a-deda178d8487,PaxExam-fcc37caf-ac75-4dbb-9be3-5ce6b42f45b9,PaxExam-88241e7e-f6f2-487b-b817-e4e55e44010b,PaxExam-1f493c05-1140-4481-95b2-b16995564e8b,PaxExam-b240f8bf-ad88-44c0-9f79-e8b55c75704d,
[org.ops4j.pax.exam.raw.extender.intern.Probe] : Registering Service: org.ops4j.pax.exam.ProbeInvoker with Probe-Signature=&quot;PaxExam-1f493c05-1140-4481-95b2-b16995564e8b&quot; and expression=&quot;it.apice.sapere.space.TestLSAspace;testRemoveExceptions&quot;
[org.ops4j.pax.exam.raw.extender.intern.Probe] : Test PaxExam-b240f8bf-ad88-44c0-9f79-e8b55c75704d to be in PaxExam-ea14c16b-9713-442c-9dc1-dcbad45e88d7,PaxExam-a73a553a-9535-4ab5-ad8d-6a1b790e7eae,PaxExam-aece81ba-1d3b-4c16-953a-deda178d8487,PaxExam-fcc37caf-ac75-4dbb-9be3-5ce6b42f45b9,PaxExam-88241e7e-f6f2-487b-b817-e4e55e44010b,PaxExam-1f493c05-1140-4481-95b2-b16995564e8b,PaxExam-b240f8bf-ad88-44c0-9f79-e8b55c75704d,
[org.ops4j.pax.exam.raw.extender.intern.Probe] : Registering Service: org.ops4j.pax.exam.ProbeInvoker with Probe-Signature=&quot;PaxExam-b240f8bf-ad88-44c0-9f79-e8b55c75704d&quot; and expression=&quot;it.apice.sapere.space.TestLSAspace;testInjectExceptions&quot;
[org.ops4j.pax.exam.invoker.junit.internal.ContainerTestRunner] : running testObserveExceptions in reactor
[org.ops4j.pax.swissbox.extender.BundleWatcher] : Releasing bundle [PAXEXAM-PROBE-509c256b-6b37-42e4-bf1b-08f98137100d]
[org.ops4j.pax.swissbox.extender.BundleWatcher] : Un-registering [ManifestEntry{ key=PaxExam-ea14c16b-9713-442c-9dc1-dcbad45e88d7, value=it.apice.sapere.space.TestLSAspace;testScenario }, ManifestEntry{ key=PaxExam-a73a553a-9535-4ab5-ad8d-6a1b790e7eae, value=it.apice.sapere.space.TestLSAspace;testIgnoreExceptions }, ManifestEntry{ key=PaxExam-aece81ba-1d3b-4c16-953a-deda178d8487, value=it.apice.sapere.space.TestLSAspace;testReadExceptions }, ManifestEntry{ key=PaxExam-Executable, value=PaxExam-ea14c16b-9713-442c-9dc1-dcbad45e88d7,PaxExam-a73a553a-9535-4ab5-ad8d-6a1b790e7eae,PaxExam-aece81ba-1d3b-4c16-953a-deda178d8487,PaxExam-fcc37caf-ac75-4dbb-9be3-5ce6b42f45b9,PaxExam-88241e7e-f6f2-487b-b817-e4e55e44010b,PaxExam-1f493c05-1140-4481-95b2-b16995564e8b,PaxExam-b240f8bf-ad88-44c0-9f79-e8b55c75704d, }, ManifestEntry{ key=PaxExam-fcc37caf-ac75-4dbb-9be3-5ce6b42f45b9, value=it.apice.sapere.space.TestLSAspace;testObserveExceptions }, ManifestEntry{ key=PaxExam-88241e7e-f6f2-487b-b817-e4e55e44010b, value=it.apice.sapere.space.TestLSAspace;testUpdateExceptions }, ManifestEntry{ key=PaxExam-1f493c05-1140-4481-95b2-b16995564e8b, value=it.apice.sapere.space.TestLSAspace;testRemoveExceptions }, ManifestEntry{ key=PaxExam-b240f8bf-ad88-44c0-9f79-e8b55c75704d, value=it.apice.sapere.space.TestLSAspace;testInjectExceptions }]
[org.ops4j.pax.exam.raw.extender.intern.TestBundleObserver] : Unregistered testcase [org.ops4j.pax.exam.raw.extender.intern.Probe@6f548414.]
[org.ops4j.pax.swissbox.extender.BundleWatcher] : Releasing bundle [org.ops4j.pax.exam.invoker.junit]
SemanticWebSAPERE [RDFModel]: Stopping..
rdf-model&gt; LSAParser UNREGISTERED.
rdf-model&gt; LSAFactory UNREGISTERED.
rdf-model&gt; EcolawFactory UNREGISTERED.
rdf-model&gt; FormulaFactory UNREGISTERED.
[org.ops4j.pax.swissbox.extender.BundleWatcher] : Releasing bundle [semanticwebsapere-rdfmodel]
[org.ops4j.pax.swissbox.extender.BundleWatcher] : Releasing bundle [semanticwebsapere-testplan]
[org.ops4j.pax.swissbox.extender.BundleWatcher] : Releasing bundle [semanticwebsapere-requirements]
[org.ops4j.pax.swissbox.extender.BundleWatcher] : Releasing bundle [semanticwebsapere-api]
[org.ops4j.pax.swissbox.extender.BundleWatcher] : Releasing bundle [org.apache.servicemix.bundles.junit]
[org.ops4j.pax.swissbox.extender.BundleWatcher] : Releasing bundle [org.apache.geronimo.specs.geronimo-atinject_1.0_spec]
[org.ops4j.pax.swissbox.extender.BundleWatcher] : Releasing bundle [org.ops4j.pax.swissbox.lifecycle]
[org.ops4j.pax.swissbox.extender.BundleWatcher] : Releasing bundle [org.ops4j.pax.swissbox.framework]
[org.ops4j.pax.swissbox.extender.BundleWatcher] : Releasing bundle [org.ops4j.pax.swissbox.extender]
[org.ops4j.pax.swissbox.extender.BundleWatcher] : Releasing bundle [org.ops4j.pax.swissbox.core]
[org.ops4j.pax.swissbox.extender.BundleWatcher] : Releasing bundle [org.ops4j.base]
[org.ops4j.pax.swissbox.extender.BundleWatcher] : Releasing bundle [osgi.cmpn]
[org.ops4j.pax.swissbox.extender.BundleWatcher] : Releasing bundle [org.ops4j.pax.exam.extender.service]
[org.ops4j.pax.swissbox.extender.BundleWatcher] : Releasing bundle [org.ops4j.pax.exam]
[org.ops4j.pax.swissbox.extender.BundleWatcher] : Releasing bundle [org.apache.felix.framework]
[org.ops4j.pax.swissbox.extender.BundleWatcher] : Releasing bundle [org.ops4j.pax.exam.inject]
</system-out>
    <system-err>java.lang.ClassCastException: org.ops4j.pax.exam.rbc.internal.Activator cannot be cast to org.osgi.framework.BundleActivator
	at org.apache.felix.framework.Felix.createBundleActivator(Felix.java:4177)
	at org.apache.felix.framework.Felix.activateBundle(Felix.java:1972)
	at org.apache.felix.framework.Felix.startBundle(Felix.java:1895)
	at org.apache.felix.framework.Felix.setActiveStartLevel(Felix.java:1191)
	at org.apache.felix.framework.FrameworkStartLevelImpl.run(FrameworkStartLevelImpl.java:295)
	at java.lang.Thread.run(Thread.java:680)
java.lang.ClassCastException: org.ops4j.pax.logging.internal.Activator cannot be cast to org.osgi.framework.BundleActivator
	at org.apache.felix.framework.Felix.createBundleActivator(Felix.java:4177)
	at org.apache.felix.framework.Felix.activateBundle(Felix.java:1972)
	at org.apache.felix.framework.Felix.startBundle(Felix.java:1895)
	at org.apache.felix.framework.Felix.setActiveStartLevel(Felix.java:1191)
	at org.apache.felix.framework.FrameworkStartLevelImpl.run(FrameworkStartLevelImpl.java:295)
	at java.lang.Thread.run(Thread.java:680)
SLF4J: Class path contains multiple SLF4J bindings.
SLF4J: Found binding in [bundle://14.0:1/org/slf4j/impl/StaticLoggerBinder.class]
SLF4J: Found binding in [bundle://14.0:13/org/slf4j/impl/StaticLoggerBinder.class]
SLF4J: Found binding in [bundle://14.0:24/org/slf4j/impl/StaticLoggerBinder.class]
SLF4J: See http://www.slf4j.org/codes.html#multiple_bindings for an explanation.
log4j:ERROR A &quot;org.apache.log4j.ConsoleAppender&quot; object is not assignable to a &quot;org.apache.log4j.Appender&quot; variable.
log4j:ERROR The class &quot;org.apache.log4j.Appender&quot; was loaded by 
log4j:ERROR [org.apache.felix.framework.BundleWiringImpl@424b29cf] whereas object of type 
log4j:ERROR &quot;org.apache.log4j.ConsoleAppender&quot; was loaded by [sun.misc.Launcher$AppClassLoader@53004901].
log4j:ERROR Could not instantiate appender named &quot;console&quot;.
java.lang.NoClassDefFoundError: org/w3c/dom/ElementTraversal
	at java.lang.ClassLoader.defineClass1(Native Method)
	at java.lang.ClassLoader.defineClassCond(ClassLoader.java:631)
	at java.lang.ClassLoader.defineClass(ClassLoader.java:615)
	at java.security.SecureClassLoader.defineClass(SecureClassLoader.java:141)
	at java.net.URLClassLoader.defineClass(URLClassLoader.java:283)
	at java.net.URLClassLoader.access$000(URLClassLoader.java:58)
	at java.net.URLClassLoader$1.run(URLClassLoader.java:197)
	at java.security.AccessController.doPrivileged(Native Method)
	at java.net.URLClassLoader.findClass(URLClassLoader.java:190)
	at java.lang.ClassLoader.loadClass(ClassLoader.java:306)
	at sun.misc.Launcher$AppClassLoader.loadClass(Launcher.java:301)
	at java.lang.ClassLoader.loadClass(ClassLoader.java:247)
	at org.apache.xerces.parsers.AbstractDOMParser.startDocument(Unknown Source)
	at org.apache.xerces.impl.dtd.XMLDTDValidator.startDocument(Unknown Source)
	at org.apache.xerces.impl.XMLDocumentScannerImpl.startEntity(Unknown Source)
	at org.apache.xerces.impl.XMLVersionDetector.startDocumentParsing(Unknown Source)
	at org.apache.xerces.parsers.XML11Configuration.parse(Unknown Source)
	at org.apache.xerces.parsers.XML11Configuration.parse(Unknown Source)
	at org.apache.xerces.parsers.XMLParser.parse(Unknown Source)
	at org.apache.xerces.parsers.DOMParser.parse(Unknown Source)
	at org.apache.xerces.jaxp.DocumentBuilderImpl.parse(Unknown Source)
	at java.util.XMLUtils.getLoadingDoc(XMLUtils.java:85)
	at java.util.XMLUtils.load(XMLUtils.java:57)
	at java.util.Properties.loadFromXML(Properties.java:852)
	at com.hp.hpl.jena.util.Metadata.read(Metadata.java:80)
	at com.hp.hpl.jena.util.Metadata.addMetadata(Metadata.java:54)
	at com.hp.hpl.jena.util.Metadata.&lt;init&gt;(Metadata.java:48)
	at com.hp.hpl.jena.JenaRuntime.&lt;clinit&gt;(JenaRuntime.java:37)
	at com.hp.hpl.jena.rdf.model.impl.RDFReaderFImpl.&lt;clinit&gt;(RDFReaderFImpl.java:74)
	at com.hp.hpl.jena.rdf.model.impl.ModelCom.&lt;clinit&gt;(ModelCom.java:54)
	at com.hp.hpl.jena.rdf.model.ModelFactory.createDefaultModel(ModelFactory.java:142)
	at com.hp.hpl.jena.rdf.model.ModelFactory.createDefaultModel(ModelFactory.java:136)
	at com.hp.hpl.jena.vocabulary.OWL.&lt;clinit&gt;(OWL.java:37)
	at com.hp.hpl.jena.ontology.ProfileRegistry.&lt;clinit&gt;(ProfileRegistry.java:47)
	at com.hp.hpl.jena.ontology.OntModelSpec.&lt;clinit&gt;(OntModelSpec.java:53)
	at it.apice.sapere.space.impl.LSAspaceImpl.initRDFGraphModel(LSAspaceImpl.java:64)
	at it.apice.sapere.api.space.core.impl.AbstractLSAspaceCoreImpl.&lt;init&gt;(AbstractLSAspaceCoreImpl.java:163)
	at it.apice.sapere.space.impl.LSAspaceImpl.&lt;init&gt;(LSAspaceImpl.java:35)
	at it.apice.sapere.space.internal.RDFSpaceActivator.registerLSAspace(RDFSpaceActivator.java:126)
	at it.apice.sapere.space.internal.RDFSpaceActivator.start(RDFSpaceActivator.java:55)
	at org.apache.felix.framework.util.SecureAction.startActivator(SecureAction.java:641)
	at org.apache.felix.framework.Felix.activateBundle(Felix.java:1977)
	at org.apache.felix.framework.Felix.startBundle(Felix.java:1895)
	at org.apache.felix.framework.Felix.setActiveStartLevel(Felix.java:1191)
	at org.apache.felix.framework.FrameworkStartLevelImpl.run(FrameworkStartLevelImpl.java:295)
	at java.lang.Thread.run(Thread.java:680)
Caused by: java.lang.ClassNotFoundException: org.w3c.dom.ElementTraversal
	at java.net.URLClassLoader$1.run(URLClassLoader.java:202)
	at java.security.AccessController.doPrivileged(Native Method)
	at java.net.URLClassLoader.findClass(URLClassLoader.java:190)
	at java.lang.ClassLoader.loadClass(ClassLoader.java:306)
	at sun.misc.Launcher$AppClassLoader.loadClass(Launcher.java:301)
	at java.lang.ClassLoader.loadClass(ClassLoader.java:247)
	... 46 more
</system-err>
  </testcase>
  <testcase time="12.958" classname="it.apice.sapere.space.TestLSAspace" name="testRemoveExceptions:TestLSAspace.testRemoveExceptions:NativeContainer:org.apache.felix.framework.FrameworkFactory@4fef3a22">
    <error message="gave up waiting for service it.apice.sapere.api.space.core.LSAspaceCore" type="org.ops4j.pax.swissbox.framework.ServiceLookupException">org.ops4j.pax.swissbox.framework.ServiceLookupException: gave up waiting for service it.apice.sapere.api.space.core.LSAspaceCore
	at org.ops4j.pax.swissbox.framework.ServiceLookup.getService(ServiceLookup.java:122)
	at org.ops4j.pax.swissbox.framework.ServiceLookup.getService(ServiceLookup.java:83)
	at org.ops4j.pax.exam.inject.internal.ServiceInjector.injectField(ServiceInjector.java:86)
	at org.ops4j.pax.exam.inject.internal.ServiceInjector.injectDeclaredFields(ServiceInjector.java:70)
	at org.ops4j.pax.exam.inject.internal.ServiceInjector.injectFields(ServiceInjector.java:59)
	at org.ops4j.pax.exam.invoker.junit.internal.ContainerTestRunner.createTest(ContainerTestRunner.java:62)
	at org.junit.runners.BlockJUnit4ClassRunner$1.runReflectiveCall(BlockJUnit4ClassRunner.java:227)
	at org.junit.internal.runners.model.ReflectiveCallable.run(ReflectiveCallable.java:15)
	at org.junit.runners.BlockJUnit4ClassRunner.methodBlock(BlockJUnit4ClassRunner.java:224)
	at org.junit.runners.BlockJUnit4ClassRunner.runChild(BlockJUnit4ClassRunner.java:69)
	at org.ops4j.pax.exam.invoker.junit.internal.ContainerTestRunner.runChild(ContainerTestRunner.java:70)
	at org.ops4j.pax.exam.invoker.junit.internal.ContainerTestRunner.runChild(ContainerTestRunner.java:37)
	at org.junit.runners.ParentRunner$3.run(ParentRunner.java:231)
	at org.junit.runners.ParentRunner$1.schedule(ParentRunner.java:60)
	at org.junit.runners.ParentRunner.runChildren(ParentRunner.java:229)
	at org.junit.runners.ParentRunner.access$000(ParentRunner.java:50)
	at org.junit.runners.ParentRunner$2.evaluate(ParentRunner.java:222)
	at org.junit.runners.ParentRunner.run(ParentRunner.java:292)
	at org.junit.runner.JUnitCore.run(JUnitCore.java:157)
	at org.junit.runner.JUnitCore.run(JUnitCore.java:136)
	at org.ops4j.pax.exam.invoker.junit.internal.JUnitProbeInvoker.invokeViaJUnit(JUnitProbeInvoker.java:124)
	at org.ops4j.pax.exam.invoker.junit.internal.JUnitProbeInvoker.findAndInvoke(JUnitProbeInvoker.java:94)
	at org.ops4j.pax.exam.invoker.junit.internal.JUnitProbeInvoker.call(JUnitProbeInvoker.java:77)
	at org.ops4j.pax.exam.nat.internal.NativeTestContainer.call(NativeTestContainer.java:95)
	at org.ops4j.pax.exam.spi.reactors.AllConfinedStagedReactor.invoke(AllConfinedStagedReactor.java:74)
	at org.ops4j.pax.exam.junit.JUnit4TestRunner$3.evaluate(JUnit4TestRunner.java:304)
	at org.junit.runners.BlockJUnit4ClassRunner.runNotIgnored(BlockJUnit4ClassRunner.java:79)
	at org.junit.runners.BlockJUnit4ClassRunner.runChild(BlockJUnit4ClassRunner.java:71)
	at org.junit.runners.BlockJUnit4ClassRunner.runChild(BlockJUnit4ClassRunner.java:49)
	at org.junit.runners.ParentRunner$3.run(ParentRunner.java:193)
	at org.junit.runners.ParentRunner$1.schedule(ParentRunner.java:52)
	at org.junit.runners.ParentRunner.runChildren(ParentRunner.java:191)
	at org.junit.runners.ParentRunner.access$000(ParentRunner.java:42)
	at org.junit.runners.ParentRunner$2.evaluate(ParentRunner.java:184)
	at org.junit.runners.ParentRunner.run(ParentRunner.java:236)
	at org.ops4j.pax.exam.junit.JUnit4TestRunner.run(JUnit4TestRunner.java:93)
	at org.apache.maven.surefire.junit4.JUnit4Provider.execute(JUnit4Provider.java:236)
	at org.apache.maven.surefire.junit4.JUnit4Provider.executeTestSet(JUnit4Provider.java:134)
	at org.apache.maven.surefire.junit4.JUnit4Provider.invoke(JUnit4Provider.java:113)
	at sun.reflect.NativeMethodAccessorImpl.invoke0(Native Method)
	at sun.reflect.NativeMethodAccessorImpl.invoke(NativeMethodAccessorImpl.java:39)
	at sun.reflect.DelegatingMethodAccessorImpl.invoke(DelegatingMethodAccessorImpl.java:25)
	at java.lang.reflect.Method.invoke(Method.java:597)
	at org.apache.maven.surefire.util.ReflectionUtils.invokeMethodWithArray(ReflectionUtils.java:189)
	at org.apache.maven.surefire.booter.ProviderFactory$ProviderProxy.invoke(ProviderFactory.java:165)
	at org.apache.maven.surefire.booter.ProviderFactory.invokeProvider(ProviderFactory.java:85)
	at org.apache.maven.surefire.booter.ForkedBooter.runSuitesInProcess(ForkedBooter.java:103)
	at org.apache.maven.surefire.booter.ForkedBooter.main(ForkedBooter.java:74)
</error>
    <system-out>ERROR: Bundle org.ops4j.pax.exam.rbc [2] Error starting link:classpath:META-INF/links/org.ops4j.pax.exam.rbc.link (org.osgi.framework.BundleException: Activator start error in bundle org.ops4j.pax.exam.rbc [2].)
[org.ops4j.pax.swissbox.extender.BundleWatcher] : Creating bundle watcher with scanner [org.ops4j.pax.swissbox.extender.BundleManifestScanner@3ff23f8b]...
[org.ops4j.pax.swissbox.extender.BundleWatcher] : Scanning bundle [org.apache.felix.framework]
[org.ops4j.pax.swissbox.extender.BundleWatcher] : Scanning bundle [org.ops4j.pax.exam]
[org.ops4j.pax.swissbox.extender.BundleWatcher] : Scanning bundle [org.ops4j.pax.exam.inject]
[org.ops4j.pax.swissbox.extender.BundleWatcher] : Scanning bundle [org.ops4j.pax.exam.extender.service]
[org.ops4j.pax.swissbox.extender.BundleWatcher] : Scanning bundle [osgi.cmpn]
[org.ops4j.pax.swissbox.extender.BundleWatcher] : Releasing bundle [org.ops4j.pax.logging.pax-logging-api]
ERROR: Bundle org.ops4j.pax.logging.pax-logging-api [6] Error starting link:classpath:META-INF/links/org.ops4j.pax.logging.api.link (org.osgi.framework.BundleException: Activator start error in bundle org.ops4j.pax.logging.pax-logging-api [6].)
[org.ops4j.pax.swissbox.extender.BundleWatcher] : Scanning bundle [org.ops4j.base]
[org.ops4j.pax.swissbox.extender.BundleWatcher] : Scanning bundle [org.ops4j.pax.swissbox.core]
[org.ops4j.pax.swissbox.extender.BundleWatcher] : Scanning bundle [org.ops4j.pax.swissbox.extender]
[org.ops4j.pax.swissbox.extender.BundleWatcher] : Scanning bundle [org.ops4j.pax.swissbox.framework]
[org.ops4j.pax.swissbox.extender.BundleWatcher] : Scanning bundle [org.ops4j.pax.swissbox.lifecycle]
[org.ops4j.pax.swissbox.extender.BundleWatcher] : Scanning bundle [org.apache.geronimo.specs.geronimo-atinject_1.0_spec]
[org.ops4j.pax.swissbox.extender.BundleWatcher] : Scanning bundle [org.apache.servicemix.bundles.junit]
[org.ops4j.pax.swissbox.extender.BundleWatcher] : Scanning bundle [semanticwebsapere-api]
[org.ops4j.pax.swissbox.extender.BundleWatcher] : Scanning bundle [semanticwebsapere-requirements]
[org.ops4j.pax.swissbox.extender.BundleWatcher] : Scanning bundle [semanticwebsapere-testplan]
SemanticWebSAPERE [RDFModel]: Starting up..
rdf-model&gt; LSAFactory REGISTERED
rdf-model&gt; LSAParser REGISTERED
rdf-model&gt; EcolawFactory REGISTERED
rdf-model&gt; FormulaFactory REGISTERED
rdf-model&gt; Node URI = http://www.sapere-project.eu/ontologies/2012/0/sapere-model.owl#nodeC78C2927-FE74-4483-BDF3-97CC6030F38C
[org.ops4j.pax.swissbox.extender.BundleWatcher] : Scanning bundle [semanticwebsapere-rdfmodel]
rdf-space&gt; Starting up..
rdf-space&gt; LSA Factory ACQUIRED
rdf-space&gt; LSA Compiler REGISTERED.
rdf-space&gt; Eco-law Compiler REGISTERED.
rdf-space&gt; NO reasoner enabled
[org.ops4j.pax.swissbox.extender.BundleWatcher] : Releasing bundle [semanticwebsapere-rdfspace]
ERROR: Bundle semanticwebsapere-rdfspace [17] Error starting mvn:it.apice.sapere/semanticwebsapere-rdfspace (org.osgi.framework.BundleException: Activator start error in bundle semanticwebsapere-rdfspace [17].)
[org.ops4j.pax.swissbox.extender.BundleWatcher] : Scanning bundle [org.ops4j.pax.exam.invoker.junit]
[org.ops4j.pax.swissbox.extender.BundleWatcher] : Scanning bundle [PAXEXAM-PROBE-509c256b-6b37-42e4-bf1b-08f98137100d]
[...]
	at sun.reflect.NativeMethodAccessorImpl.invoke0(Native Method)
	at sun.reflect.NativeMethodAccessorImpl.invoke(NativeMethodAccessorImpl.java:39)
	at sun.reflect.DelegatingMethodAccessorImpl.invoke(DelegatingMethodAccessorImpl.java:25)
	at java.lang.reflect.Method.invoke(Method.java:597)
	at org.apache.maven.surefire.util.ReflectionUtils.invokeMethodWithArray(ReflectionUtils.java:189)
	at org.apache.maven.surefire.booter.ProviderFactory$ProviderProxy.invoke(ProviderFactory.java:165)
	at org.apache.maven.surefire.booter.ProviderFactory.invokeProvider(ProviderFactory.java:85)
	at org.apache.maven.surefire.booter.ForkedBooter.runSuitesInProcess(ForkedBooter.java:103)
	at org.apache.maven.surefire.booter.ForkedBooter.main(ForkedBooter.java:74)
</error>
    <system-out>ERROR: Bundle org.ops4j.pax.exam.rbc [2] Error starting link:classpath:META-INF/links/org.ops4j.pax.exam.rbc.link (org.osgi.framework.BundleException: Activator start error in bundle org.ops4j.pax.exam.rbc [2].)
[org.ops4j.pax.swissbox.extender.BundleWatcher] : Creating bundle watcher with scanner [org.ops4j.pax.swissbox.extender.BundleManifestScanner@34945d2d]...
[org.ops4j.pax.swissbox.extender.BundleWatcher] : Scanning bundle [org.apache.felix.framework]
[org.ops4j.pax.swissbox.extender.BundleWatcher] : Scanning bundle [org.ops4j.pax.exam]
[org.ops4j.pax.swissbox.extender.BundleWatcher] : Scanning bundle [org.ops4j.pax.exam.inject]
[org.ops4j.pax.swissbox.extender.BundleWatcher] : Scanning bundle [org.ops4j.pax.exam.extender.service]
[org.ops4j.pax.swissbox.extender.BundleWatcher] : Scanning bundle [osgi.cmpn]
[org.ops4j.pax.swissbox.extender.BundleWatcher] : Releasing bundle [org.ops4j.pax.logging.pax-logging-api]
ERROR: Bundle org.ops4j.pax.logging.pax-logging-api [6] Error starting link:classpath:META-INF/links/org.ops4j.pax.logging.api.link (org.osgi.framework.BundleException: Activator start error in bundle org.ops4j.pax.logging.pax-logging-api [6].)
[org.ops4j.pax.swissbox.extender.BundleWatcher] : Scanning bundle [org.ops4j.base]
[org.ops4j.pax.swissbox.extender.BundleWatcher] : Scanning bundle [org.ops4j.pax.swissbox.core]
[org.ops4j.pax.swissbox.extender.BundleWatcher] : Scanning bundle [org.ops4j.pax.swissbox.extender]
[org.ops4j.pax.swissbox.extender.BundleWatcher] : Scanning bundle [org.ops4j.pax.swissbox.framework]
[org.ops4j.pax.swissbox.extender.BundleWatcher] : Scanning bundle [org.ops4j.pax.swissbox.lifecycle]
[org.ops4j.pax.swissbox.extender.BundleWatcher] : Scanning bundle [org.apache.geronimo.specs.geronimo-atinject_1.0_spec]
[org.ops4j.pax.swissbox.extender.BundleWatcher] : Scanning bundle [org.apache.servicemix.bundles.junit]
[org.ops4j.pax.swissbox.extender.BundleWatcher] : Scanning bundle [semanticwebsapere-api]
[org.ops4j.pax.swissbox.extender.BundleWatcher] : Scanning bundle [semanticwebsapere-requirements]
[org.ops4j.pax.swissbox.extender.BundleWatcher] : Scanning bundle [semanticwebsapere-testplan]
SemanticWebSAPERE [RDFModel]: Starting up..
rdf-model&gt; LSAFactory REGISTERED
rdf-model&gt; LSAParser REGISTERED
rdf-model&gt; EcolawFactory REGISTERED
rdf-model&gt; FormulaFactory REGISTERED
rdf-model&gt; Node URI = http://www.sapere-project.eu/ontologies/2012/0/sapere-model.owl#node9E85DE5F-2A30-4FEF-84D7-58CEC8EC3288
[org.ops4j.pax.swissbox.extender.BundleWatcher] : Scanning bundle [semanticwebsapere-rdfmodel]
rdf-space&gt; Starting up..
rdf-space&gt; LSA Factory ACQUIRED
rdf-space&gt; LSA Compiler REGISTERED.
rdf-space&gt; Eco-law Compiler REGISTERED.
rdf-space&gt; NO reasoner enabled
[org.ops4j.pax.swissbox.extender.BundleWatcher] : Releasing bundle [semanticwebsapere-rdfspace]
ERROR: Bundle semanticwebsapere-rdfspace [17] Error starting mvn:it.apice.sapere/semanticwebsapere-rdfspace (org.osgi.framework.BundleException: Activator start error in bundle semanticwebsapere-rdfspace [17].)
[org.ops4j.pax.swissbox.extender.BundleWatcher] : Scanning bundle [org.ops4j.pax.exam.invoker.junit]
[org.ops4j.pax.swissbox.extender.BundleWatcher] : Scanning bundle [PAXEXAM-PROBE-509c256b-6b37-42e4-bf1b-08f98137100d]
[org.ops4j.pax.swissbox.extender.BundleWatcher] : Found resources [ManifestEntry{ key=PaxExam-ea14c16b-9713-442c-9dc1-dcbad45e88d7, value=it.apice.sapere.space.TestLSAspace;testScenario }, ManifestEntry{ key=PaxExam-a73a553a-9535-4ab5-ad8d-6a1b790e7eae, value=it.apice.sapere.space.TestLSAspace;testIgnoreExceptions }, ManifestEntry{ key=PaxExam-aece81ba-1d3b-4c16-953a-deda178d8487, value=it.apice.sapere.space.TestLSAspace;testReadExceptions }, ManifestEntry{ key=PaxExam-Executable, value=PaxExam-ea14c16b-9713-442c-9dc1-dcbad45e88d7,PaxExam-a73a553a-9535-4ab5-ad8d-6a1b790e7eae,PaxExam-aece81ba-1d3b-4c16-953a-deda178d8487,PaxExam-fcc37caf-ac75-4dbb-9be3-5ce6b42f45b9,PaxExam-88241e7e-f6f2-487b-b817-e4e55e44010b,PaxExam-1f493c05-1140-4481-95b2-b16995564e8b,PaxExam-b240f8bf-ad88-44c0-9f79-e8b55c75704d, }, ManifestEntry{ key=PaxExam-fcc37caf-ac75-4dbb-9be3-5ce6b42f45b9, value=it.apice.sapere.space.TestLSAspace;testObserveExceptions }, ManifestEntry{ key=PaxExam-88241e7e-f6f2-487b-b817-e4e55e44010b, value=it.apice.sapere.space.TestLSAspace;testUpdateExceptions }, ManifestEntry{ key=PaxExam-1f493c05-1140-4481-95b2-b16995564e8b, value=it.apice.sapere.space.TestLSAspace;testRemoveExceptions }, ManifestEntry{ key=PaxExam-b240f8bf-ad88-44c0-9f79-e8b55c75704d, value=it.apice.sapere.space.TestLSAspace;testInjectExceptions }]
[org.ops4j.pax.exam.raw.extender.intern.Probe] : Test PaxExam-ea14c16b-9713-442c-9dc1-dcbad45e88d7 to be in PaxExam-ea14c16b-9713-442c-9dc1-dcbad45e88d7,PaxExam-a73a553a-9535-4ab5-ad8d-6a1b790e7eae,PaxExam-aece81ba-1d3b-4c16-953a-deda178d8487,PaxExam-fcc37caf-ac75-4dbb-9be3-5ce6b42f45b9,PaxExam-88241e7e-f6f2-487b-b817-e4e55e44010b,PaxExam-1f493c05-1140-4481-95b2-b16995564e8b,PaxExam-b240f8bf-ad88-44c0-9f79-e8b55c75704d,
[org.ops4j.pax.exam.raw.extender.intern.Probe] : Registering Service: org.ops4j.pax.exam.ProbeInvoker with Probe-Signature=&quot;PaxExam-ea14c16b-9713-442c-9dc1-dcbad45e88d7&quot; and expression=&quot;it.apice.sapere.space.TestLSAspace;testScenario&quot;
[org.ops4j.pax.exam.raw.extender.intern.Probe] : Test PaxExam-a73a553a-9535-4ab5-ad8d-6a1b790e7eae to be in PaxExam-ea14c16b-9713-442c-9dc1-dcbad45e88d7,PaxExam-a73a553a-9535-4ab5-ad8d-6a1b790e7eae,PaxExam-aece81ba-1d3b-4c16-953a-deda178d8487,PaxExam-fcc37caf-ac75-4dbb-9be3-5ce6b42f45b9,PaxExam-88241e7e-f6f2-487b-b817-e4e55e44010b,PaxExam-1f493c05-1140-4481-95b2-b16995564e8b,PaxExam-b240f8bf-ad88-44c0-9f79-e8b55c75704d,
[org.ops4j.pax.exam.raw.extender.intern.Probe] : Registering Service: org.ops4j.pax.exam.ProbeInvoker with Probe-Signature=&quot;PaxExam-a73a553a-9535-4ab5-ad8d-6a1b790e7eae&quot; and expression=&quot;it.apice.sapere.space.TestLSAspace;testIgnoreExceptions&quot;
[org.ops4j.pax.exam.raw.extender.intern.Probe] : Test PaxExam-aece81ba-1d3b-4c16-953a-deda178d8487 to be in PaxExam-ea14c16b-9713-442c-9dc1-dcbad45e88d7,PaxExam-a73a553a-9535-4ab5-ad8d-6a1b790e7eae,PaxExam-aece81ba-1d3b-4c16-953a-deda178d8487,PaxExam-fcc37caf-ac75-4dbb-9be3-5ce6b42f45b9,PaxExam-88241e7e-f6f2-487b-b817-e4e55e44010b,PaxExam-1f493c05-1140-4481-95b2-b16995564e8b,PaxExam-b240f8bf-ad88-44c0-9f79-e8b55c75704d,
[org.ops4j.pax.exam.raw.extender.intern.Probe] : Registering Service: org.ops4j.pax.exam.ProbeInvoker with Probe-Signature=&quot;PaxExam-aece81ba-1d3b-4c16-953a-deda178d8487&quot; and expression=&quot;it.apice.sapere.space.TestLSAspace;testReadExceptions&quot;
[org.ops4j.pax.exam.raw.extender.intern.Probe] : Test PaxExam-Executable to be in PaxExam-ea14c16b-9713-442c-9dc1-dcbad45e88d7,PaxExam-a73a553a-9535-4ab5-ad8d-6a1b790e7eae,PaxExam-aece81ba-1d3b-4c16-953a-deda178d8487,PaxExam-fcc37caf-ac75-4dbb-9be3-5ce6b42f45b9,PaxExam-88241e7e-f6f2-487b-b817-e4e55e44010b,PaxExam-1f493c05-1140-4481-95b2-b16995564e8b,PaxExam-b240f8bf-ad88-44c0-9f79-e8b55c75704d,
[org.ops4j.pax.exam.raw.extender.intern.Probe] : Test PaxExam-fcc37caf-ac75-4dbb-9be3-5ce6b42f45b9 to be in PaxExam-ea14c16b-9713-442c-9dc1-dcbad45e88d7,PaxExam-a73a553a-9535-4ab5-ad8d-6a1b790e7eae,PaxExam-aece81ba-1d3b-4c16-953a-deda178d8487,PaxExam-fcc37caf-ac75-4dbb-9be3-5ce6b42f45b9,PaxExam-88241e7e-f6f2-487b-b817-e4e55e44010b,PaxExam-1f493c05-1140-4481-95b2-b16995564e8b,PaxExam-b240f8bf-ad88-44c0-9f79-e8b55c75704d,
[org.ops4j.pax.exam.raw.extender.intern.Probe] : Registering Service: org.ops4j.pax.exam.ProbeInvoker with Probe-Signature=&quot;PaxExam-fcc37caf-ac75-4dbb-9be3-5ce6b42f45b9&quot; and expression=&quot;it.apice.sapere.space.TestLSAspace;testObserveExceptions&quot;
[org.ops4j.pax.exam.raw.extender.intern.Probe] : Test PaxExam-88241e7e-f6f2-487b-b817-e4e55e44010b to be in PaxExam-ea14c16b-9713-442c-9dc1-dcbad45e88d7,PaxExam-a73a553a-9535-4ab5-ad8d-6a1b790e7eae,PaxExam-aece81ba-1d3b-4c16-953a-deda178d8487,PaxExam-fcc37caf-ac75-4dbb-9be3-5ce6b42f45b9,PaxExam-88241e7e-f6f2-487b-b817-e4e55e44010b,PaxExam-1f493c05-1140-4481-95b2-b16995564e8b,PaxExam-b240f8bf-ad88-44c0-9f79-e8b55c75704d,
[org.ops4j.pax.exam.raw.extender.intern.Probe] : Registering Service: org.ops4j.pax.exam.ProbeInvoker with Probe-Signature=&quot;PaxExam-88241e7e-f6f2-487b-b817-e4e55e44010b&quot; and expression=&quot;it.apice.sapere.space.TestLSAspace;testUpdateExceptions&quot;
[org.ops4j.pax.exam.raw.extender.intern.Probe] : Test PaxExam-1f493c05-1140-4481-95b2-b16995564e8b to be in PaxExam-ea14c16b-9713-442c-9dc1-dcbad45e88d7,PaxExam-a73a553a-9535-4ab5-ad8d-6a1b790e7eae,PaxExam-aece81ba-1d3b-4c16-953a-deda178d8487,PaxExam-fcc37caf-ac75-4dbb-9be3-5ce6b42f45b9,PaxExam-88241e7e-f6f2-487b-b817-e4e55e44010b,PaxExam-1f493c05-1140-4481-95b2-b16995564e8b,PaxExam-b240f8bf-ad88-44c0-9f79-e8b55c75704d,
[org.ops4j.pax.exam.raw.extender.intern.Probe] : Registering Service: org.ops4j.pax.exam.ProbeInvoker with Probe-Signature=&quot;PaxExam-1f493c05-1140-4481-95b2-b16995564e8b&quot; and expression=&quot;it.apice.sapere.space.TestLSAspace;testRemoveExceptions&quot;
[org.ops4j.pax.exam.raw.extender.intern.Probe] : Test PaxExam-b240f8bf-ad88-44c0-9f79-e8b55c75704d to be in PaxExam-ea14c16b-9713-442c-9dc1-dcbad45e88d7,PaxExam-a73a553a-9535-4ab5-ad8d-6a1b790e7eae,PaxExam-aece81ba-1d3b-4c16-953a-deda178d8487,PaxExam-fcc37caf-ac75-4dbb-9be3-5ce6b42f45b9,PaxExam-88241e7e-f6f2-487b-b817-e4e55e44010b,PaxExam-1f493c05-1140-4481-95b2-b16995564e8b,PaxExam-b240f8bf-ad88-44c0-9f79-e8b55c75704d,
[org.ops4j.pax.exam.raw.extender.intern.Probe] : Registering Service: org.ops4j.pax.exam.ProbeInvoker with Probe-Signature=&quot;PaxExam-b240f8bf-ad88-44c0-9f79-e8b55c75704d&quot; and expression=&quot;it.apice.sapere.space.TestLSAspace;testInjectExceptions&quot;
[org.ops4j.pax.exam.invoker.junit.internal.ContainerTestRunner] : running testInjectExceptions in reactor
[org.ops4j.pax.swissbox.extender.BundleWatcher] : Releasing bundle [PAXEXAM-PROBE-509c256b-6b37-42e4-bf1b-08f98137100d]
[org.ops4j.pax.swissbox.extender.BundleWatcher] : Un-registering [ManifestEntry{ key=PaxExam-ea14c16b-9713-442c-9dc1-dcbad45e88d7, value=it.apice.sapere.space.TestLSAspace;testScenario }, ManifestEntry{ key=PaxExam-a73a553a-9535-4ab5-ad8d-6a1b790e7eae, value=it.apice.sapere.space.TestLSAspace;testIgnoreExceptions }, ManifestEntry{ key=PaxExam-aece81ba-1d3b-4c16-953a-deda178d8487, value=it.apice.sapere.space.TestLSAspace;testReadExceptions }, ManifestEntry{ key=PaxExam-Executable, value=PaxExam-ea14c16b-9713-442c-9dc1-dcbad45e88d7,PaxExam-a73a553a-9535-4ab5-ad8d-6a1b790e7eae,PaxExam-aece81ba-1d3b-4c16-953a-deda178d8487,PaxExam-fcc37caf-ac75-4dbb-9be3-5ce6b42f45b9,PaxExam-88241e7e-f6f2-487b-b817-e4e55e44010b,PaxExam-1f493c05-1140-4481-95b2-b16995564e8b,PaxExam-b240f8bf-ad88-44c0-9f79-e8b55c75704d, }, ManifestEntry{ key=PaxExam-fcc37caf-ac75-4dbb-9be3-5ce6b42f45b9, value=it.apice.sapere.space.TestLSAspace;testObserveExceptions }, ManifestEntry{ key=PaxExam-88241e7e-f6f2-487b-b817-e4e55e44010b, value=it.apice.sapere.space.TestLSAspace;testUpdateExceptions }, ManifestEntry{ key=PaxExam-1f493c05-1140-4481-95b2-b16995564e8b, value=it.apice.sapere.space.TestLSAspace;testRemoveExceptions }, ManifestEntry{ key=PaxExam-b240f8bf-ad88-44c0-9f79-e8b55c75704d, value=it.apice.sapere.space.TestLSAspace;testInjectExceptions }]
[org.ops4j.pax.exam.raw.extender.intern.TestBundleObserver] : Unregistered testcase [org.ops4j.pax.exam.raw.extender.intern.Probe@67f42fbb.]
[org.ops4j.pax.swissbox.extender.BundleWatcher] : Releasing bundle [org.ops4j.pax.exam.invoker.junit]
SemanticWebSAPERE [RDFModel]: Stopping..
rdf-model&gt; LSAParser UNREGISTERED.
rdf-model&gt; LSAFactory UNREGISTERED.
rdf-model&gt; EcolawFactory UNREGISTERED.
rdf-model&gt; FormulaFactory UNREGISTERED.
[org.ops4j.pax.swissbox.extender.BundleWatcher] : Releasing bundle [semanticwebsapere-rdfmodel]
[org.ops4j.pax.swissbox.extender.BundleWatcher] : Releasing bundle [semanticwebsapere-testplan]
[org.ops4j.pax.swissbox.extender.BundleWatcher] : Releasing bundle [semanticwebsapere-requirements]
[org.ops4j.pax.swissbox.extender.BundleWatcher] : Releasing bundle [semanticwebsapere-api]
[org.ops4j.pax.swissbox.extender.BundleWatcher] : Releasing bundle [org.apache.servicemix.bundles.junit]
[org.ops4j.pax.swissbox.extender.BundleWatcher] : Releasing bundle [org.apache.geronimo.specs.geronimo-atinject_1.0_spec]
[org.ops4j.pax.swissbox.extender.BundleWatcher] : Releasing bundle [org.ops4j.pax.swissbox.lifecycle]
[org.ops4j.pax.swissbox.extender.BundleWatcher] : Releasing bundle [org.ops4j.pax.swissbox.framework]
[org.ops4j.pax.swissbox.extender.BundleWatcher] : Releasing bundle [org.ops4j.pax.swissbox.extender]
[org.ops4j.pax.swissbox.extender.BundleWatcher] : Releasing bundle [org.ops4j.pax.swissbox.core]
[org.ops4j.pax.swissbox.extender.BundleWatcher] : Releasing bundle [org.ops4j.base]
[org.ops4j.pax.swissbox.extender.BundleWatcher] : Releasing bundle [osgi.cmpn]
[org.ops4j.pax.swissbox.extender.BundleWatcher] : Releasing bundle [org.ops4j.pax.exam]
[org.ops4j.pax.swissbox.extender.BundleWatcher] : Releasing bundle [org.apache.felix.framework]
[org.ops4j.pax.swissbox.extender.BundleWatcher] : Releasing bundle [org.ops4j.pax.exam.extender.service]
[org.ops4j.pax.swissbox.extender.BundleWatcher] : Releasing bundle [org.ops4j.pax.exam.inject]
</system-out>
    <system-err>java.lang.ClassCastException: org.ops4j.pax.exam.rbc.internal.Activator cannot be cast to org.osgi.framework.BundleActivator
	at org.apache.felix.framework.Felix.createBundleActivator(Felix.java:4177)
	at org.apache.felix.framework.Felix.activateBundle(Felix.java:1972)
	at org.apache.felix.framework.Felix.startBundle(Felix.java:1895)
	at org.apache.felix.framework.Felix.setActiveStartLevel(Felix.java:1191)
	at org.apache.felix.framework.FrameworkStartLevelImpl.run(FrameworkStartLevelImpl.java:295)
	at java.lang.Thread.run(Thread.java:680)
java.lang.ClassCastException: org.ops4j.pax.logging.internal.Activator cannot be cast to org.osgi.framework.BundleActivator
	at org.apache.felix.framework.Felix.createBundleActivator(Felix.java:4177)
	at org.apache.felix.framework.Felix.activateBundle(Felix.java:1972)
	at org.apache.felix.framework.Felix.startBundle(Felix.java:1895)
	at org.apache.felix.framework.Felix.setActiveStartLevel(Felix.java:1191)
	at org.apache.felix.framework.FrameworkStartLevelImpl.run(FrameworkStartLevelImpl.java:295)
	at java.lang.Thread.run(Thread.java:680)
SLF4J: Class path contains multiple SLF4J bindings.
SLF4J: Found binding in [bundle://14.0:1/org/slf4j/impl/StaticLoggerBinder.class]
SLF4J: Found binding in [bundle://14.0:13/org/slf4j/impl/StaticLoggerBinder.class]
SLF4J: Found binding in [bundle://14.0:24/org/slf4j/impl/StaticLoggerBinder.class]
SLF4J: See http://www.slf4j.org/codes.html#multiple_bindings for an explanation.
log4j:ERROR A &quot;org.apache.log4j.ConsoleAppender&quot; object is not assignable to a &quot;org.apache.log4j.Appender&quot; variable.
log4j:ERROR The class &quot;org.apache.log4j.Appender&quot; was loaded by 
log4j:ERROR [org.apache.felix.framework.BundleWiringImpl@1aee75b7] whereas object of type 
log4j:ERROR &quot;org.apache.log4j.ConsoleAppender&quot; was loaded by [sun.misc.Launcher$AppClassLoader@53004901].
log4j:ERROR Could not instantiate appender named &quot;console&quot;.
java.lang.NoClassDefFoundError: org/w3c/dom/ElementTraversal
	at java.lang.ClassLoader.defineClass1(Native Method)
	at java.lang.ClassLoader.defineClassCond(ClassLoader.java:631)
	at java.lang.ClassLoader.defineClass(ClassLoader.java:615)
	at java.security.SecureClassLoader.defineClass(SecureClassLoader.java:141)
	at java.net.URLClassLoader.defineClass(URLClassLoader.java:283)
	at java.net.URLClassLoader.access$000(URLClassLoader.java:58)
	at java.net.URLClassLoader$1.run(URLClassLoader.java:197)
	at java.security.AccessController.doPrivileged(Native Method)
	at java.net.URLClassLoader.findClass(URLClassLoader.java:190)
	at java.lang.ClassLoader.loadClass(ClassLoader.java:306)
	at sun.misc.Launcher$AppClassLoader.loadClass(Launcher.java:301)
	at java.lang.ClassLoader.loadClass(ClassLoader.java:247)
	at org.apache.xerces.parsers.AbstractDOMParser.startDocument(Unknown Source)
	at org.apache.xerces.impl.dtd.XMLDTDValidator.startDocument(Unknown Source)
	at org.apache.xerces.impl.XMLDocumentScannerImpl.startEntity(Unknown Source)
	at org.apache.xerces.impl.XMLVersionDetector.startDocumentParsing(Unknown Source)
	at org.apache.xerces.parsers.XML11Configuration.parse(Unknown Source)
	at org.apache.xerces.parsers.XML11Configuration.parse(Unknown Source)
	at org.apache.xerces.parsers.XMLParser.parse(Unknown Source)
	at org.apache.xerces.parsers.DOMParser.parse(Unknown Source)
	at org.apache.xerces.jaxp.DocumentBuilderImpl.parse(Unknown Source)
	at java.util.XMLUtils.getLoadingDoc(XMLUtils.java:85)
	at java.util.XMLUtils.load(XMLUtils.java:57)
	at java.util.Properties.loadFromXML(Properties.java:852)
	at com.hp.hpl.jena.util.Metadata.read(Metadata.java:80)
	at com.hp.hpl.jena.util.Metadata.addMetadata(Metadata.java:54)
	at com.hp.hpl.jena.util.Metadata.&lt;init&gt;(Metadata.java:48)
	at com.hp.hpl.jena.JenaRuntime.&lt;clinit&gt;(JenaRuntime.java:37)
	at com.hp.hpl.jena.rdf.model.impl.RDFReaderFImpl.&lt;clinit&gt;(RDFReaderFImpl.java:74)
	at com.hp.hpl.jena.rdf.model.impl.ModelCom.&lt;clinit&gt;(ModelCom.java:54)
	at com.hp.hpl.jena.rdf.model.ModelFactory.createDefaultModel(ModelFactory.java:142)
	at com.hp.hpl.jena.rdf.model.ModelFactory.createDefaultModel(ModelFactory.java:136)
	at com.hp.hpl.jena.vocabulary.OWL.&lt;clinit&gt;(OWL.java:37)
	at com.hp.hpl.jena.ontology.ProfileRegistry.&lt;clinit&gt;(ProfileRegistry.java:47)
	at com.hp.hpl.jena.ontology.OntModelSpec.&lt;clinit&gt;(OntModelSpec.java:53)
	at it.apice.sapere.space.impl.LSAspaceImpl.initRDFGraphModel(LSAspaceImpl.java:64)
	at it.apice.sapere.api.space.core.impl.AbstractLSAspaceCoreImpl.&lt;init&gt;(AbstractLSAspaceCoreImpl.java:163)
	at it.apice.sapere.space.impl.LSAspaceImpl.&lt;init&gt;(LSAspaceImpl.java:35)
	at it.apice.sapere.space.internal.RDFSpaceActivator.registerLSAspace(RDFSpaceActivator.java:126)
	at it.apice.sapere.space.internal.RDFSpaceActivator.start(RDFSpaceActivator.java:55)
	at org.apache.felix.framework.util.SecureAction.startActivator(SecureAction.java:641)
	at org.apache.felix.framework.Felix.activateBundle(Felix.java:1977)
	at org.apache.felix.framework.Felix.startBundle(Felix.java:1895)
	at org.apache.felix.framework.Felix.setActiveStartLevel(Felix.java:1191)
	at org.apache.felix.framework.FrameworkStartLevelImpl.run(FrameworkStartLevelImpl.java:295)
	at java.lang.Thread.run(Thread.java:680)
Caused by: java.lang.ClassNotFoundException: org.w3c.dom.ElementTraversal
	at java.net.URLClassLoader$1.run(URLClassLoader.java:202)
	at java.security.AccessController.doPrivileged(Native Method)
	at java.net.URLClassLoader.findClass(URLClassLoader.java:190)
	at java.lang.ClassLoader.loadClass(ClassLoader.java:306)
	at sun.misc.Launcher$AppClassLoader.loadClass(Launcher.java:301)
	at java.lang.ClassLoader.loadClass(ClassLoader.java:247)
	... 46 more
</system-err>
  </testcase>
</testsuite>