<?xml version="1.0" encoding="UTF-8" ?>
<testsuite failures="0" time="99.227" errors="7" skipped="0" tests="7" name="it.apice.sapere.space.TestLSAspace">
  <properties>
[...]
</properties>
  <testcase time="13.774" classname="it.apice.sapere.space.TestLSAspace" name="testScenario:TestLSAspace.testScenario:NativeContainer:org.apache.felix.framework.FrameworkFactory@4a6e0a9">
    <error message="gave up waiting for service it.apice.sapere.api.space.core.LSAspaceCore" type="org.ops4j.pax.swissbox.framework.ServiceLookupException">org.ops4j.pax.swissbox.framework.ServiceLookupException: gave up waiting for service it.apice.sapere.api.space.core.LSAspaceCore
	at org.ops4j.pax.swissbox.framework.ServiceLookup.getService(ServiceLookup.java:122)
	at org.ops4j.pax.swissbox.framework.ServiceLookup.getService(ServiceLookup.java:83)
	at org.ops4j.pax.exam.inject.internal.ServiceInjector.injectField(ServiceInjector.java:86)
	at org.ops4j.pax.exam.inject.internal.ServiceInjector.injectDeclaredFields(ServiceInjector.java:70)
	at org.ops4j.pax.exam.inject.internal.ServiceInjector.injectFields(ServiceInjector.java:59)
	at org.ops4j.pax.exam.invoker.junit.internal.ContainerTestRunner.createTest(ContainerTestRunner.java:62)
	at org.junit.runners.BlockJUnit4ClassRunner$1.runReflectiveCall(BlockJUnit4ClassRunner.java:227)
	at org.junit.internal.runners.model.ReflectiveCallable.run(ReflectiveCallable.java:15)
	at org.junit.runners.BlockJUnit4ClassRunner.methodBlock(BlockJUnit4ClassRunner.java:224)
	at org.junit.runners.BlockJUnit4ClassRunner.runChild(BlockJUnit4ClassRunner.java:69)
	at org.ops4j.pax.exam.invoker.junit.internal.ContainerTestRunner.runChild(ContainerTestRunner.java:70)
	at org.ops4j.pax.exam.invoker.junit.internal.ContainerTestRunner.runChild(ContainerTestRunner.java:37)
	at org.junit.runners.ParentRunner$3.run(ParentRunner.java:231)
	at org.junit.runners.ParentRunner$1.schedule(ParentRunner.java:60)
	at org.junit.runners.ParentRunner.runChildren(ParentRunner.java:229)
	at org.junit.runners.ParentRunner.access$000(ParentRunner.java:50)
	at org.junit.runners.ParentRunner$2.evaluate(ParentRunner.java:222)
	at org.junit.runners.ParentRunner.run(ParentRunner.java:292)
	at org.junit.runner.JUnitCore.run(JUnitCore.java:157)
	at org.junit.runner.JUnitCore.run(JUnitCore.java:136)
	at org.ops4j.pax.exam.invoker.junit.internal.JUnitProbeInvoker.invokeViaJUnit(JUnitProbeInvoker.java:124)
	at org.ops4j.pax.exam.invoker.junit.internal.JUnitProbeInvoker.findAndInvoke(JUnitProbeInvoker.java:94)
	at org.ops4j.pax.exam.invoker.junit.internal.JUnitProbeInvoker.call(JUnitProbeInvoker.java:77)
	at org.ops4j.pax.exam.nat.internal.NativeTestContainer.call(NativeTestContainer.java:95)
	at org.ops4j.pax.exam.spi.reactors.AllConfinedStagedReactor.invoke(AllConfinedStagedReactor.java:74)
	at org.ops4j.pax.exam.junit.JUnit4TestRunner$3.evaluate(JUnit4TestRunner.java:304)
	at org.junit.runners.BlockJUnit4ClassRunner.runNotIgnored(BlockJUnit4ClassRunner.java:79)
	at org.junit.runners.BlockJUnit4ClassRunner.runChild(BlockJUnit4ClassRunner.java:71)
	at org.junit.runners.BlockJUnit4ClassRunner.runChild(BlockJUnit4ClassRunner.java:49)
	at org.junit.runners.ParentRunner$3.run(ParentRunner.java:193)
	at org.junit.runners.ParentRunner$1.schedule(ParentRunner.java:52)
	at org.junit.runners.ParentRunner.runChildren(ParentRunner.java:191)
	at org.junit.runners.ParentRunner.access$000(ParentRunner.java:42)
	at org.junit.runners.ParentRunner$2.evaluate(ParentRunner.java:184)
	at org.junit.runners.ParentRunner.run(ParentRunner.java:236)
	at org.ops4j.pax.exam.junit.JUnit4TestRunner.run(JUnit4TestRunner.java:93)
	at org.apache.maven.surefire.junit4.JUnit4Provider.execute(JUnit4Provider.java:236)
	at org.apache.maven.surefire.junit4.JUnit4Provider.executeTestSet(JUnit4Provider.java:134)
	at org.apache.maven.surefire.junit4.JUnit4Provider.invoke(JUnit4Provider.java:113)
	at sun.reflect.NativeMethodAccessorImpl.invoke0(Native Method)
	at sun.reflect.NativeMethodAccessorImpl.invoke(NativeMethodAccessorImpl.java:39)
	at sun.reflect.DelegatingMethodAccessorImpl.invoke(DelegatingMethodAccessorImpl.java:25)
	at java.lang.reflect.Method.invoke(Method.java:597)
	at org.apache.maven.surefire.util.ReflectionUtils.invokeMethodWithArray(ReflectionUtils.java:189)
	at org.apache.maven.surefire.booter.ProviderFactory$ProviderProxy.invoke(ProviderFactory.java:165)
	at org.apache.maven.surefire.booter.ProviderFactory.invokeProvider(ProviderFactory.java:85)
	at org.apache.maven.surefire.booter.ForkedBooter.runSuitesInProcess(ForkedBooter.java:103)
	at org.apache.maven.surefire.booter.ForkedBooter.main(ForkedBooter.java:74)
</error>
    <system-out>ERROR: Bundle org.ops4j.pax.exam.rbc [2] Error starting link:classpath:META-INF/links/org.ops4j.pax.exam.rbc.link (org.osgi.framework.BundleException: Activator start error in bundle org.ops4j.pax.exam.rbc [2].)
[org.ops4j.pax.swissbox.extender.BundleWatcher] : Creating bundle watcher with scanner [org.ops4j.pax.swissbox.extender.BundleManifestScanner@3739491b]...
[org.ops4j.pax.swissbox.extender.BundleWatcher] : Scanning bundle [org.apache.felix.framework]
[org.ops4j.pax.swissbox.extender.BundleWatcher] : Scanning bundle [org.ops4j.pax.exam]
[org.ops4j.pax.swissbox.extender.BundleWatcher] : Scanning bundle [org.ops4j.pax.exam.inject]
[org.ops4j.pax.swissbox.extender.BundleWatcher] : Scanning bundle [org.ops4j.pax.exam.extender.service]
[org.ops4j.pax.swissbox.extender.BundleWatcher] : Scanning bundle [osgi.cmpn]
[org.ops4j.pax.swissbox.extender.BundleWatcher] : Releasing bundle [org.ops4j.pax.logging.pax-logging-api]
ERROR: Bundle org.ops4j.pax.logging.pax-logging-api [6] Error starting link:classpath:META-INF/links/org.ops4j.pax.logging.api.link (org.osgi.framework.BundleException: Activator start error in bundle org.ops4j.pax.logging.pax-logging-api [6].)
[org.ops4j.pax.swissbox.extender.BundleWatcher] : Scanning bundle [org.ops4j.base]
[org.ops4j.pax.swissbox.extender.BundleWatcher] : Scanning bundle [org.ops4j.pax.swissbox.core]
[org.ops4j.pax.swissbox.extender.BundleWatcher] : Scanning bundle [org.ops4j.pax.swissbox.extender]
[org.ops4j.pax.swissbox.extender.BundleWatcher] : Scanning bundle [org.ops4j.pax.swissbox.framework]
[org.ops4j.pax.swissbox.extender.BundleWatcher] : Scanning bundle [org.ops4j.pax.swissbox.lifecycle]
[org.ops4j.pax.swissbox.extender.BundleWatcher] : Scanning bundle [org.apache.geronimo.specs.geronimo-atinject_1.0_spec]
[org.ops4j.pax.swissbox.extender.BundleWatcher] : Scanning bundle [org.apache.servicemix.bundles.junit]
[org.ops4j.pax.swissbox.extender.BundleWatcher] : Scanning bundle [semanticwebsapere-api]
[org.ops4j.pax.swissbox.extender.BundleWatcher] : Scanning bundle [semanticwebsapere-requirements]
[org.ops4j.pax.swissbox.extender.BundleWatcher] : Scanning bundle [semanticwebsapere-testplan]
SemanticWebSAPERE [RDFModel]: Starting up..
rdf-model&gt; LSAFactory REGISTERED
rdf-model&gt; LSAParser REGISTERED
rdf-model&gt; EcolawFactory REGISTERED
rdf-model&gt; FormulaFactory REGISTERED
rdf-model&gt; Node URI = http://www.sapere-project.eu/ontologies/2012/0/sapere-model.owl#nodeA7ECD889-85BE-4C9F-A66D-A4264685EE7F
[org.ops4j.pax.swissbox.extender.BundleWatcher] : Scanning bundle [semanticwebsapere-rdfmodel]
rdf-space&gt; Starting up..
rdf-space&gt; LSA Factory ACQUIRED
rdf-space&gt; LSA Compiler REGISTERED.
rdf-space&gt; Eco-law Compiler REGISTERED.
rdf-space&gt; NO reasoner enabled
[org.ops4j.pax.swissbox.extender.BundleWatcher] : Releasing bundle [semanticwebsapere-rdfspace]
ERROR: Bundle semanticwebsapere-rdfspace [17] Error starting mvn:it.apice.sapere/semanticwebsapere-rdfspace (org.osgi.framework.BundleException: Activator start error in bundle semanticwebsapere-rdfspace [17].)
[org.ops4j.pax.swissbox.extender.BundleWatcher] : Scanning bundle [org.ops4j.pax.exam.invoker.junit]
[org.ops4j.pax.swissbox.extender.BundleWatcher] : Scanning bundle [PAXEXAM-PROBE-e0c16729-1c41-4908-a15a-6832f83d021a]
[org.ops4j.pax.swissbox.extender.BundleWatcher] : Found resources [ManifestEntry{ key=PaxExam-bed0d45d-5a14-4448-ae4b-207e8b6718f3, value=it.apice.sapere.space.TestLSAspace;testInjectExceptions }, ManifestEntry{ key=PaxExam-Executable, value=PaxExam-bed0d45d-5a14-4448-ae4b-207e8b6718f3,PaxExam-6e5bff99-85a9-4158-80ad-5a9af67d6aa9,PaxExam-ca645139-01fc-4da4-8d39-242b3e905b07,PaxExam-0688f949-37f4-4c0e-bb31-a99ef5cfe325,PaxExam-11953a78-13c6-4193-8fc5-07c94a0d3da5,PaxExam-59232832-ae57-491f-90db-20e1e2b47e9f,PaxExam-f0dbd9ba-6b93-4cb7-be19-86bb0c50354b, }, ManifestEntry{ key=PaxExam-6e5bff99-85a9-4158-80ad-5a9af67d6aa9, value=it.apice.sapere.space.TestLSAspace;testReadExceptions }, ManifestEntry{ key=PaxExam-ca645139-01fc-4da4-8d39-242b3e905b07, value=it.apice.sapere.space.TestLSAspace;testIgnoreExceptions }, ManifestEntry{ key=PaxExam-11953a78-13c6-4193-8fc5-07c94a0d3da5, value=it.apice.sapere.space.TestLSAspace;testRemoveExceptions }, ManifestEntry{ key=PaxExam-0688f949-37f4-4c0e-bb31-a99ef5cfe325, value=it.apice.sapere.space.TestLSAspace;testScenario }, ManifestEntry{ key=PaxExam-59232832-ae57-491f-90db-20e1e2b47e9f, value=it.apice.sapere.space.TestLSAspace;testObserveExceptions }, ManifestEntry{ key=PaxExam-f0dbd9ba-6b93-4cb7-be19-86bb0c50354b, value=it.apice.sapere.space.TestLSAspace;testUpdateExceptions }]
[org.ops4j.pax.exam.raw.extender.intern.Probe] : Test PaxExam-bed0d45d-5a14-4448-ae4b-207e8b6718f3 to be in PaxExam-bed0d45d-5a14-4448-ae4b-207e8b6718f3,PaxExam-6e5bff99-85a9-4158-80ad-5a9af67d6aa9,PaxExam-ca645139-01fc-4da4-8d39-242b3e905b07,PaxExam-0688f949-37f4-4c0e-bb31-a99ef5cfe325,PaxExam-11953a78-13c6-4193-8fc5-07c94a0d3da5,PaxExam-59232832-ae57-491f-90db-20e1e2b47e9f,PaxExam-f0dbd9ba-6b93-4cb7-be19-86bb0c50354b,
[org.ops4j.pax.exam.raw.extender.intern.Probe] : Registering Service: org.ops4j.pax.exam.ProbeInvoker with Probe-Signature=&quot;PaxExam-bed0d45d-5a14-4448-ae4b-207e8b6718f3&quot; and expression=&quot;it.apice.sapere.space.TestLSAspace;testInjectExceptions&quot;
[org.ops4j.pax.exam.raw.extender.intern.Probe] : Test PaxExam-Executable to be in PaxExam-bed0d45d-5a14-4448-ae4b-207e8b6718f3,PaxExam-6e5bff99-85a9-4158-80ad-5a9af67d6aa9,PaxExam-ca645139-01fc-4da4-8d39-242b3e905b07,PaxExam-0688f949-37f4-4c0e-bb31-a99ef5cfe325,PaxExam-11953a78-13c6-4193-8fc5-07c94a0d3da5,PaxExam-59232832-ae57-491f-90db-20e1e2b47e9f,PaxExam-f0dbd9ba-6b93-4cb7-be19-86bb0c50354b,
[org.ops4j.pax.exam.raw.extender.intern.Probe] : Test PaxExam-6e5bff99-85a9-4158-80ad-5a9af67d6aa9 to be in PaxExam-bed0d45d-5a14-4448-ae4b-207e8b6718f3,PaxExam-6e5bff99-85a9-4158-80ad-5a9af67d6aa9,PaxExam-ca645139-01fc-4da4-8d39-242b3e905b07,PaxExam-0688f949-37f4-4c0e-bb31-a99ef5cfe325,PaxExam-11953a78-13c6-4193-8fc5-07c94a0d3da5,PaxExam-59232832-ae57-491f-90db-20e1e2b47e9f,PaxExam-f0dbd9ba-6b93-4cb7-be19-86bb0c50354b,
[org.ops4j.pax.exam.raw.extender.intern.Probe] : Registering Service: org.ops4j.pax.exam.ProbeInvoker with Probe-Signature=&quot;PaxExam-6e5bff99-85a9-4158-80ad-5a9af67d6aa9&quot; and expression=&quot;it.apice.sapere.space.TestLSAspace;testReadExceptions&quot;
[org.ops4j.pax.exam.raw.extender.intern.Probe] : Test PaxExam-ca645139-01fc-4da4-8d39-242b3e905b07 to be in PaxExam-bed0d45d-5a14-4448-ae4b-207e8b6718f3,PaxExam-6e5bff99-85a9-4158-80ad-5a9af67d6aa9,PaxExam-ca645139-01fc-4da4-8d39-242b3e905b07,PaxExam-0688f949-37f4-4c0e-bb31-a99ef5cfe325,PaxExam-11953a78-13c6-4193-8fc5-07c94a0d3da5,PaxExam-59232832-ae57-491f-90db-20e1e2b47e9f,PaxExam-f0dbd9ba-6b93-4cb7-be19-86bb0c50354b,
[org.ops4j.pax.exam.raw.extender.intern.Probe] : Registering Service: org.ops4j.pax.exam.ProbeInvoker with Probe-Signature=&quot;PaxExam-ca645139-01fc-4da4-8d39-242b3e905b07&quot; and expression=&quot;it.apice.sapere.space.TestLSAspace;testIgnoreExceptions&quot;
[org.ops4j.pax.exam.raw.extender.intern.Probe] : Test PaxExam-11953a78-13c6-4193-8fc5-07c94a0d3da5 to be in PaxExam-bed0d45d-5a14-4448-ae4b-207e8b6718f3,PaxExam-6e5bff99-85a9-4158-80ad-5a9af67d6aa9,PaxExam-ca645139-01fc-4da4-8d39-242b3e905b07,PaxExam-0688f949-37f4-4c0e-bb31-a99ef5cfe325,PaxExam-11953a78-13c6-4193-8fc5-07c94a0d3da5,PaxExam-59232832-ae57-491f-90db-20e1e2b47e9f,PaxExam-f0dbd9ba-6b93-4cb7-be19-86bb0c50354b,
[org.ops4j.pax.exam.raw.extender.intern.Probe] : Registering Service: org.ops4j.pax.exam.ProbeInvoker with Probe-Signature=&quot;PaxExam-11953a78-13c6-4193-8fc5-07c94a0d3da5&quot; and expression=&quot;it.apice.sapere.space.TestLSAspace;testRemoveExceptions&quot;
[org.ops4j.pax.exam.raw.extender.intern.Probe] : Test PaxExam-0688f949-37f4-4c0e-bb31-a99ef5cfe325 to be in PaxExam-bed0d45d-5a14-4448-ae4b-207e8b6718f3,PaxExam-6e5bff99-85a9-4158-80ad-5a9af67d6aa9,PaxExam-ca645139-01fc-4da4-8d39-242b3e905b07,PaxExam-0688f949-37f4-4c0e-bb31-a99ef5cfe325,PaxExam-11953a78-13c6-4193-8fc5-07c94a0d3da5,PaxExam-59232832-ae57-491f-90db-20e1e2b47e9f,PaxExam-f0dbd9ba-6b93-4cb7-be19-86bb0c50354b,
[org.ops4j.pax.exam.raw.extender.intern.Probe] : Registering Service: org.ops4j.pax.exam.ProbeInvoker with Probe-Signature=&quot;PaxExam-0688f949-37f4-4c0e-bb31-a99ef5cfe325&quot; and expression=&quot;it.apice.sapere.space.TestLSAspace;testScenario&quot;
[org.ops4j.pax.exam.raw.extender.intern.Probe] : Test PaxExam-59232832-ae57-491f-90db-20e1e2b47e9f to be in PaxExam-bed0d45d-5a14-4448-ae4b-207e8b6718f3,PaxExam-6e5bff99-85a9-4158-80ad-5a9af67d6aa9,PaxExam-ca645139-01fc-4da4-8d39-242b3e905b07,PaxExam-0688f949-37f4-4c0e-bb31-a99ef5cfe325,PaxExam-11953a78-13c6-4193-8fc5-07c94a0d3da5,PaxExam-59232832-ae57-491f-90db-20e1e2b47e9f,PaxExam-f0dbd9ba-6b93-4cb7-be19-86bb0c50354b,
[org.ops4j.pax.exam.raw.extender.intern.Probe] : Registering Service: org.ops4j.pax.exam.ProbeInvoker with Probe-Signature=&quot;PaxExam-59232832-ae57-491f-90db-20e1e2b47e9f&quot; and expression=&quot;it.apice.sapere.space.TestLSAspace;testObserveExceptions&quot;
[org.ops4j.pax.exam.raw.extender.intern.Probe] : Test PaxExam-f0dbd9ba-6b93-4cb7-be19-86bb0c50354b to be in PaxExam-bed0d45d-5a14-4448-ae4b-207e8b6718f3,PaxExam-6e5bff99-85a9-4158-80ad-5a9af67d6aa9,PaxExam-ca645139-01fc-4da4-8d39-242b3e905b07,PaxExam-0688f949-37f4-4c0e-bb31-a99ef5cfe325,PaxExam-11953a78-13c6-4193-8fc5-07c94a0d3da5,PaxExam-59232832-ae57-491f-90db-20e1e2b47e9f,PaxExam-f0dbd9ba-6b93-4cb7-be19-86bb0c50354b,
[org.ops4j.pax.exam.raw.extender.intern.Probe] : Registering Service: org.ops4j.pax.exam.ProbeInvoker with Probe-Signature=&quot;PaxExam-f0dbd9ba-6b93-4cb7-be19-86bb0c50354b&quot; and expression=&quot;it.apice.sapere.space.TestLSAspace;testUpdateExceptions&quot;
[org.ops4j.pax.exam.invoker.junit.internal.ContainerTestRunner] : running testScenario in reactor
[org.ops4j.pax.swissbox.extender.BundleWatcher] : Releasing bundle [PAXEXAM-PROBE-e0c16729-1c41-4908-a15a-6832f83d021a]
[org.ops4j.pax.swissbox.extender.BundleWatcher] : Un-registering [ManifestEntry{ key=PaxExam-bed0d45d-5a14-4448-ae4b-207e8b6718f3, value=it.apice.sapere.space.TestLSAspace;testInjectExceptions }, ManifestEntry{ key=PaxExam-Executable, value=PaxExam-bed0d45d-5a14-4448-ae4b-207e8b6718f3,PaxExam-6e5bff99-85a9-4158-80ad-5a9af67d6aa9,PaxExam-ca645139-01fc-4da4-8d39-242b3e905b07,PaxExam-0688f949-37f4-4c0e-bb31-a99ef5cfe325,PaxExam-11953a78-13c6-4193-8fc5-07c94a0d3da5,PaxExam-59232832-ae57-491f-90db-20e1e2b47e9f,PaxExam-f0dbd9ba-6b93-4cb7-be19-86bb0c50354b, }, ManifestEntry{ key=PaxExam-6e5bff99-85a9-4158-80ad-5a9af67d6aa9, value=it.apice.sapere.space.TestLSAspace;testReadExceptions }, ManifestEntry{ key=PaxExam-ca645139-01fc-4da4-8d39-242b3e905b07, value=it.apice.sapere.space.TestLSAspace;testIgnoreExceptions }, ManifestEntry{ key=PaxExam-11953a78-13c6-4193-8fc5-07c94a0d3da5, value=it.apice.sapere.space.TestLSAspace;testRemoveExceptions }, ManifestEntry{ key=PaxExam-0688f949-37f4-4c0e-bb31-a99ef5cfe325, value=it.apice.sapere.space.TestLSAspace;testScenario }, ManifestEntry{ key=PaxExam-59232832-ae57-491f-90db-20e1e2b47e9f, value=it.apice.sapere.space.TestLSAspace;testObserveExceptions }, ManifestEntry{ key=PaxExam-f0dbd9ba-6b93-4cb7-be19-86bb0c50354b, value=it.apice.sapere.space.TestLSAspace;testUpdateExceptions }]
[org.ops4j.pax.exam.raw.extender.intern.TestBundleObserver] : Unregistered testcase [org.ops4j.pax.exam.raw.extender.intern.Probe@2a7d2796.]
[org.ops4j.pax.swissbox.extender.BundleWatcher] : Releasing bundle [org.ops4j.pax.exam.invoker.junit]
SemanticWebSAPERE [RDFModel]: Stopping..
rdf-model&gt; LSAParser UNREGISTERED.
rdf-model&gt; LSAFactory UNREGISTERED.
rdf-model&gt; EcolawFactory UNREGISTERED.
rdf-model&gt; FormulaFactory UNREGISTERED.
[org.ops4j.pax.swissbox.extender.BundleWatcher] : Releasing bundle [semanticwebsapere-rdfmodel]
[org.ops4j.pax.swissbox.extender.BundleWatcher] : Releasing bundle [semanticwebsapere-testplan]
[org.ops4j.pax.swissbox.extender.BundleWatcher] : Releasing bundle [semanticwebsapere-requirements]
[org.ops4j.pax.swissbox.extender.BundleWatcher] : Releasing bundle [semanticwebsapere-api]
[org.ops4j.pax.swissbox.extender.BundleWatcher] : Releasing bundle [org.apache.servicemix.bundles.junit]
[org.ops4j.pax.swissbox.extender.BundleWatcher] : Releasing bundle [org.apache.geronimo.specs.geronimo-atinject_1.0_spec]
[org.ops4j.pax.swissbox.extender.BundleWatcher] : Releasing bundle [org.ops4j.pax.swissbox.lifecycle]
[org.ops4j.pax.swissbox.extender.BundleWatcher] : Releasing bundle [org.ops4j.pax.swissbox.framework]
[org.ops4j.pax.swissbox.extender.BundleWatcher] : Releasing bundle [org.ops4j.pax.swissbox.extender]
[org.ops4j.pax.swissbox.extender.BundleWatcher] : Releasing bundle [org.ops4j.pax.swissbox.core]
[org.ops4j.pax.swissbox.extender.BundleWatcher] : Releasing bundle [org.ops4j.base]
[org.ops4j.pax.swissbox.extender.BundleWatcher] : Releasing bundle [osgi.cmpn]
[org.ops4j.pax.swissbox.extender.BundleWatcher] : Releasing bundle [org.apache.felix.framework]
[org.ops4j.pax.swissbox.extender.BundleWatcher] : Releasing bundle [org.ops4j.pax.exam.extender.service]
[org.ops4j.pax.swissbox.extender.BundleWatcher] : Releasing bundle [org.ops4j.pax.exam]
[org.ops4j.pax.swissbox.extender.BundleWatcher] : Releasing bundle [org.ops4j.pax.exam.inject]
</system-out>
    <system-err>java.lang.ClassCastException: org.ops4j.pax.exam.rbc.internal.Activator cannot be cast to org.osgi.framework.BundleActivator
	at org.apache.felix.framework.Felix.createBundleActivator(Felix.java:4177)
	at org.apache.felix.framework.Felix.activateBundle(Felix.java:1972)
	at org.apache.felix.framework.Felix.startBundle(Felix.java:1895)
	at org.apache.felix.framework.Felix.setActiveStartLevel(Felix.java:1191)
	at org.apache.felix.framework.FrameworkStartLevelImpl.run(FrameworkStartLevelImpl.java:295)
	at java.lang.Thread.run(Thread.java:680)
java.lang.ClassCastException: org.ops4j.pax.logging.internal.Activator cannot be cast to org.osgi.framework.BundleActivator
	at org.apache.felix.framework.Felix.createBundleActivator(Felix.java:4177)
	at org.apache.felix.framework.Felix.activateBundle(Felix.java:1972)
	at org.apache.felix.framework.Felix.startBundle(Felix.java:1895)
	at org.apache.felix.framework.Felix.setActiveStartLevel(Felix.java:1191)
	at org.apache.felix.framework.FrameworkStartLevelImpl.run(FrameworkStartLevelImpl.java:295)
	at java.lang.Thread.run(Thread.java:680)
SLF4J: Class path contains multiple SLF4J bindings.
SLF4J: Found binding in [bundle://14.0:1/org/slf4j/impl/StaticLoggerBinder.class]
SLF4J: Found binding in [bundle://14.0:15/org/slf4j/impl/StaticLoggerBinder.class]
SLF4J: Found binding in [bundle://14.0:27/org/slf4j/impl/StaticLoggerBinder.class]
SLF4J: See http://www.slf4j.org/codes.html#multiple_bindings for an explanation.
log4j:ERROR A &quot;org.apache.log4j.ConsoleAppender&quot; object is not assignable to a &quot;org.apache.log4j.Appender&quot; variable.
log4j:ERROR The class &quot;org.apache.log4j.Appender&quot; was loaded by 
log4j:ERROR [org.apache.felix.framework.BundleWiringImpl@7a0aae8a] whereas object of type 
log4j:ERROR &quot;org.apache.log4j.ConsoleAppender&quot; was loaded by [sun.misc.Launcher$AppClassLoader@43be2d65].
log4j:ERROR Could not instantiate appender named &quot;console&quot;.
java.lang.NoClassDefFoundError: org/w3c/dom/ElementTraversal
	at java.lang.ClassLoader.defineClass1(Native Method)
	at java.lang.ClassLoader.defineClassCond(ClassLoader.java:631)
	at java.lang.ClassLoader.defineClass(ClassLoader.java:615)
	at java.security.SecureClassLoader.defineClass(SecureClassLoader.java:141)
	at java.net.URLClassLoader.defineClass(URLClassLoader.java:283)
	at java.net.URLClassLoader.access$000(URLClassLoader.java:58)
	at java.net.URLClassLoader$1.run(URLClassLoader.java:197)
	at java.security.AccessController.doPrivileged(Native Method)
	at java.net.URLClassLoader.findClass(URLClassLoader.java:190)
	at java.lang.ClassLoader.loadClass(ClassLoader.java:306)
	at sun.misc.Launcher$AppClassLoader.loadClass(Launcher.java:301)
	at java.lang.ClassLoader.loadClass(ClassLoader.java:247)
	at org.apache.xerces.parsers.AbstractDOMParser.startDocument(Unknown Source)
	at org.apache.xerces.impl.dtd.XMLDTDValidator.startDocument(Unknown Source)
	at org.apache.xerces.impl.XMLDocumentScannerImpl.startEntity(Unknown Source)
	at org.apache.xerces.impl.XMLVersionDetector.startDocumentParsing(Unknown Source)
	at org.apache.xerces.parsers.XML11Configuration.parse(Unknown Source)
	at org.apache.xerces.parsers.XML11Configuration.parse(Unknown Source)
	at org.apache.xerces.parsers.XMLParser.parse(Unknown Source)
	at org.apache.xerces.parsers.DOMParser.parse(Unknown Source)
	at org.apache.xerces.jaxp.DocumentBuilderImpl.parse(Unknown Source)
	at java.util.XMLUtils.getLoadingDoc(XMLUtils.java:82)
	at java.util.XMLUtils.load(XMLUtils.java:54)
	at java.util.Properties.loadFromXML(Properties.java:852)
	at com.hp.hpl.jena.util.Metadata.read(Metadata.java:80)
	at com.hp.hpl.jena.util.Metadata.addMetadata(Metadata.java:54)
	at com.hp.hpl.jena.util.Metadata.&lt;init&gt;(Metadata.java:48)
	at com.hp.hpl.jena.JenaRuntime.&lt;clinit&gt;(JenaRuntime.java:37)
	at com.hp.hpl.jena.rdf.model.impl.RDFReaderFImpl.&lt;clinit&gt;(RDFReaderFImpl.java:74)
	at com.hp.hpl.jena.rdf.model.impl.ModelCom.&lt;clinit&gt;(ModelCom.java:54)
	at com.hp.hpl.jena.rdf.model.ModelFactory.createDefaultModel(ModelFactory.java:142)
	at com.hp.hpl.jena.rdf.model.ModelFactory.createDefaultModel(ModelFactory.java:136)
	at com.hp.hpl.jena.vocabulary.OWL.&lt;clinit&gt;(OWL.java:37)
	at com.hp.hpl.jena.ontology.ProfileRegistry.&lt;clinit&gt;(ProfileRegistry.java:47)
	at com.hp.hpl.jena.ontology.OntModelSpec.&lt;clinit&gt;(OntModelSpec.java:53)
	at it.apice.sapere.space.impl.LSAspaceImpl.initRDFGraphModel(LSAspaceImpl.java:64)
	at it.apice.sapere.api.space.core.impl.AbstractLSAspaceCoreImpl.&lt;init&gt;(AbstractLSAspaceCoreImpl.java:207)
	at it.apice.sapere.space.impl.LSAspaceImpl.&lt;init&gt;(LSAspaceImpl.java:35)
	at it.apice.sapere.space.internal.RDFSpaceActivator.registerLSAspace(RDFSpaceActivator.java:170)
	at it.apice.sapere.space.internal.RDFSpaceActivator.start(RDFSpaceActivator.java:67)
	at org.apache.felix.framework.util.SecureAction.startActivator(SecureAction.java:641)
	at org.apache.felix.framework.Felix.activateBundle(Felix.java:1977)
	at org.apache.felix.framework.Felix.startBundle(Felix.java:1895)
	at org.apache.felix.framework.Felix.setActiveStartLevel(Felix.java:1191)
	at org.apache.felix.framework.FrameworkStartLevelImpl.run(FrameworkStartLevelImpl.java:295)
	at java.lang.Thread.run(Thread.java:680)
Caused by: java.lang.ClassNotFoundException: org.w3c.dom.ElementTraversal
	at java.net.URLClassLoader$1.run(URLClassLoader.java:202)
	at java.security.AccessController.doPrivileged(Native Method)
	at java.net.URLClassLoader.findClass(URLClassLoader.java:190)
	at java.lang.ClassLoader.loadClass(ClassLoader.java:306)
	at sun.misc.Launcher$AppClassLoader.loadClass(Launcher.java:301)
	at java.lang.ClassLoader.loadClass(ClassLoader.java:247)
	... 46 more
</system-err>
  </testcase>
  <testcase time="13.604" classname="it.apice.sapere.space.TestLSAspace" name="testIgnoreExceptions:TestLSAspace.testIgnoreExceptions:NativeContainer:org.apache.felix.framework.FrameworkFactory@4a6e0a9">
    <error message="gave up waiting for service it.apice.sapere.api.space.core.LSAspaceCore" type="org.ops4j.pax.swissbox.framework.ServiceLookupException">org.ops4j.pax.swissbox.framework.ServiceLookupException: gave up waiting for service it.apice.sapere.api.space.core.LSAspaceCore
	at org.ops4j.pax.swissbox.framework.ServiceLookup.getService(ServiceLookup.java:122)
	at org.ops4j.pax.swissbox.framework.ServiceLookup.getService(ServiceLookup.java:83)
	at org.ops4j.pax.exam.inject.internal.ServiceInjector.injectField(ServiceInjector.java:86)
	at org.ops4j.pax.exam.inject.internal.ServiceInjector.injectDeclaredFields(ServiceInjector.java:70)
	at org.ops4j.pax.exam.inject.internal.ServiceInjector.injectFields(ServiceInjector.java:59)
	at org.ops4j.pax.exam.invoker.junit.internal.ContainerTestRunner.createTest(ContainerTestRunner.java:62)
	at org.junit.runners.BlockJUnit4ClassRunner$1.runReflectiveCall(BlockJUnit4ClassRunner.java:227)
	at org.junit.internal.runners.model.ReflectiveCallable.run(ReflectiveCallable.java:15)
	at org.junit.runners.BlockJUnit4ClassRunner.methodBlock(BlockJUnit4ClassRunner.java:224)
	at org.junit.runners.BlockJUnit4ClassRunner.runChild(BlockJUnit4ClassRunner.java:69)
	at org.ops4j.pax.exam.invoker.junit.internal.ContainerTestRunner.runChild(ContainerTestRunner.java:70)
	at org.ops4j.pax.exam.invoker.junit.internal.ContainerTestRunner.runChild(ContainerTestRunner.java:37)
	at org.junit.runners.ParentRunner$3.run(ParentRunner.java:231)
	at org.junit.runners.ParentRunner$1.schedule(ParentRunner.java:60)
	at org.junit.runners.ParentRunner.runChildren(ParentRunner.java:229)
	at org.junit.runners.ParentRunner.access$000(ParentRunner.java:50)
	at org.junit.runners.ParentRunner$2.evaluate(ParentRunner.java:222)
	at org.junit.runners.ParentRunner.run(ParentRunner.java:292)
	at org.junit.runner.JUnitCore.run(JUnitCore.java:157)
	at org.junit.runner.JUnitCore.run(JUnitCore.java:136)
	at org.ops4j.pax.exam.invoker.junit.internal.JUnitProbeInvoker.invokeViaJUnit(JUnitProbeInvoker.java:124)
	at org.ops4j.pax.exam.invoker.junit.internal.JUnitProbeInvoker.findAndInvoke(JUnitProbeInvoker.java:94)
	at org.ops4j.pax.exam.invoker.junit.internal.JUnitProbeInvoker.call(JUnitProbeInvoker.java:77)
	at org.ops4j.pax.exam.nat.internal.NativeTestContainer.call(NativeTestContainer.java:95)
	at org.ops4j.pax.exam.spi.reactors.AllConfinedStagedReactor.invoke(AllConfinedStagedReactor.java:74)
	at org.ops4j.pax.exam.junit.JUnit4TestRunner$3.evaluate(JUnit4TestRunner.java:304)
	at org.junit.runners.BlockJUnit4ClassRunner.runNotIgnored(BlockJUnit4ClassRunner.java:79)
	at org.junit.runners.BlockJUnit4ClassRunner.runChild(BlockJUnit4ClassRunner.java:71)
	at org.junit.runners.BlockJUnit4ClassRunner.runChild(BlockJUnit4ClassRunner.java:49)
	at org.junit.runners.ParentRunner$3.run(ParentRunner.java:193)
	at org.junit.runners.ParentRunner$1.schedule(ParentRunner.java:52)
	at org.junit.runners.ParentRunner.runChildren(ParentRunner.java:191)
	at org.junit.runners.ParentRunner.access$000(ParentRunner.java:42)
	at org.junit.runners.ParentRunner$2.evaluate(ParentRunner.java:184)
	at org.junit.runners.ParentRunner.run(ParentRunner.java:236)
	at org.ops4j.pax.exam.junit.JUnit4TestRunner.run(JUnit4TestRunner.java:93)
	at org.apache.maven.surefire.junit4.JUnit4Provider.execute(JUnit4Provider.java:236)
	at org.apache.maven.surefire.junit4.JUnit4Provider.executeTestSet(JUnit4Provider.java:134)
	at org.apache.maven.surefire.junit4.JUnit4Provider.invoke(JUnit4Provider.java:113)
	at sun.reflect.NativeMethodAccessorImpl.invoke0(Native Method)
	at sun.reflect.NativeMethodAccessorImpl.invoke(NativeMethodAccessorImpl.java:39)
	at sun.reflect.DelegatingMethodAccessorImpl.invoke(DelegatingMethodAccessorImpl.java:25)
	at java.lang.reflect.Method.invoke(Method.java:597)
	at org.apache.maven.surefire.util.ReflectionUtils.invokeMethodWithArray(ReflectionUtils.java:189)
	at org.apache.maven.surefire.booter.ProviderFactory$ProviderProxy.invoke(ProviderFactory.java:165)
	at org.apache.maven.surefire.booter.ProviderFactory.invokeProvider(ProviderFactory.java:85)
	at org.apache.maven.surefire.booter.ForkedBooter.runSuitesInProcess(ForkedBooter.java:103)
	at org.apache.maven.surefire.booter.ForkedBooter.main(ForkedBooter.java:74)
</error>
    <system-out>ERROR: Bundle org.ops4j.pax.exam.rbc [2] Error starting link:classpath:META-INF/links/org.ops4j.pax.exam.rbc.link (org.osgi.framework.BundleException: Activator start error in bundle org.ops4j.pax.exam.rbc [2].)
[org.ops4j.pax.swissbox.extender.BundleWatcher] : Creating bundle watcher with scanner [org.ops4j.pax.swissbox.extender.BundleManifestScanner@2161fcdd]...
[org.ops4j.pax.swissbox.extender.BundleWatcher] : Scanning bundle [org.apache.felix.framework]
[org.ops4j.pax.swissbox.extender.BundleWatcher] : Scanning bundle [org.ops4j.pax.exam]
[org.ops4j.pax.swissbox.extender.BundleWatcher] : Scanning bundle [org.ops4j.pax.exam.inject]
[org.ops4j.pax.swissbox.extender.BundleWatcher] : Scanning bundle [org.ops4j.pax.exam.extender.service]
[org.ops4j.pax.swissbox.extender.BundleWatcher] : Scanning bundle [osgi.cmpn]
[org.ops4j.pax.swissbox.extender.BundleWatcher] : Releasing bundle [org.ops4j.pax.logging.pax-logging-api]
ERROR: Bundle org.ops4j.pax.logging.pax-logging-api [6] Error starting link:classpath:META-INF/links/org.ops4j.pax.logging.api.link (org.osgi.framework.BundleException: Activator start error in bundle org.ops4j.pax.logging.pax-logging-api [6].)
[org.ops4j.pax.swissbox.extender.BundleWatcher] : Scanning bundle [org.ops4j.base]
[org.ops4j.pax.swissbox.extender.BundleWatcher] : Scanning bundle [org.ops4j.pax.swissbox.core]
[org.ops4j.pax.swissbox.extender.BundleWatcher] : Scanning bundle [org.ops4j.pax.swissbox.extender]
[org.ops4j.pax.swissbox.extender.BundleWatcher] : Scanning bundle [org.ops4j.pax.swissbox.framework]
[org.ops4j.pax.swissbox.extender.BundleWatcher] : Scanning bundle [org.ops4j.pax.swissbox.lifecycle]
[org.ops4j.pax.swissbox.extender.BundleWatcher] : Scanning bundle [org.apache.geronimo.specs.geronimo-atinject_1.0_spec]
[org.ops4j.pax.swissbox.extender.BundleWatcher] : Scanning bundle [org.apache.servicemix.bundles.junit]
[org.ops4j.pax.swissbox.extender.BundleWatcher] : Scanning bundle [semanticwebsapere-api]
[org.ops4j.pax.swissbox.extender.BundleWatcher] : Scanning bundle [semanticwebsapere-requirements]
[org.ops4j.pax.swissbox.extender.BundleWatcher] : Scanning bundle [semanticwebsapere-testplan]
SemanticWebSAPERE [RDFModel]: Starting up..
rdf-model&gt; LSAFactory REGISTERED
rdf-model&gt; LSAParser REGISTERED
rdf-model&gt; EcolawFactory REGISTERED
rdf-model&gt; FormulaFactory REGISTERED
rdf-model&gt; Node URI = http://www.sapere-project.eu/ontologies/2012/0/sapere-model.owl#node2B97FE44-6445-4FF0-BB74-37EB69EFF9BE
[org.ops4j.pax.swissbox.extender.BundleWatcher] : Scanning bundle [semanticwebsapere-rdfmodel]
rdf-space&gt; Starting up..
rdf-space&gt; LSA Factory ACQUIRED
rdf-space&gt; LSA Compiler REGISTERED.
rdf-space&gt; Eco-law Compiler REGISTERED.
rdf-space&gt; NO reasoner enabled
[org.ops4j.pax.swissbox.extender.BundleWatcher] : Releasing bundle [semanticwebsapere-rdfspace]
ERROR: Bundle semanticwebsapere-rdfspace [17] Error starting mvn:it.apice.sapere/semanticwebsapere-rdfspace (org.osgi.framework.BundleException: Activator start error in bundle semanticwebsapere-rdfspace [17].)
[org.ops4j.pax.swissbox.extender.BundleWatcher] : Scanning bundle [org.ops4j.pax.exam.invoker.junit]
[org.ops4j.pax.swissbox.extender.BundleWatcher] : Scanning bundle [PAXEXAM-PROBE-e0c16729-1c41-4908-a15a-6832f83d021a]
[org.ops4j.pax.swissbox.extender.BundleWatcher] : Found resources [ManifestEntry{ key=PaxExam-bed0d45d-5a14-4448-ae4b-207e8b6718f3, value=it.apice.sapere.space.TestLSAspace;testInjectExceptions }, ManifestEntry{ key=PaxExam-Executable, value=PaxExam-bed0d45d-5a14-4448-ae4b-207e8b6718f3,PaxExam-6e5bff99-85a9-4158-80ad-5a9af67d6aa9,PaxExam-ca645139-01fc-4da4-8d39-242b3e905b07,PaxExam-0688f949-37f4-4c0e-bb31-a99ef5cfe325,PaxExam-11953a78-13c6-4193-8fc5-07c94a0d3da5,PaxExam-59232832-ae57-491f-90db-20e1e2b47e9f,PaxExam-f0dbd9ba-6b93-4cb7-be19-86bb0c50354b, }, ManifestEntry{ key=PaxExam-6e5bff99-85a9-4158-80ad-5a9af67d6aa9, value=it.apice.sapere.space.TestLSAspace;testReadExceptions }, ManifestEntry{ key=PaxExam-ca645139-01fc-4da4-8d39-242b3e905b07, value=it.apice.sapere.space.TestLSAspace;testIgnoreExceptions }, ManifestEntry{ key=PaxExam-11953a78-13c6-4193-8fc5-07c94a0d3da5, value=it.apice.sapere.space.TestLSAspace;testRemoveExceptions }, ManifestEntry{ key=PaxExam-0688f949-37f4-4c0e-bb31-a99ef5cfe325, value=it.apice.sapere.space.TestLSAspace;testScenario }, ManifestEntry{ key=PaxExam-59232832-ae57-491f-90db-20e1e2b47e9f, value=it.apice.sapere.space.TestLSAspace;testObserveExceptions }, ManifestEntry{ key=PaxExam-f0dbd9ba-6b93-4cb7-be19-86bb0c50354b, value=it.apice.sapere.space.TestLSAspace;testUpdateExceptions }]
[org.ops4j.pax.exam.raw.extender.intern.Probe] : Test PaxExam-bed0d45d-5a14-4448-ae4b-207e8b6718f3 to be in PaxExam-bed0d45d-5a14-4448-ae4b-207e8b6718f3,PaxExam-6e5bff99-85a9-4158-80ad-5a9af67d6aa9,PaxExam-ca645139-01fc-4da4-8d39-242b3e905b07,PaxExam-0688f949-37f4-4c0e-bb31-a99ef5cfe325,PaxExam-11953a78-13c6-4193-8fc5-07c94a0d3da5,PaxExam-59232832-ae57-491f-90db-20e1e2b47e9f,PaxExam-f0dbd9ba-6b93-4cb7-be19-86bb0c50354b,
[org.ops4j.pax.exam.raw.extender.intern.Probe] : Registering Service: org.ops4j.pax.exam.ProbeInvoker with Probe-Signature=&quot;PaxExam-bed0d45d-5a14-4448-ae4b-207e8b6718f3&quot; and expression=&quot;it.apice.sapere.space.TestLSAspace;testInjectExceptions&quot;
[org.ops4j.pax.exam.raw.extender.intern.Probe] : Test PaxExam-Executable to be in PaxExam-bed0d45d-5a14-4448-ae4b-207e8b6718f3,PaxExam-6e5bff99-85a9-4158-80ad-5a9af67d6aa9,PaxExam-ca645139-01fc-4da4-8d39-242b3e905b07,PaxExam-0688f949-37f4-4c0e-bb31-a99ef5cfe325,PaxExam-11953a78-13c6-4193-8fc5-07c94a0d3da5,PaxExam-59232832-ae57-491f-90db-20e1e2b47e9f,PaxExam-f0dbd9ba-6b93-4cb7-be19-86bb0c50354b,
[org.ops4j.pax.exam.raw.extender.intern.Probe] : Test PaxExam-6e5bff99-85a9-4158-80ad-5a9af67d6aa9 to be in PaxExam-bed0d45d-5a14-4448-ae4b-207e8b6718f3,PaxExam-6e5bff99-85a9-4158-80ad-5a9af67d6aa9,PaxExam-ca645139-01fc-4da4-8d39-242b3e905b07,PaxExam-0688f949-37f4-4c0e-bb31-a99ef5cfe325,PaxExam-11953a78-13c6-4193-8fc5-07c94a0d3da5,PaxExam-59232832-ae57-491f-90db-20e1e2b47e9f,PaxExam-f0dbd9ba-6b93-4cb7-be19-86bb0c50354b,
[org.ops4j.pax.exam.raw.extender.intern.Probe] : Registering Service: org.ops4j.pax.exam.ProbeInvoker with Probe-Signature=&quot;PaxExam-6e5bff99-85a9-4158-80ad-5a9af67d6aa9&quot; and expression=&quot;it.apice.sapere.space.TestLSAspace;testReadExceptions&quot;
[org.ops4j.pax.exam.raw.extender.intern.Probe] : Test PaxExam-ca645139-01fc-4da4-8d39-242b3e905b07 to be in PaxExam-bed0d45d-5a14-4448-ae4b-207e8b6718f3,PaxExam-6e5bff99-85a9-4158-80ad-5a9af67d6aa9,PaxExam-ca645139-01fc-4da4-8d39-242b3e905b07,PaxExam-0688f949-37f4-4c0e-bb31-a99ef5cfe325,PaxExam-11953a78-13c6-4193-8fc5-07c94a0d3da5,PaxExam-59232832-ae57-491f-90db-20e1e2b47e9f,PaxExam-f0dbd9ba-6b93-4cb7-be19-86bb0c50354b,
[org.ops4j.pax.exam.raw.extender.intern.Probe] : Registering Service: org.ops4j.pax.exam.ProbeInvoker with Probe-Signature=&quot;PaxExam-ca645139-01fc-4da4-8d39-242b3e905b07&quot; and expression=&quot;it.apice.sapere.space.TestLSAspace;testIgnoreExceptions&quot;
[org.ops4j.pax.exam.raw.extender.intern.Probe] : Test PaxExam-11953a78-13c6-4193-8fc5-07c94a0d3da5 to be in PaxExam-bed0d45d-5a14-4448-ae4b-207e8b6718f3,PaxExam-6e5bff99-85a9-4158-80ad-5a9af67d6aa9,PaxExam-ca645139-01fc-4da4-8d39-242b3e905b07,PaxExam-0688f949-37f4-4c0e-bb31-a99ef5cfe325,PaxExam-11953a78-13c6-4193-8fc5-07c94a0d3da5,PaxExam-59232832-ae57-491f-90db-20e1e2b47e9f,PaxExam-f0dbd9ba-6b93-4cb7-be19-86bb0c50354b,
[org.ops4j.pax.exam.raw.extender.intern.Probe] : Registering Service: org.ops4j.pax.exam.ProbeInvoker with Probe-Signature=&quot;PaxExam-11953a78-13c6-4193-8fc5-07c94a0d3da5&quot; and expression=&quot;it.apice.sapere.space.TestLSAspace;testRemoveExceptions&quot;
[org.ops4j.pax.exam.raw.extender.intern.Probe] : Test PaxExam-0688f949-37f4-4c0e-bb31-a99ef5cfe325 to be in PaxExam-bed0d45d-5a14-4448-ae4b-207e8b6718f3,PaxExam-6e5bff99-85a9-4158-80ad-5a9af67d6aa9,PaxExam-ca645139-01fc-4da4-8d39-242b3e905b07,PaxExam-0688f949-37f4-4c0e-bb31-a99ef5cfe325,PaxExam-11953a78-13c6-4193-8fc5-07c94a0d3da5,PaxExam-59232832-ae57-491f-90db-20e1e2b47e9f,PaxExam-f0dbd9ba-6b93-4cb7-be19-86bb0c50354b,
[org.ops4j.pax.exam.raw.extender.intern.Probe] : Registering Service: org.ops4j.pax.exam.ProbeInvoker with Probe-Signature=&quot;PaxExam-0688f949-37f4-4c0e-bb31-a99ef5cfe325&quot; and expression=&quot;it.apice.sapere.space.TestLSAspace;testScenario&quot;
[org.ops4j.pax.exam.raw.extender.intern.Probe] : Test PaxExam-59232832-ae57-491f-90db-20e1e2b47e9f to be in PaxExam-bed0d45d-5a14-4448-ae4b-207e8b6718f3,PaxExam-6e5bff99-85a9-4158-80ad-5a9af67d6aa9,PaxExam-ca645139-01fc-4da4-8d39-242b3e905b07,PaxExam-0688f949-37f4-4c0e-bb31-a99ef5cfe325,PaxExam-11953a78-13c6-4193-8fc5-07c94a0d3da5,PaxExam-59232832-ae57-491f-90db-20e1e2b47e9f,PaxExam-f0dbd9ba-6b93-4cb7-be19-86bb0c50354b,
[org.ops4j.pax.exam.raw.extender.intern.Probe] : Registering Service: org.ops4j.pax.exam.ProbeInvoker with Probe-Signature=&quot;PaxExam-59232832-ae57-491f-90db-20e1e2b47e9f&quot; and expression=&quot;it.apice.sapere.space.TestLSAspace;testObserveExceptions&quot;
[org.ops4j.pax.exam.raw.extender.intern.Probe] : Test PaxExam-f0dbd9ba-6b93-4cb7-be19-86bb0c50354b to be in PaxExam-bed0d45d-5a14-4448-ae4b-207e8b6718f3,PaxExam-6e5bff99-85a9-4158-80ad-5a9af67d6aa9,PaxExam-ca645139-01fc-4da4-8d39-242b3e905b07,PaxExam-0688f949-37f4-4c0e-bb31-a99ef5cfe325,PaxExam-11953a78-13c6-4193-8fc5-07c94a0d3da5,PaxExam-59232832-ae57-491f-90db-20e1e2b47e9f,PaxExam-f0dbd9ba-6b93-4cb7-be19-86bb0c50354b,
[org.ops4j.pax.exam.raw.extender.intern.Probe] : Registering Service: org.ops4j.pax.exam.ProbeInvoker with Probe-Signature=&quot;PaxExam-f0dbd9ba-6b93-4cb7-be19-86bb0c50354b&quot; and expression=&quot;it.apice.sapere.space.TestLSAspace;testUpdateExceptions&quot;
[org.ops4j.pax.exam.invoker.junit.internal.ContainerTestRunner] : running testIgnoreExceptions in reactor
[org.ops4j.pax.swissbox.extender.BundleWatcher] : Releasing bundle [PAXEXAM-PROBE-e0c16729-1c41-4908-a15a-6832f83d021a]
[org.ops4j.pax.swissbox.extender.BundleWatcher] : Un-registering [ManifestEntry{ key=PaxExam-bed0d45d-5a14-4448-ae4b-207e8b6718f3, value=it.apice.sapere.space.TestLSAspace;testInjectExceptions }, ManifestEntry{ key=PaxExam-Executable, value=PaxExam-bed0d45d-5a14-4448-ae4b-207e8b6718f3,PaxExam-6e5bff99-85a9-4158-80ad-5a9af67d6aa9,PaxExam-ca645139-01fc-4da4-8d39-242b3e905b07,PaxExam-0688f949-37f4-4c0e-bb31-a99ef5cfe325,PaxExam-11953a78-13c6-4193-8fc5-07c94a0d3da5,PaxExam-59232832-ae57-491f-90db-20e1e2b47e9f,PaxExam-f0dbd9ba-6b93-4cb7-be19-86bb0c50354b, }, ManifestEntry{ key=PaxExam-6e5bff99-85a9-4158-80ad-5a9af67d6aa9, value=it.apice.sapere.space.TestLSAspace;testReadExceptions }, ManifestEntry{ key=PaxExam-ca645139-01fc-4da4-8d39-242b3e905b07, value=it.apice.sapere.space.TestLSAspace;testIgnoreExceptions }, ManifestEntry{ key=PaxExam-11953a78-13c6-4193-8fc5-07c94a0d3da5, value=it.apice.sapere.space.TestLSAspace;testRemoveExceptions }, ManifestEntry{ key=PaxExam-0688f949-37f4-4c0e-bb31-a99ef5cfe325, value=it.apice.sapere.space.TestLSAspace;testScenario }, ManifestEntry{ key=PaxExam-59232832-ae57-491f-90db-20e1e2b47e9f, value=it.apice.sapere.space.TestLSAspace;testObserveExceptions }, ManifestEntry{ key=PaxExam-f0dbd9ba-6b93-4cb7-be19-86bb0c50354b, value=it.apice.sapere.space.TestLSAspace;testUpdateExceptions }]
[org.ops4j.pax.exam.raw.extender.intern.TestBundleObserver] : Unregistered testcase [org.ops4j.pax.exam.raw.extender.intern.Probe@79fb80c9.]
[org.ops4j.pax.swissbox.extender.BundleWatcher] : Releasing bundle [org.ops4j.pax.exam.invoker.junit]
SemanticWebSAPERE [RDFModel]: Stopping..
rdf-model&gt; LSAParser UNREGISTERED.
rdf-model&gt; LSAFactory UNREGISTERED.
rdf-model&gt; EcolawFactory UNREGISTERED.
rdf-model&gt; FormulaFactory UNREGISTERED.
[org.ops4j.pax.swissbox.extender.BundleWatcher] : Releasing bundle [semanticwebsapere-rdfmodel]
[org.ops4j.pax.swissbox.extender.BundleWatcher] : Releasing bundle [semanticwebsapere-testplan]
[org.ops4j.pax.swissbox.extender.BundleWatcher] : Releasing bundle [semanticwebsapere-requirements]
[org.ops4j.pax.swissbox.extender.BundleWatcher] : Releasing bundle [semanticwebsapere-api]
[org.ops4j.pax.swissbox.extender.BundleWatcher] : Releasing bundle [org.apache.servicemix.bundles.junit]
[org.ops4j.pax.swissbox.extender.BundleWatcher] : Releasing bundle [org.apache.geronimo.specs.geronimo-atinject_1.0_spec]
[org.ops4j.pax.swissbox.extender.BundleWatcher] : Releasing bundle [org.ops4j.pax.swissbox.lifecycle]
[org.ops4j.pax.swissbox.extender.BundleWatcher] : Releasing bundle [org.ops4j.pax.swissbox.framework]
[org.ops4j.pax.swissbox.extender.BundleWatcher] : Releasing bundle [org.ops4j.pax.swissbox.extender]
[org.ops4j.pax.swissbox.extender.BundleWatcher] : Releasing bundle [org.ops4j.pax.swissbox.core]
[org.ops4j.pax.swissbox.extender.BundleWatcher] : Releasing bundle [org.ops4j.base]
[org.ops4j.pax.swissbox.extender.BundleWatcher] : Releasing bundle [osgi.cmpn]
[org.ops4j.pax.swissbox.extender.BundleWatcher] : Releasing bundle [org.ops4j.pax.exam]
[org.ops4j.pax.swissbox.extender.BundleWatcher] : Releasing bundle [org.ops4j.pax.exam.inject]
[org.ops4j.pax.swissbox.extender.BundleWatcher] : Releasing bundle [org.apache.felix.framework]
[org.ops4j.pax.swissbox.extender.BundleWatcher] : Releasing bundle [org.ops4j.pax.exam.extender.service]
</system-out>
    <system-err>java.lang.ClassCastException: org.ops4j.pax.exam.rbc.internal.Activator cannot be cast to org.osgi.framework.BundleActivator
	at org.apache.felix.framework.Felix.createBundleActivator(Felix.java:4177)
	at org.apache.felix.framework.Felix.activateBundle(Felix.java:1972)
	at org.apache.felix.framework.Felix.startBundle(Felix.java:1895)
	at org.apache.felix.framework.Felix.setActiveStartLevel(Felix.java:1191)
	at org.apache.felix.framework.FrameworkStartLevelImpl.run(FrameworkStartLevelImpl.java:295)
	at java.lang.Thread.run(Thread.java:680)
java.lang.ClassCastException: org.ops4j.pax.logging.internal.Activator cannot be cast to org.osgi.framework.BundleActivator
	at org.apache.felix.framework.Felix.createBundleActivator(Felix.java:4177)
	at org.apache.felix.framework.Felix.activateBundle(Felix.java:1972)
	at org.apache.felix.framework.Felix.startBundle(Felix.java:1895)
	at org.apache.felix.framework.Felix.setActiveStartLevel(Felix.java:1191)
	at org.apache.felix.framework.FrameworkStartLevelImpl.run(FrameworkStartLevelImpl.java:295)
	at java.lang.Thread.run(Thread.java:680)
SLF4J: Class path contains multiple SLF4J bindings.
SLF4J: Found binding in [bundle://14.0:1/org/slf4j/impl/StaticLoggerBinder.class]
SLF4J: Found binding in [bundle://14.0:15/org/slf4j/impl/StaticLoggerBinder.class]
SLF4J: Found binding in [bundle://14.0:27/org/slf4j/impl/StaticLoggerBinder.class]
SLF4J: See http://www.slf4j.org/codes.html#multiple_bindings for an explanation.
log4j:ERROR A &quot;org.apache.log4j.ConsoleAppender&quot; object is not assignable to a &quot;org.apache.log4j.Appender&quot; variable.
log4j:ERROR The class &quot;org.apache.log4j.Appender&quot; was loaded by 
log4j:ERROR [org.apache.felix.framework.BundleWiringImpl@439471b] whereas object of type 
log4j:ERROR &quot;org.apache.log4j.ConsoleAppender&quot; was loaded by [sun.misc.Launcher$AppClassLoader@43be2d65].
log4j:ERROR Could not instantiate appender named &quot;console&quot;.
java.lang.NoClassDefFoundError: org/w3c/dom/ElementTraversal
	at java.lang.ClassLoader.defineClass1(Native Method)
	at java.lang.ClassLoader.defineClassCond(ClassLoader.java:631)
	at java.lang.ClassLoader.defineClass(ClassLoader.java:615)
	at java.security.SecureClassLoader.defineClass(SecureClassLoader.java:141)
	at java.net.URLClassLoader.defineClass(URLClassLoader.java:283)
	at java.net.URLClassLoader.access$000(URLClassLoader.java:58)
	at java.net.URLClassLoader$1.run(URLClassLoader.java:197)
	at java.security.AccessController.doPrivileged(Native Method)
	at java.net.URLClassLoader.findClass(URLClassLoader.java:190)
	at java.lang.ClassLoader.loadClass(ClassLoader.java:306)
	at sun.misc.Launcher$AppClassLoader.loadClass(Launcher.java:301)
	at java.lang.ClassLoader.loadClass(ClassLoader.java:247)
	at org.apache.xerces.parsers.AbstractDOMParser.startDocument(Unknown Source)
	at org.apache.xerces.impl.dtd.XMLDTDValidator.startDocument(Unknown Source)
	at org.apache.xerces.impl.XMLDocumentScannerImpl.startEntity(Unknown Source)
	at org.apache.xerces.impl.XMLVersionDetector.startDocumentParsing(Unknown Source)
	at org.apache.xerces.parsers.XML11Configuration.parse(Unknown Source)
	at org.apache.xerces.parsers.XML11Configuration.parse(Unknown Source)
	at org.apache.xerces.parsers.XMLParser.parse(Unknown Source)
	at org.apache.xerces.parsers.DOMParser.parse(Unknown Source)
	at org.apache.xerces.jaxp.DocumentBuilderImpl.parse(Unknown Source)
	at java.util.XMLUtils.getLoadingDoc(XMLUtils.java:82)
	at java.util.XMLUtils.load(XMLUtils.java:54)
	at java.util.Properties.loadFromXML(Properties.java:852)
	at com.hp.hpl.jena.util.Metadata.read(Metadata.java:80)
	at com.hp.hpl.jena.util.Metadata.addMetadata(Metadata.java:54)
	at com.hp.hpl.jena.util.Metadata.&lt;init&gt;(Metadata.java:48)
	at com.hp.hpl.jena.JenaRuntime.&lt;clinit&gt;(JenaRuntime.java:37)
	at com.hp.hpl.jena.rdf.model.impl.RDFReaderFImpl.&lt;clinit&gt;(RDFReaderFImpl.java:74)
	at com.hp.hpl.jena.rdf.model.impl.ModelCom.&lt;clinit&gt;(ModelCom.java:54)
	at com.hp.hpl.jena.rdf.model.ModelFactory.createDefaultModel(ModelFactory.java:142)
	at com.hp.hpl.jena.rdf.model.ModelFactory.createDefaultModel(ModelFactory.java:136)
	at com.hp.hpl.jena.vocabulary.OWL.&lt;clinit&gt;(OWL.java:37)
	at com.hp.hpl.jena.ontology.ProfileRegistry.&lt;clinit&gt;(ProfileRegistry.java:47)
	at com.hp.hpl.jena.ontology.OntModelSpec.&lt;clinit&gt;(OntModelSpec.java:53)
	at it.apice.sapere.space.impl.LSAspaceImpl.initRDFGraphModel(LSAspaceImpl.java:64)
	at it.apice.sapere.api.space.core.impl.AbstractLSAspaceCoreImpl.&lt;init&gt;(AbstractLSAspaceCoreImpl.java:207)
	at it.apice.sapere.space.impl.LSAspaceImpl.&lt;init&gt;(LSAspaceImpl.java:35)
	at it.apice.sapere.space.internal.RDFSpaceActivator.registerLSAspace(RDFSpaceActivator.java:170)
	at it.apice.sapere.space.internal.RDFSpaceActivator.start(RDFSpaceActivator.java:67)
	at org.apache.felix.framework.util.SecureAction.startActivator(SecureAction.java:641)
	at org.apache.felix.framework.Felix.activateBundle(Felix.java:1977)
	at org.apache.felix.framework.Felix.startBundle(Felix.java:1895)
	at org.apache.felix.framework.Felix.setActiveStartLevel(Felix.java:1191)
	at org.apache.felix.framework.FrameworkStartLevelImpl.run(FrameworkStartLevelImpl.java:295)
	at java.lang.Thread.run(Thread.java:680)
Caused by: java.lang.ClassNotFoundException: org.w3c.dom.ElementTraversal
	at java.net.URLClassLoader$1.run(URLClassLoader.java:202)
	at java.security.AccessController.doPrivileged(Native Method)
	at java.net.URLClassLoader.findClass(URLClassLoader.java:190)
	at java.lang.ClassLoader.loadClass(ClassLoader.java:306)
	at sun.misc.Launcher$AppClassLoader.loadClass(Launcher.java:301)
	at java.lang.ClassLoader.loadClass(ClassLoader.java:247)
	... 46 more
</system-err>
  </testcase>
  <testcase time="15.678" classname="it.apice.sapere.space.TestLSAspace" name="testRemoveExceptions:TestLSAspace.testRemoveExceptions:NativeContainer:org.apache.felix.framework.FrameworkFactory@4a6e0a9">
    <error message="gave up waiting for service it.apice.sapere.api.space.core.LSAspaceCore" type="org.ops4j.pax.swissbox.framework.ServiceLookupException">org.ops4j.pax.swissbox.framework.ServiceLookupException: gave up waiting for service it.apice.sapere.api.space.core.LSAspaceCore
	at org.ops4j.pax.swissbox.framework.ServiceLookup.getService(ServiceLookup.java:122)
	at org.ops4j.pax.swissbox.framework.ServiceLookup.getService(ServiceLookup.java:83)
	at org.ops4j.pax.exam.inject.internal.ServiceInjector.injectField(ServiceInjector.java:86)
	at org.ops4j.pax.exam.inject.internal.ServiceInjector.injectDeclaredFields(ServiceInjector.java:70)
	at org.ops4j.pax.exam.inject.internal.ServiceInjector.injectFields(ServiceInjector.java:59)
	at org.ops4j.pax.exam.invoker.junit.internal.ContainerTestRunner.createTest(ContainerTestRunner.java:62)
	at org.junit.runners.BlockJUnit4ClassRunner$1.runReflectiveCall(BlockJUnit4ClassRunner.java:227)
	at org.junit.internal.runners.model.ReflectiveCallable.run(ReflectiveCallable.java:15)
	at org.junit.runners.BlockJUnit4ClassRunner.methodBlock(BlockJUnit4ClassRunner.java:224)
	at org.junit.runners.BlockJUnit4ClassRunner.runChild(BlockJUnit4ClassRunner.java:69)
	at org.ops4j.pax.exam.invoker.junit.internal.ContainerTestRunner.runChild(ContainerTestRunner.java:70)
	at org.ops4j.pax.exam.invoker.junit.internal.ContainerTestRunner.runChild(ContainerTestRunner.java:37)
	at org.junit.runners.ParentRunner$3.run(ParentRunner.java:231)
	at org.junit.runners.ParentRunner$1.schedule(ParentRunner.java:60)
	at org.junit.runners.ParentRunner.runChildren(ParentRunner.java:229)
	at org.junit.runners.ParentRunner.access$000(ParentRunner.java:50)
	at org.junit.runners.ParentRunner$2.evaluate(ParentRunner.java:222)
	at org.junit.runners.ParentRunner.run(ParentRunner.java:292)
	at org.junit.runner.JUnitCore.run(JUnitCore.java:157)
	at org.junit.runner.JUnitCore.run(JUnitCore.java:136)
	at org.ops4j.pax.exam.invoker.junit.internal.JUnitProbeInvoker.invokeViaJUnit(JUnitProbeInvoker.java:124)
	at org.ops4j.pax.exam.invoker.junit.internal.JUnitProbeInvoker.findAndInvoke(JUnitProbeInvoker.java:94)
	at org.ops4j.pax.exam.invoker.junit.internal.JUnitProbeInvoker.call(JUnitProbeInvoker.java:77)
	at org.ops4j.pax.exam.nat.internal.NativeTestContainer.call(NativeTestContainer.java:95)
	at org.ops4j.pax.exam.spi.reactors.AllConfinedStagedReactor.invoke(AllConfinedStagedReactor.java:74)
	at org.ops4j.pax.exam.junit.JUnit4TestRunner$3.evaluate(JUnit4TestRunner.java:304)
	at org.junit.runners.BlockJUnit4ClassRunner.runNotIgnored(BlockJUnit4ClassRunner.java:79)
	at org.junit.runners.BlockJUnit4ClassRunner.runChild(BlockJUnit4ClassRunner.java:71)
	at org.junit.runners.BlockJUnit4ClassRunner.runChild(BlockJUnit4ClassRunner.java:49)
	at org.junit.runners.ParentRunner$3.run(ParentRunner.java:193)
	at org.junit.runners.ParentRunner$1.schedule(ParentRunner.java:52)
	at org.junit.runners.ParentRunner.runChildren(ParentRunner.java:191)
	at org.junit.runners.ParentRunner.access$000(ParentRunner.java:42)
	at org.junit.runners.ParentRunner$2.evaluate(ParentRunner.java:184)
	at org.junit.runners.ParentRunner.run(ParentRunner.java:236)
	at org.ops4j.pax.exam.junit.JUnit4TestRunner.run(JUnit4TestRunner.java:93)
	at org.apache.maven.surefire.junit4.JUnit4Provider.execute(JUnit4Provider.java:236)
	at org.apache.maven.surefire.junit4.JUnit4Provider.executeTestSet(JUnit4Provider.java:134)
	at org.apache.maven.surefire.junit4.JUnit4Provider.invoke(JUnit4Provider.java:113)
	at sun.reflect.NativeMethodAccessorImpl.invoke0(Native Method)
	at sun.reflect.NativeMethodAccessorImpl.invoke(NativeMethodAccessorImpl.java:39)
	at sun.reflect.DelegatingMethodAccessorImpl.invoke(DelegatingMethodAccessorImpl.java:25)
	at java.lang.reflect.Method.invoke(Method.java:597)
	at org.apache.maven.surefire.util.ReflectionUtils.invokeMethodWithArray(ReflectionUtils.java:189)
	at org.apache.maven.surefire.booter.ProviderFactory$ProviderProxy.invoke(ProviderFactory.java:165)
	at org.apache.maven.surefire.booter.ProviderFactory.invokeProvider(ProviderFactory.java:85)
	at org.apache.maven.surefire.booter.ForkedBooter.runSuitesInProcess(ForkedBooter.java:103)
	at org.apache.maven.surefire.booter.ForkedBooter.main(ForkedBooter.java:74)
</error>
    <system-out>ERROR: Bundle org.ops4j.pax.exam.rbc [2] Error starting link:classpath:META-INF/links/org.ops4j.pax.exam.rbc.link (org.osgi.framework.BundleException: Activator start error in bundle org.ops4j.pax.exam.rbc [2].)
[org.ops4j.pax.swissbox.extender.BundleWatcher] : Creating bundle watcher with scanner [org.ops4j.pax.swissbox.extender.BundleManifestScanner@7519ca2c]...
[org.ops4j.pax.swissbox.extender.BundleWatcher] : Scanning bundle [org.apache.felix.framework]
[org.ops4j.pax.swissbox.extender.BundleWatcher] : Scanning bundle [org.ops4j.pax.exam]
[org.ops4j.pax.swissbox.extender.BundleWatcher] : Scanning bundle [org.ops4j.pax.exam.inject]
[org.ops4j.pax.swissbox.extender.BundleWatcher] : Scanning bundle [org.ops4j.pax.exam.extender.service]
[org.ops4j.pax.swissbox.extender.BundleWatcher] : Scanning bundle [osgi.cmpn]
[org.ops4j.pax.swissbox.extender.BundleWatcher] : Releasing bundle [org.ops4j.pax.logging.pax-logging-api]
ERROR: Bundle org.ops4j.pax.logging.pax-logging-api [6] Error starting link:classpath:META-INF/links/org.ops4j.pax.logging.api.link (org.osgi.framework.BundleException: Activator start error in bundle org.ops4j.pax.logging.pax-logging-api [6].)
[org.ops4j.pax.swissbox.extender.BundleWatcher] : Scanning bundle [org.ops4j.base]
[org.ops4j.pax.swissbox.extender.BundleWatcher] : Scanning bundle [org.ops4j.pax.swissbox.core]
[org.ops4j.pax.swissbox.extender.BundleWatcher] : Scanning bundle [org.ops4j.pax.swissbox.extender]
[org.ops4j.pax.swissbox.extender.BundleWatcher] : Scanning bundle [org.ops4j.pax.swissbox.framework]
[org.ops4j.pax.swissbox.extender.BundleWatcher] : Scanning bundle [org.ops4j.pax.swissbox.lifecycle]
[org.ops4j.pax.swissbox.extender.BundleWatcher] : Scanning bundle [org.apache.geronimo.specs.geronimo-atinject_1.0_spec]
[org.ops4j.pax.swissbox.extender.BundleWatcher] : Scanning bundle [org.apache.servicemix.bundles.junit]
[org.ops4j.pax.swissbox.extender.BundleWatcher] : Scanning bundle [semanticwebsapere-api]
[org.ops4j.pax.swissbox.extender.BundleWatcher] : Scanning bundle [semanticwebsapere-requirements]
[org.ops4j.pax.swissbox.extender.BundleWatcher] : Scanning bundle [semanticwebsapere-testplan]
SemanticWebSAPERE [RDFModel]: Starting up..
rdf-model&gt; LSAFactory REGISTERED
rdf-model&gt; LSAParser REGISTERED
rdf-model&gt; EcolawFactory REGISTERED
rdf-model&gt; FormulaFactory REGISTERED
rdf-model&gt; Node URI = http://www.sapere-project.eu/ontologies/2012/0/sapere-model.owl#nodeC9C40BE5-4211-4872-A896-779EAC81BFA8
[org.ops4j.pax.swissbox.extender.BundleWatcher] : Scanning bundle [semanticwebsapere-rdfmodel]
rdf-space&gt; Starting up..
rdf-space&gt; LSA Factory ACQUIRED
rdf-space&gt; LSA Compiler REGISTERED.
rdf-space&gt; Eco-law Compiler REGISTERED.
rdf-space&gt; NO reasoner enabled
[org.ops4j.pax.swissbox.extender.BundleWatcher] : Releasing bundle [semanticwebsapere-rdfspace]
ERROR: Bundle semanticwebsapere-rdfspace [17] Error starting mvn:it.apice.sapere/semanticwebsapere-rdfspace (org.osgi.framework.BundleException: Activator start error in bundle semanticwebsapere-rdfspace [17].)
[org.ops4j.pax.swissbox.extender.BundleWatcher] : Scanning bundle [org.ops4j.pax.exam.invoker.junit]
[org.ops4j.pax.swissbox.extender.BundleWatcher] : Scanning bundle [PAXEXAM-PROBE-e0c16729-1c41-4908-a15a-6832f83d021a]
[org.ops4j.pax.swissbox.extender.BundleWatcher] : Found resources [ManifestEntry{ key=PaxExam-bed0d45d-5a14-4448-ae4b-207e8b6718f3, value=it.apice.sapere.space.TestLSAspace;testInjectExceptions }, ManifestEntry{ key=PaxExam-Executable, value=PaxExam-bed0d45d-5a14-4448-ae4b-207e8b6718f3,PaxExam-6e5bff99-85a9-4158-80ad-5a9af67d6aa9,PaxExam-ca645139-01fc-4da4-8d39-242b3e905b07,PaxExam-0688f949-37f4-4c0e-bb31-a99ef5cfe325,PaxExam-11953a78-13c6-4193-8fc5-07c94a0d3da5,PaxExam-59232832-ae57-491f-90db-20e1e2b47e9f,PaxExam-f0dbd9ba-6b93-4cb7-be19-86bb0c50354b, }, ManifestEntry{ key=PaxExam-6e5bff99-85a9-4158-80ad-5a9af67d6aa9, value=it.apice.sapere.space.TestLSAspace;testReadExceptions }, ManifestEntry{ key=PaxExam-ca645139-01fc-4da4-8d39-242b3e905b07, value=it.apice.sapere.space.TestLSAspace;testIgnoreExceptions }, ManifestEntry{ key=PaxExam-11953a78-13c6-4193-8fc5-07c94a0d3da5, value=it.apice.sapere.space.TestLSAspace;testRemoveExceptions }, ManifestEntry{ key=PaxExam-0688f949-37f4-4c0e-bb31-a99ef5cfe325, value=it.apice.sapere.space.TestLSAspace;testScenario }, ManifestEntry{ key=PaxExam-59232832-ae57-491f-90db-20e1e2b47e9f, value=it.apice.sapere.space.TestLSAspace;testObserveExceptions }, ManifestEntry{ key=PaxExam-f0dbd9ba-6b93-4cb7-be19-86bb0c50354b, value=it.apice.sapere.space.TestLSAspace;testUpdateExceptions }]
[org.ops4j.pax.exam.raw.extender.intern.Probe] : Test PaxExam-bed0d45d-5a14-4448-ae4b-207e8b6718f3 to be in PaxExam-bed0d45d-5a14-4448-ae4b-207e8b6718f3,PaxExam-6e5bff99-85a9-4158-80ad-5a9af67d6aa9,PaxExam-ca645139-01fc-4da4-8d39-242b3e905b07,PaxExam-0688f949-37f4-4c0e-bb31-a99ef5cfe325,PaxExam-11953a78-13c6-4193-8fc5-07c94a0d3da5,PaxExam-59232832-ae57-491f-90db-20e1e2b47e9f,PaxExam-f0dbd9ba-6b93-4cb7-be19-86bb0c50354b,
[org.ops4j.pax.exam.raw.extender.intern.Probe] : Registering Service: org.ops4j.pax.exam.ProbeInvoker with Probe-Signature=&quot;PaxExam-bed0d45d-5a14-4448-ae4b-207e8b6718f3&quot; and expression=&quot;it.apice.sapere.space.TestLSAspace;testInjectExceptions&quot;
[org.ops4j.pax.exam.raw.extender.intern.Probe] : Test PaxExam-Executable to be in PaxExam-bed0d45d-5a14-4448-ae4b-207e8b6718f3,PaxExam-6e5bff99-85a9-4158-80ad-5a9af67d6aa9,PaxExam-ca645139-01fc-4da4-8d39-242b3e905b07,PaxExam-0688f949-37f4-4c0e-bb31-a99ef5cfe325,PaxExam-11953a78-13c6-4193-8fc5-07c94a0d3da5,PaxExam-59232832-ae57-491f-90db-20e1e2b47e9f,PaxExam-f0dbd9ba-6b93-4cb7-be19-86bb0c50354b,
[org.ops4j.pax.exam.raw.extender.intern.Probe] : Test PaxExam-6e5bff99-85a9-4158-80ad-5a9af67d6aa9 to be in PaxExam-bed0d45d-5a14-4448-ae4b-207e8b6718f3,PaxExam-6e5bff99-85a9-4158-80ad-5a9af67d6aa9,PaxExam-ca645139-01fc-4da4-8d39-242b3e905b07,PaxExam-0688f949-37f4-4c0e-bb31-a99ef5cfe325,PaxExam-11953a78-13c6-4193-8fc5-07c94a0d3da5,PaxExam-59232832-ae57-491f-90db-20e1e2b47e9f,PaxExam-f0dbd9ba-6b93-4cb7-be19-86bb0c50354b,
[org.ops4j.pax.exam.raw.extender.intern.Probe] : Registering Service: org.ops4j.pax.exam.ProbeInvoker with Probe-Signature=&quot;PaxExam-6e5bff99-85a9-4158-80ad-5a9af67d6aa9&quot; and expression=&quot;it.apice.sapere.space.TestLSAspace;testReadExceptions&quot;
[org.ops4j.pax.exam.raw.extender.intern.Probe] : Test PaxExam-ca645139-01fc-4da4-8d39-242b3e905b07 to be in PaxExam-bed0d45d-5a14-4448-ae4b-207e8b6718f3,PaxExam-6e5bff99-85a9-4158-80ad-5a9af67d6aa9,PaxExam-ca645139-01fc-4da4-8d39-242b3e905b07,PaxExam-0688f949-37f4-4c0e-bb31-a99ef5cfe325,PaxExam-11953a78-13c6-4193-8fc5-07c94a0d3da5,PaxExam-59232832-ae57-491f-90db-20e1e2b47e9f,PaxExam-f0dbd9ba-6b93-4cb7-be19-86bb0c50354b,
[org.ops4j.pax.exam.raw.extender.intern.Probe] : Registering Service: org.ops4j.pax.exam.ProbeInvoker with Probe-Signature=&quot;PaxExam-ca645139-01fc-4da4-8d39-242b3e905b07&quot; and expression=&quot;it.apice.sapere.space.TestLSAspace;testIgnoreExceptions&quot;
[org.ops4j.pax.exam.raw.extender.intern.Probe] : Test PaxExam-11953a78-13c6-4193-8fc5-07c94a0d3da5 to be in PaxExam-bed0d45d-5a14-4448-ae4b-207e8b6718f3,PaxExam-6e5bff99-85a9-4158-80ad-5a9af67d6aa9,PaxExam-ca645139-01fc-4da4-8d39-242b3e905b07,PaxExam-0688f949-37f4-4c0e-bb31-a99ef5cfe325,PaxExam-11953a78-13c6-4193-8fc5-07c94a0d3da5,PaxExam-59232832-ae57-491f-90db-20e1e2b47e9f,PaxExam-f0dbd9ba-6b93-4cb7-be19-86bb0c50354b,
[org.ops4j.pax.exam.raw.extender.intern.Probe] : Registering Service: org.ops4j.pax.exam.ProbeInvoker with Probe-Signature=&quot;PaxExam-11953a78-13c6-4193-8fc5-07c94a0d3da5&quot; and expression=&quot;it.apice.sapere.space.TestLSAspace;testRemoveExceptions&quot;
[org.ops4j.pax.exam.raw.extender.intern.Probe] : Test PaxExam-0688f949-37f4-4c0e-bb31-a99ef5cfe325 to be in PaxExam-bed0d45d-5a14-4448-ae4b-207e8b6718f3,PaxExam-6e5bff99-85a9-4158-80ad-5a9af67d6aa9,PaxExam-ca645139-01fc-4da4-8d39-242b3e905b07,PaxExam-0688f949-37f4-4c0e-bb31-a99ef5cfe325,PaxExam-11953a78-13c6-4193-8fc5-07c94a0d3da5,PaxExam-59232832-ae57-491f-90db-20e1e2b47e9f,PaxExam-f0dbd9ba-6b93-4cb7-be19-86bb0c50354b,
[org.ops4j.pax.exam.raw.extender.intern.Probe] : Registering Service: org.ops4j.pax.exam.ProbeInvoker with Probe-Signature=&quot;PaxExam-0688f949-37f4-4c0e-bb31-a99ef5cfe325&quot; and expression=&quot;it.apice.sapere.space.TestLSAspace;testScenario&quot;
[org.ops4j.pax.exam.raw.extender.intern.Probe] : Test PaxExam-59232832-ae57-491f-90db-20e1e2b47e9f to be in PaxExam-bed0d45d-5a14-4448-ae4b-207e8b6718f3,PaxExam-6e5bff99-85a9-4158-80ad-5a9af67d6aa9,PaxExam-ca645139-01fc-4da4-8d39-242b3e905b07,PaxExam-0688f949-37f4-4c0e-bb31-a99ef5cfe325,PaxExam-11953a78-13c6-4193-8fc5-07c94a0d3da5,PaxExam-59232832-ae57-491f-90db-20e1e2b47e9f,PaxExam-f0dbd9ba-6b93-4cb7-be19-86bb0c50354b,
[org.ops4j.pax.exam.raw.extender.intern.Probe] : Registering Service: org.ops4j.pax.exam.ProbeInvoker with Probe-Signature=&quot;PaxExam-59232832-ae57-491f-90db-20e1e2b47e9f&quot; and expression=&quot;it.apice.sapere.space.TestLSAspace;testObserveExceptions&quot;
[org.ops4j.pax.exam.raw.extender.intern.Probe] : Test PaxExam-f0dbd9ba-6b93-4cb7-be19-86bb0c50354b to be in PaxExam-bed0d45d-5a14-4448-ae4b-207e8b6718f3,PaxExam-6e5bff99-85a9-4158-80ad-5a9af67d6aa9,PaxExam-ca645139-01fc-4da4-8d39-242b3e905b07,PaxExam-0688f949-37f4-4c0e-bb31-a99ef5cfe325,PaxExam-11953a78-13c6-4193-8fc5-07c94a0d3da5,PaxExam-59232832-ae57-491f-90db-20e1e2b47e9f,PaxExam-f0dbd9ba-6b93-4cb7-be19-86bb0c50354b,
[org.ops4j.pax.exam.raw.extender.intern.Probe] : Registering Service: org.ops4j.pax.exam.ProbeInvoker with Probe-Signature=&quot;PaxExam-f0dbd9ba-6b93-4cb7-be19-86bb0c50354b&quot; and expression=&quot;it.apice.sapere.space.TestLSAspace;testUpdateExceptions&quot;
[org.ops4j.pax.exam.invoker.junit.internal.ContainerTestRunner] : running testRemoveExceptions in reactor
[org.ops4j.pax.swissbox.extender.BundleWatcher] : Releasing bundle [PAXEXAM-PROBE-e0c16729-1c41-4908-a15a-6832f83d021a]
[org.ops4j.pax.swissbox.extender.BundleWatcher] : Un-registering [ManifestEntry{ key=PaxExam-bed0d45d-5a14-4448-ae4b-207e8b6718f3, value=it.apice.sapere.space.TestLSAspace;testInjectExceptions }, ManifestEntry{ key=PaxExam-Executable, value=PaxExam-bed0d45d-5a14-4448-ae4b-207e8b6718f3,PaxExam-6e5bff99-85a9-4158-80ad-5a9af67d6aa9,PaxExam-ca645139-01fc-4da4-8d39-242b3e905b07,PaxExam-0688f949-37f4-4c0e-bb31-a99ef5cfe325,PaxExam-11953a78-13c6-4193-8fc5-07c94a0d3da5,PaxExam-59232832-ae57-491f-90db-20e1e2b47e9f,PaxExam-f0dbd9ba-6b93-4cb7-be19-86bb0c50354b, }, ManifestEntry{ key=PaxExam-6e5bff99-85a9-4158-80ad-5a9af67d6aa9, value=it.apice.sapere.space.TestLSAspace;testReadExceptions }, ManifestEntry{ key=PaxExam-ca645139-01fc-4da4-8d39-242b3e905b07, value=it.apice.sapere.space.TestLSAspace;testIgnoreExceptions }, ManifestEntry{ key=PaxExam-11953a78-13c6-4193-8fc5-07c94a0d3da5, value=it.apice.sapere.space.TestLSAspace;testRemoveExceptions }, ManifestEntry{ key=PaxExam-0688f949-37f4-4c0e-bb31-a99ef5cfe325, value=it.apice.sapere.space.TestLSAspace;testScenario }, ManifestEntry{ key=PaxExam-59232832-ae57-491f-90db-20e1e2b47e9f, value=it.apice.sapere.space.TestLSAspace;testObserveExceptions }, ManifestEntry{ key=PaxExam-f0dbd9ba-6b93-4cb7-be19-86bb0c50354b, value=it.apice.sapere.space.TestLSAspace;testUpdateExceptions }]
[org.ops4j.pax.exam.raw.extender.intern.TestBundleObserver] : Unregistered testcase [org.ops4j.pax.exam.raw.extender.intern.Probe@450ae3fb.]
[org.ops4j.pax.swissbox.extender.BundleWatcher] : Releasing bundle [org.ops4j.pax.exam.invoker.junit]
SemanticWebSAPERE [RDFModel]: Stopping..
rdf-model&gt; LSAParser UNREGISTERED.
rdf-model&gt; LSAFactory UNREGISTERED.
rdf-model&gt; EcolawFactory UNREGISTERED.
rdf-model&gt; FormulaFactory UNREGISTERED.
[org.ops4j.pax.swissbox.extender.BundleWatcher] : Releasing bundle [semanticwebsapere-rdfmodel]
[org.ops4j.pax.swissbox.extender.BundleWatcher] : Releasing bundle [semanticwebsapere-testplan]
[org.ops4j.pax.swissbox.extender.BundleWatcher] : Releasing bundle [semanticwebsapere-requirements]
[org.ops4j.pax.swissbox.extender.BundleWatcher] : Releasing bundle [semanticwebsapere-api]
[org.ops4j.pax.swissbox.extender.BundleWatcher] : Releasing bundle [org.apache.servicemix.bundles.junit]
[org.ops4j.pax.swissbox.extender.BundleWatcher] : Releasing bundle [org.apache.geronimo.specs.geronimo-atinject_1.0_spec]
[org.ops4j.pax.swissbox.extender.BundleWatcher] : Releasing bundle [org.ops4j.pax.swissbox.lifecycle]
[org.ops4j.pax.swissbox.extender.BundleWatcher] : Releasing bundle [org.ops4j.pax.swissbox.framework]
[org.ops4j.pax.swissbox.extender.BundleWatcher] : Releasing bundle [org.ops4j.pax.swissbox.extender]
[org.ops4j.pax.swissbox.extender.BundleWatcher] : Releasing bundle [org.ops4j.pax.swissbox.core]
[org.ops4j.pax.swissbox.extender.BundleWatcher] : Releasing bundle [org.ops4j.base]
[org.ops4j.pax.swissbox.extender.BundleWatcher] : Releasing bundle [osgi.cmpn]
[org.ops4j.pax.swissbox.extender.BundleWatcher] : Releasing bundle [org.apache.felix.framework]
[org.ops4j.pax.swissbox.extender.BundleWatcher] : Releasing bundle [org.ops4j.pax.exam.extender.service]
[org.ops4j.pax.swissbox.extender.BundleWatcher] : Releasing bundle [org.ops4j.pax.exam.inject]
[org.ops4j.pax.swissbox.extender.BundleWatcher] : Releasing bundle [org.ops4j.pax.exam]
</system-out>
    <system-err>java.lang.ClassCastException: org.ops4j.pax.exam.rbc.internal.Activator cannot be cast to org.osgi.framework.BundleActivator
	at org.apache.felix.framework.Felix.createBundleActivator(Felix.java:4177)
	at org.apache.felix.framework.Felix.activateBundle(Felix.java:1972)
	at org.apache.felix.framework.Felix.startBundle(Felix.java:1895)
	at org.apache.felix.framework.Felix.setActiveStartLevel(Felix.java:1191)
	at org.apache.felix.framework.FrameworkStartLevelImpl.run(FrameworkStartLevelImpl.java:295)
	at java.lang.Thread.run(Thread.java:680)
java.lang.ClassCastException: org.ops4j.pax.logging.internal.Activator cannot be cast to org.osgi.framework.BundleActivator
	at org.apache.felix.framework.Felix.createBundleActivator(Felix.java:4177)
	at org.apache.felix.framework.Felix.activateBundle(Felix.java:1972)
	at org.apache.felix.framework.Felix.startBundle(Felix.java:1895)
	at org.apache.felix.framework.Felix.setActiveStartLevel(Felix.java:1191)
	at org.apache.felix.framework.FrameworkStartLevelImpl.run(FrameworkStartLevelImpl.java:295)
	at java.lang.Thread.run(Thread.java:680)
SLF4J: Class path contains multiple SLF4J bindings.
SLF4J: Found binding in [bundle://14.0:1/org/slf4j/impl/StaticLoggerBinder.class]
SLF4J: Found binding in [bundle://14.0:15/org/slf4j/impl/StaticLoggerBinder.class]
SLF4J: Found binding in [bundle://14.0:27/org/slf4j/impl/StaticLoggerBinder.class]
SLF4J: See http://www.slf4j.org/codes.html#multiple_bindings for an explanation.
log4j:ERROR A &quot;org.apache.log4j.ConsoleAppender&quot; object is not assignable to a &quot;org.apache.log4j.Appender&quot; variable.
log4j:ERROR The class &quot;org.apache.log4j.Appender&quot; was loaded by 
log4j:ERROR [org.apache.felix.framework.BundleWiringImpl@3f2a09d5] whereas object of type 
log4j:ERROR &quot;org.apache.log4j.ConsoleAppender&quot; was loaded by [sun.misc.Launcher$AppClassLoader@43be2d65].
log4j:ERROR Could not instantiate appender named &quot;console&quot;.
java.lang.NoClassDefFoundError: org/w3c/dom/ElementTraversal
	at java.lang.ClassLoader.defineClass1(Native Method)
	at java.lang.ClassLoader.defineClassCond(ClassLoader.java:631)
	at java.lang.ClassLoader.defineClass(ClassLoader.java:615)
	at java.security.SecureClassLoader.defineClass(SecureClassLoader.java:141)
	at java.net.URLClassLoader.defineClass(URLClassLoader.java:283)
	at java.net.URLClassLoader.access$000(URLClassLoader.java:58)
	at java.net.URLClassLoader$1.run(URLClassLoader.java:197)
	at java.security.AccessController.doPrivileged(Native Method)
	at java.net.URLClassLoader.findClass(URLClassLoader.java:190)
	at java.lang.ClassLoader.loadClass(ClassLoader.java:306)
	at sun.misc.Launcher$AppClassLoader.loadClass(Launcher.java:301)
	at java.lang.ClassLoader.loadClass(ClassLoader.java:247)
	at org.apache.xerces.parsers.AbstractDOMParser.startDocument(Unknown Source)
	at org.apache.xerces.impl.dtd.XMLDTDValidator.startDocument(Unknown Source)
	at org.apache.xerces.impl.XMLDocumentScannerImpl.startEntity(Unknown Source)
	at org.apache.xerces.impl.XMLVersionDetector.startDocumentParsing(Unknown Source)
	at org.apache.xerces.parsers.XML11Configuration.parse(Unknown Source)
	at org.apache.xerces.parsers.XML11Configuration.parse(Unknown Source)
	at org.apache.xerces.parsers.XMLParser.parse(Unknown Source)
	at org.apache.xerces.parsers.DOMParser.parse(Unknown Source)
	at org.apache.xerces.jaxp.DocumentBuilderImpl.parse(Unknown Source)
	at java.util.XMLUtils.getLoadingDoc(XMLUtils.java:82)
	at java.util.XMLUtils.load(XMLUtils.java:54)
	at java.util.Properties.loadFromXML(Properties.java:852)
	at com.hp.hpl.jena.util.Metadata.read(Metadata.java:80)
	at com.hp.hpl.jena.util.Metadata.addMetadata(Metadata.java:54)
	at com.hp.hpl.jena.util.Metadata.&lt;init&gt;(Metadata.java:48)
	at com.hp.hpl.jena.JenaRuntime.&lt;clinit&gt;(JenaRuntime.java:37)
	at com.hp.hpl.jena.rdf.model.impl.RDFReaderFImpl.&lt;clinit&gt;(RDFReaderFImpl.java:74)
	at com.hp.hpl.jena.rdf.model.impl.ModelCom.&lt;clinit&gt;(ModelCom.java:54)
	at com.hp.hpl.jena.rdf.model.ModelFactory.createDefaultModel(ModelFactory.java:142)
	at com.hp.hpl.jena.rdf.model.ModelFactory.createDefaultModel(ModelFactory.java:136)
	at com.hp.hpl.jena.vocabulary.OWL.&lt;clinit&gt;(OWL.java:37)
	at com.hp.hpl.jena.ontology.ProfileRegistry.&lt;clinit&gt;(ProfileRegistry.java:47)
	at com.hp.hpl.jena.ontology.OntModelSpec.&lt;clinit&gt;(OntModelSpec.java:53)
	at it.apice.sapere.space.impl.LSAspaceImpl.initRDFGraphModel(LSAspaceImpl.java:64)
	at it.apice.sapere.api.space.core.impl.AbstractLSAspaceCoreImpl.&lt;init&gt;(AbstractLSAspaceCoreImpl.java:207)
	at it.apice.sapere.space.impl.LSAspaceImpl.&lt;init&gt;(LSAspaceImpl.java:35)
	at it.apice.sapere.space.internal.RDFSpaceActivator.registerLSAspace(RDFSpaceActivator.java:170)
	at it.apice.sapere.space.internal.RDFSpaceActivator.start(RDFSpaceActivator.java:67)
	at org.apache.felix.framework.util.SecureAction.startActivator(SecureAction.java:641)
	at org.apache.felix.framework.Felix.activateBundle(Felix.java:1977)
	at org.apache.felix.framework.Felix.startBundle(Felix.java:1895)
	at org.apache.felix.framework.Felix.setActiveStartLevel(Felix.java:1191)
	at org.apache.felix.framework.FrameworkStartLevelImpl.run(FrameworkStartLevelImpl.java:295)
	at java.lang.Thread.run(Thread.java:680)
Caused by: java.lang.ClassNotFoundException: org.w3c.dom.ElementTraversal
	at java.net.URLClassLoader$1.run(URLClassLoader.java:202)
	at java.security.AccessController.doPrivileged(Native Method)
	at java.net.URLClassLoader.findClass(URLClassLoader.java:190)
	at java.lang.ClassLoader.loadClass(ClassLoader.java:306)
	at sun.misc.Launcher$AppClassLoader.loadClass(Launcher.java:301)
	at java.lang.ClassLoader.loadClass(ClassLoader.java:247)
	... 46 more
</system-err>
  </testcase>
  <testcase time="13.31" classname="it.apice.sapere.space.TestLSAspace" name="testReadExceptions:TestLSAspace.testReadExceptions:NativeContainer:org.apache.felix.framework.FrameworkFactory@4a6e0a9">
    <error message="gave up waiting for service it.apice.sapere.api.space.core.LSAspaceCore" type="org.ops4j.pax.swissbox.framework.ServiceLookupException">org.ops4j.pax.swissbox.framework.ServiceLookupException: gave up waiting for service it.apice.sapere.api.space.core.LSAspaceCore
	at org.ops4j.pax.swissbox.framework.ServiceLookup.getService(ServiceLookup.java:122)
	at org.ops4j.pax.swissbox.framework.ServiceLookup.getService(ServiceLookup.java:83)
	at org.ops4j.pax.exam.inject.internal.ServiceInjector.injectField(ServiceInjector.java:86)
	at org.ops4j.pax.exam.inject.internal.ServiceInjector.injectDeclaredFields(ServiceInjector.java:70)
	at org.ops4j.pax.exam.inject.internal.ServiceInjector.injectFields(ServiceInjector.java:59)
	at org.ops4j.pax.exam.invoker.junit.internal.ContainerTestRunner.createTest(ContainerTestRunner.java:62)
	at org.junit.runners.BlockJUnit4ClassRunner$1.runReflectiveCall(BlockJUnit4ClassRunner.java:227)
	at org.junit.internal.runners.model.ReflectiveCallable.run(ReflectiveCallable.java:15)
	at org.junit.runners.BlockJUnit4ClassRunner.methodBlock(BlockJUnit4ClassRunner.java:224)
	at org.junit.runners.BlockJUnit4ClassRunner.runChild(BlockJUnit4ClassRunner.java:69)
	at org.ops4j.pax.exam.invoker.junit.internal.ContainerTestRunner.runChild(ContainerTestRunner.java:70)
	at org.ops4j.pax.exam.invoker.junit.internal.ContainerTestRunner.runChild(ContainerTestRunner.java:37)
	at org.junit.runners.ParentRunner$3.run(ParentRunner.java:231)
	at org.junit.runners.ParentRunner$1.schedule(ParentRunner.java:60)
	at org.junit.runners.ParentRunner.runChildren(ParentRunner.java:229)
	at org.junit.runners.ParentRunner.access$000(ParentRunner.java:50)
	at org.junit.runners.ParentRunner$2.evaluate(ParentRunner.java:222)
	at org.junit.runners.ParentRunner.run(ParentRunner.java:292)
	at org.junit.runner.JUnitCore.run(JUnitCore.java:157)
	at org.junit.runner.JUnitCore.run(JUnitCore.java:136)
	at org.ops4j.pax.exam.invoker.junit.internal.JUnitProbeInvoker.invokeViaJUnit(JUnitProbeInvoker.java:124)
	at org.ops4j.pax.exam.invoker.junit.internal.JUnitProbeInvoker.findAndInvoke(JUnitProbeInvoker.java:94)
	at org.ops4j.pax.exam.invoker.junit.internal.JUnitProbeInvoker.call(JUnitProbeInvoker.java:77)
	at org.ops4j.pax.exam.nat.internal.NativeTestContainer.call(NativeTestContainer.java:95)
	at org.ops4j.pax.exam.spi.reactors.AllConfinedStagedReactor.invoke(AllConfinedStagedReactor.java:74)
	at org.ops4j.pax.exam.junit.JUnit4TestRunner$3.evaluate(JUnit4TestRunner.java:304)
	at org.junit.runners.BlockJUnit4ClassRunner.runNotIgnored(BlockJUnit4ClassRunner.java:79)
	at org.junit.runners.BlockJUnit4ClassRunner.runChild(BlockJUnit4ClassRunner.java:71)
	at org.junit.runners.BlockJUnit4ClassRunner.runChild(BlockJUnit4ClassRunner.java:49)
	at org.junit.runners.ParentRunner$3.run(ParentRunner.java:193)
	at org.junit.runners.ParentRunner$1.schedule(ParentRunner.java:52)
	at org.junit.runners.ParentRunner.runChildren(ParentRunner.java:191)
	at org.junit.runners.ParentRunner.access$000(ParentRunner.java:42)
	at org.junit.runners.ParentRunner$2.evaluate(ParentRunner.java:184)
	at org.junit.runners.ParentRunner.run(ParentRunner.java:236)
	at org.ops4j.pax.exam.junit.JUnit4TestRunner.run(JUnit4TestRunner.java:93)
	at org.apache.maven.surefire.junit4.JUnit4Provider.execute(JUnit4Provider.java:236)
	at org.apache.maven.surefire.junit4.JUnit4Provider.executeTestSet(JUnit4Provider.java:134)
	at org.apache.maven.surefire.junit4.JUnit4Provider.invoke(JUnit4Provider.java:113)
	at sun.reflect.NativeMethodAccessorImpl.invoke0(Native Method)
	at sun.reflect.NativeMethodAccessorImpl.invoke(NativeMethodAccessorImpl.java:39)
	at sun.reflect.DelegatingMethodAccessorImpl.invoke(DelegatingMethodAccessorImpl.java:25)
	at java.lang.reflect.Method.invoke(Method.java:597)
	at org.apache.maven.surefire.util.ReflectionUtils.invokeMethodWithArray(ReflectionUtils.java:189)
	at org.apache.maven.surefire.booter.ProviderFactory$ProviderProxy.invoke(ProviderFactory.java:165)
	at org.apache.maven.surefire.booter.ProviderFactory.invokeProvider(ProviderFactory.java:85)
	at org.apache.maven.surefire.booter.ForkedBooter.runSuitesInProcess(ForkedBooter.java:103)
	at org.apache.maven.surefire.booter.ForkedBooter.main(ForkedBooter.java:74)
</error>
    <system-out>ERROR: Bundle org.ops4j.pax.exam.rbc [2] Error starting link:classpath:META-INF/links/org.ops4j.pax.exam.rbc.link (org.osgi.framework.BundleException: Activator start error in bundle org.ops4j.pax.exam.rbc [2].)
[org.ops4j.pax.swissbox.extender.BundleWatcher] : Creating bundle watcher with scanner [org.ops4j.pax.swissbox.extender.BundleManifestScanner@2f566b7d]...
[org.ops4j.pax.swissbox.extender.BundleWatcher] : Scanning bundle [org.apache.felix.framework]
[org.ops4j.pax.swissbox.extender.BundleWatcher] : Scanning bundle [org.ops4j.pax.exam]
[org.ops4j.pax.swissbox.extender.BundleWatcher] : Scanning bundle [org.ops4j.pax.exam.inject]
[org.ops4j.pax.swissbox.extender.BundleWatcher] : Scanning bundle [org.ops4j.pax.exam.extender.service]
[org.ops4j.pax.swissbox.extender.BundleWatcher] : Scanning bundle [osgi.cmpn]
[org.ops4j.pax.swissbox.extender.BundleWatcher] : Releasing bundle [org.ops4j.pax.logging.pax-logging-api]
ERROR: Bundle org.ops4j.pax.logging.pax-logging-api [6] Error starting link:classpath:META-INF/links/org.ops4j.pax.logging.api.link (org.osgi.framework.BundleException: Activator start error in bundle org.ops4j.pax.logging.pax-logging-api [6].)
[org.ops4j.pax.swissbox.extender.BundleWatcher] : Scanning bundle [org.ops4j.base]
[org.ops4j.pax.swissbox.extender.BundleWatcher] : Scanning bundle [org.ops4j.pax.swissbox.core]
[org.ops4j.pax.swissbox.extender.BundleWatcher] : Scanning bundle [org.ops4j.pax.swissbox.extender]
[org.ops4j.pax.swissbox.extender.BundleWatcher] : Scanning bundle [org.ops4j.pax.swissbox.framework]
[org.ops4j.pax.swissbox.extender.BundleWatcher] : Scanning bundle [org.ops4j.pax.swissbox.lifecycle]
[org.ops4j.pax.swissbox.extender.BundleWatcher] : Scanning bundle [org.apache.geronimo.specs.geronimo-atinject_1.0_spec]
[org.ops4j.pax.swissbox.extender.BundleWatcher] : Scanning bundle [org.apache.servicemix.bundles.junit]
[org.ops4j.pax.swissbox.extender.BundleWatcher] : Scanning bundle [semanticwebsapere-api]
[org.ops4j.pax.swissbox.extender.BundleWatcher] : Scanning bundle [semanticwebsapere-requirements]
[org.ops4j.pax.swissbox.extender.BundleWatcher] : Scanning bundle [semanticwebsapere-testplan]
SemanticWebSAPERE [RDFModel]: Starting up..
rdf-model&gt; LSAFactory REGISTERED
rdf-model&gt; LSAParser REGISTERED
rdf-model&gt; EcolawFactory REGISTERED
rdf-model&gt; FormulaFactory REGISTERED
rdf-model&gt; Node URI = http://www.sapere-project.eu/ontologies/2012/0/sapere-model.owl#nodeC4256B8F-141B-4EF1-9583-2E2F41A4F3A3
[org.ops4j.pax.swissbox.extender.BundleWatcher] : Scanning bundle [semanticwebsapere-rdfmodel]
rdf-space&gt; Starting up..
rdf-space&gt; LSA Factory ACQUIRED
rdf-space&gt; LSA Compiler REGISTERED.
rdf-space&gt; Eco-law Compiler REGISTERED.
rdf-space&gt; NO reasoner enabled
[org.ops4j.pax.swissbox.extender.BundleWatcher] : Releasing bundle [semanticwebsapere-rdfspace]
ERROR: Bundle semanticwebsapere-rdfspace [17] Error starting mvn:it.apice.sapere/semanticwebsapere-rdfspace (org.osgi.framework.BundleException: Activator start error in bundle semanticwebsapere-rdfspace [17].)
[org.ops4j.pax.swissbox.extender.BundleWatcher] : Scanning bundle [org.ops4j.pax.exam.invoker.junit]
[org.ops4j.pax.swissbox.extender.BundleWatcher] : Scanning bundle [PAXEXAM-PROBE-e0c16729-1c41-4908-a15a-6832f83d021a]
[...]
	at sun.reflect.NativeMethodAccessorImpl.invoke0(Native Method)
	at sun.reflect.NativeMethodAccessorImpl.invoke(NativeMethodAccessorImpl.java:39)
	at sun.reflect.DelegatingMethodAccessorImpl.invoke(DelegatingMethodAccessorImpl.java:25)
	at java.lang.reflect.Method.invoke(Method.java:597)
	at org.apache.maven.surefire.util.ReflectionUtils.invokeMethodWithArray(ReflectionUtils.java:189)
	at org.apache.maven.surefire.booter.ProviderFactory$ProviderProxy.invoke(ProviderFactory.java:165)
	at org.apache.maven.surefire.booter.ProviderFactory.invokeProvider(ProviderFactory.java:85)
	at org.apache.maven.surefire.booter.ForkedBooter.runSuitesInProcess(ForkedBooter.java:103)
	at org.apache.maven.surefire.booter.ForkedBooter.main(ForkedBooter.java:74)
</error>
    <system-out>ERROR: Bundle org.ops4j.pax.exam.rbc [2] Error starting link:classpath:META-INF/links/org.ops4j.pax.exam.rbc.link (org.osgi.framework.BundleException: Activator start error in bundle org.ops4j.pax.exam.rbc [2].)
[org.ops4j.pax.swissbox.extender.BundleWatcher] : Creating bundle watcher with scanner [org.ops4j.pax.swissbox.extender.BundleManifestScanner@73bb3c06]...
[org.ops4j.pax.swissbox.extender.BundleWatcher] : Scanning bundle [org.apache.felix.framework]
[org.ops4j.pax.swissbox.extender.BundleWatcher] : Scanning bundle [org.ops4j.pax.exam]
[org.ops4j.pax.swissbox.extender.BundleWatcher] : Scanning bundle [org.ops4j.pax.exam.inject]
[org.ops4j.pax.swissbox.extender.BundleWatcher] : Scanning bundle [org.ops4j.pax.exam.extender.service]
[org.ops4j.pax.swissbox.extender.BundleWatcher] : Scanning bundle [osgi.cmpn]
[org.ops4j.pax.swissbox.extender.BundleWatcher] : Releasing bundle [org.ops4j.pax.logging.pax-logging-api]
ERROR: Bundle org.ops4j.pax.logging.pax-logging-api [6] Error starting link:classpath:META-INF/links/org.ops4j.pax.logging.api.link (org.osgi.framework.BundleException: Activator start error in bundle org.ops4j.pax.logging.pax-logging-api [6].)
[org.ops4j.pax.swissbox.extender.BundleWatcher] : Scanning bundle [org.ops4j.base]
[org.ops4j.pax.swissbox.extender.BundleWatcher] : Scanning bundle [org.ops4j.pax.swissbox.core]
[org.ops4j.pax.swissbox.extender.BundleWatcher] : Scanning bundle [org.ops4j.pax.swissbox.extender]
[org.ops4j.pax.swissbox.extender.BundleWatcher] : Scanning bundle [org.ops4j.pax.swissbox.framework]
[org.ops4j.pax.swissbox.extender.BundleWatcher] : Scanning bundle [org.ops4j.pax.swissbox.lifecycle]
[org.ops4j.pax.swissbox.extender.BundleWatcher] : Scanning bundle [org.apache.geronimo.specs.geronimo-atinject_1.0_spec]
[org.ops4j.pax.swissbox.extender.BundleWatcher] : Scanning bundle [org.apache.servicemix.bundles.junit]
[org.ops4j.pax.swissbox.extender.BundleWatcher] : Scanning bundle [semanticwebsapere-api]
[org.ops4j.pax.swissbox.extender.BundleWatcher] : Scanning bundle [semanticwebsapere-requirements]
[org.ops4j.pax.swissbox.extender.BundleWatcher] : Scanning bundle [semanticwebsapere-testplan]
SemanticWebSAPERE [RDFModel]: Starting up..
rdf-model&gt; LSAFactory REGISTERED
rdf-model&gt; LSAParser REGISTERED
rdf-model&gt; EcolawFactory REGISTERED
rdf-model&gt; FormulaFactory REGISTERED
rdf-model&gt; Node URI = http://www.sapere-project.eu/ontologies/2012/0/sapere-model.owl#node6BD38AC0-B560-4B4B-B6DD-DCD55DFF8F98
[org.ops4j.pax.swissbox.extender.BundleWatcher] : Scanning bundle [semanticwebsapere-rdfmodel]
rdf-space&gt; Starting up..
rdf-space&gt; LSA Factory ACQUIRED
rdf-space&gt; LSA Compiler REGISTERED.
rdf-space&gt; Eco-law Compiler REGISTERED.
rdf-space&gt; NO reasoner enabled
[org.ops4j.pax.swissbox.extender.BundleWatcher] : Releasing bundle [semanticwebsapere-rdfspace]
ERROR: Bundle semanticwebsapere-rdfspace [17] Error starting mvn:it.apice.sapere/semanticwebsapere-rdfspace (org.osgi.framework.BundleException: Activator start error in bundle semanticwebsapere-rdfspace [17].)
[org.ops4j.pax.swissbox.extender.BundleWatcher] : Scanning bundle [org.ops4j.pax.exam.invoker.junit]
[org.ops4j.pax.swissbox.extender.BundleWatcher] : Scanning bundle [PAXEXAM-PROBE-e0c16729-1c41-4908-a15a-6832f83d021a]
[org.ops4j.pax.swissbox.extender.BundleWatcher] : Found resources [ManifestEntry{ key=PaxExam-bed0d45d-5a14-4448-ae4b-207e8b6718f3, value=it.apice.sapere.space.TestLSAspace;testInjectExceptions }, ManifestEntry{ key=PaxExam-Executable, value=PaxExam-bed0d45d-5a14-4448-ae4b-207e8b6718f3,PaxExam-6e5bff99-85a9-4158-80ad-5a9af67d6aa9,PaxExam-ca645139-01fc-4da4-8d39-242b3e905b07,PaxExam-0688f949-37f4-4c0e-bb31-a99ef5cfe325,PaxExam-11953a78-13c6-4193-8fc5-07c94a0d3da5,PaxExam-59232832-ae57-491f-90db-20e1e2b47e9f,PaxExam-f0dbd9ba-6b93-4cb7-be19-86bb0c50354b, }, ManifestEntry{ key=PaxExam-6e5bff99-85a9-4158-80ad-5a9af67d6aa9, value=it.apice.sapere.space.TestLSAspace;testReadExceptions }, ManifestEntry{ key=PaxExam-ca645139-01fc-4da4-8d39-242b3e905b07, value=it.apice.sapere.space.TestLSAspace;testIgnoreExceptions }, ManifestEntry{ key=PaxExam-11953a78-13c6-4193-8fc5-07c94a0d3da5, value=it.apice.sapere.space.TestLSAspace;testRemoveExceptions }, ManifestEntry{ key=PaxExam-0688f949-37f4-4c0e-bb31-a99ef5cfe325, value=it.apice.sapere.space.TestLSAspace;testScenario }, ManifestEntry{ key=PaxExam-59232832-ae57-491f-90db-20e1e2b47e9f, value=it.apice.sapere.space.TestLSAspace;testObserveExceptions }, ManifestEntry{ key=PaxExam-f0dbd9ba-6b93-4cb7-be19-86bb0c50354b, value=it.apice.sapere.space.TestLSAspace;testUpdateExceptions }]
[org.ops4j.pax.exam.raw.extender.intern.Probe] : Test PaxExam-bed0d45d-5a14-4448-ae4b-207e8b6718f3 to be in PaxExam-bed0d45d-5a14-4448-ae4b-207e8b6718f3,PaxExam-6e5bff99-85a9-4158-80ad-5a9af67d6aa9,PaxExam-ca645139-01fc-4da4-8d39-242b3e905b07,PaxExam-0688f949-37f4-4c0e-bb31-a99ef5cfe325,PaxExam-11953a78-13c6-4193-8fc5-07c94a0d3da5,PaxExam-59232832-ae57-491f-90db-20e1e2b47e9f,PaxExam-f0dbd9ba-6b93-4cb7-be19-86bb0c50354b,
[org.ops4j.pax.exam.raw.extender.intern.Probe] : Registering Service: org.ops4j.pax.exam.ProbeInvoker with Probe-Signature=&quot;PaxExam-bed0d45d-5a14-4448-ae4b-207e8b6718f3&quot; and expression=&quot;it.apice.sapere.space.TestLSAspace;testInjectExceptions&quot;
[org.ops4j.pax.exam.raw.extender.intern.Probe] : Test PaxExam-Executable to be in PaxExam-bed0d45d-5a14-4448-ae4b-207e8b6718f3,PaxExam-6e5bff99-85a9-4158-80ad-5a9af67d6aa9,PaxExam-ca645139-01fc-4da4-8d39-242b3e905b07,PaxExam-0688f949-37f4-4c0e-bb31-a99ef5cfe325,PaxExam-11953a78-13c6-4193-8fc5-07c94a0d3da5,PaxExam-59232832-ae57-491f-90db-20e1e2b47e9f,PaxExam-f0dbd9ba-6b93-4cb7-be19-86bb0c50354b,
[org.ops4j.pax.exam.raw.extender.intern.Probe] : Test PaxExam-6e5bff99-85a9-4158-80ad-5a9af67d6aa9 to be in PaxExam-bed0d45d-5a14-4448-ae4b-207e8b6718f3,PaxExam-6e5bff99-85a9-4158-80ad-5a9af67d6aa9,PaxExam-ca645139-01fc-4da4-8d39-242b3e905b07,PaxExam-0688f949-37f4-4c0e-bb31-a99ef5cfe325,PaxExam-11953a78-13c6-4193-8fc5-07c94a0d3da5,PaxExam-59232832-ae57-491f-90db-20e1e2b47e9f,PaxExam-f0dbd9ba-6b93-4cb7-be19-86bb0c50354b,
[org.ops4j.pax.exam.raw.extender.intern.Probe] : Registering Service: org.ops4j.pax.exam.ProbeInvoker with Probe-Signature=&quot;PaxExam-6e5bff99-85a9-4158-80ad-5a9af67d6aa9&quot; and expression=&quot;it.apice.sapere.space.TestLSAspace;testReadExceptions&quot;
[org.ops4j.pax.exam.raw.extender.intern.Probe] : Test PaxExam-ca645139-01fc-4da4-8d39-242b3e905b07 to be in PaxExam-bed0d45d-5a14-4448-ae4b-207e8b6718f3,PaxExam-6e5bff99-85a9-4158-80ad-5a9af67d6aa9,PaxExam-ca645139-01fc-4da4-8d39-242b3e905b07,PaxExam-0688f949-37f4-4c0e-bb31-a99ef5cfe325,PaxExam-11953a78-13c6-4193-8fc5-07c94a0d3da5,PaxExam-59232832-ae57-491f-90db-20e1e2b47e9f,PaxExam-f0dbd9ba-6b93-4cb7-be19-86bb0c50354b,
[org.ops4j.pax.exam.raw.extender.intern.Probe] : Registering Service: org.ops4j.pax.exam.ProbeInvoker with Probe-Signature=&quot;PaxExam-ca645139-01fc-4da4-8d39-242b3e905b07&quot; and expression=&quot;it.apice.sapere.space.TestLSAspace;testIgnoreExceptions&quot;
[org.ops4j.pax.exam.raw.extender.intern.Probe] : Test PaxExam-11953a78-13c6-4193-8fc5-07c94a0d3da5 to be in PaxExam-bed0d45d-5a14-4448-ae4b-207e8b6718f3,PaxExam-6e5bff99-85a9-4158-80ad-5a9af67d6aa9,PaxExam-ca645139-01fc-4da4-8d39-242b3e905b07,PaxExam-0688f949-37f4-4c0e-bb31-a99ef5cfe325,PaxExam-11953a78-13c6-4193-8fc5-07c94a0d3da5,PaxExam-59232832-ae57-491f-90db-20e1e2b47e9f,PaxExam-f0dbd9ba-6b93-4cb7-be19-86bb0c50354b,
[org.ops4j.pax.exam.raw.extender.intern.Probe] : Registering Service: org.ops4j.pax.exam.ProbeInvoker with Probe-Signature=&quot;PaxExam-11953a78-13c6-4193-8fc5-07c94a0d3da5&quot; and expression=&quot;it.apice.sapere.space.TestLSAspace;testRemoveExceptions&quot;
[org.ops4j.pax.exam.raw.extender.intern.Probe] : Test PaxExam-0688f949-37f4-4c0e-bb31-a99ef5cfe325 to be in PaxExam-bed0d45d-5a14-4448-ae4b-207e8b6718f3,PaxExam-6e5bff99-85a9-4158-80ad-5a9af67d6aa9,PaxExam-ca645139-01fc-4da4-8d39-242b3e905b07,PaxExam-0688f949-37f4-4c0e-bb31-a99ef5cfe325,PaxExam-11953a78-13c6-4193-8fc5-07c94a0d3da5,PaxExam-59232832-ae57-491f-90db-20e1e2b47e9f,PaxExam-f0dbd9ba-6b93-4cb7-be19-86bb0c50354b,
[org.ops4j.pax.exam.raw.extender.intern.Probe] : Registering Service: org.ops4j.pax.exam.ProbeInvoker with Probe-Signature=&quot;PaxExam-0688f949-37f4-4c0e-bb31-a99ef5cfe325&quot; and expression=&quot;it.apice.sapere.space.TestLSAspace;testScenario&quot;
[org.ops4j.pax.exam.raw.extender.intern.Probe] : Test PaxExam-59232832-ae57-491f-90db-20e1e2b47e9f to be in PaxExam-bed0d45d-5a14-4448-ae4b-207e8b6718f3,PaxExam-6e5bff99-85a9-4158-80ad-5a9af67d6aa9,PaxExam-ca645139-01fc-4da4-8d39-242b3e905b07,PaxExam-0688f949-37f4-4c0e-bb31-a99ef5cfe325,PaxExam-11953a78-13c6-4193-8fc5-07c94a0d3da5,PaxExam-59232832-ae57-491f-90db-20e1e2b47e9f,PaxExam-f0dbd9ba-6b93-4cb7-be19-86bb0c50354b,
[org.ops4j.pax.exam.raw.extender.intern.Probe] : Registering Service: org.ops4j.pax.exam.ProbeInvoker with Probe-Signature=&quot;PaxExam-59232832-ae57-491f-90db-20e1e2b47e9f&quot; and expression=&quot;it.apice.sapere.space.TestLSAspace;testObserveExceptions&quot;
[org.ops4j.pax.exam.raw.extender.intern.Probe] : Test PaxExam-f0dbd9ba-6b93-4cb7-be19-86bb0c50354b to be in PaxExam-bed0d45d-5a14-4448-ae4b-207e8b6718f3,PaxExam-6e5bff99-85a9-4158-80ad-5a9af67d6aa9,PaxExam-ca645139-01fc-4da4-8d39-242b3e905b07,PaxExam-0688f949-37f4-4c0e-bb31-a99ef5cfe325,PaxExam-11953a78-13c6-4193-8fc5-07c94a0d3da5,PaxExam-59232832-ae57-491f-90db-20e1e2b47e9f,PaxExam-f0dbd9ba-6b93-4cb7-be19-86bb0c50354b,
[org.ops4j.pax.exam.raw.extender.intern.Probe] : Registering Service: org.ops4j.pax.exam.ProbeInvoker with Probe-Signature=&quot;PaxExam-f0dbd9ba-6b93-4cb7-be19-86bb0c50354b&quot; and expression=&quot;it.apice.sapere.space.TestLSAspace;testUpdateExceptions&quot;
[org.ops4j.pax.exam.invoker.junit.internal.ContainerTestRunner] : running testInjectExceptions in reactor
[org.ops4j.pax.swissbox.extender.BundleWatcher] : Releasing bundle [PAXEXAM-PROBE-e0c16729-1c41-4908-a15a-6832f83d021a]
[org.ops4j.pax.swissbox.extender.BundleWatcher] : Un-registering [ManifestEntry{ key=PaxExam-bed0d45d-5a14-4448-ae4b-207e8b6718f3, value=it.apice.sapere.space.TestLSAspace;testInjectExceptions }, ManifestEntry{ key=PaxExam-Executable, value=PaxExam-bed0d45d-5a14-4448-ae4b-207e8b6718f3,PaxExam-6e5bff99-85a9-4158-80ad-5a9af67d6aa9,PaxExam-ca645139-01fc-4da4-8d39-242b3e905b07,PaxExam-0688f949-37f4-4c0e-bb31-a99ef5cfe325,PaxExam-11953a78-13c6-4193-8fc5-07c94a0d3da5,PaxExam-59232832-ae57-491f-90db-20e1e2b47e9f,PaxExam-f0dbd9ba-6b93-4cb7-be19-86bb0c50354b, }, ManifestEntry{ key=PaxExam-6e5bff99-85a9-4158-80ad-5a9af67d6aa9, value=it.apice.sapere.space.TestLSAspace;testReadExceptions }, ManifestEntry{ key=PaxExam-ca645139-01fc-4da4-8d39-242b3e905b07, value=it.apice.sapere.space.TestLSAspace;testIgnoreExceptions }, ManifestEntry{ key=PaxExam-11953a78-13c6-4193-8fc5-07c94a0d3da5, value=it.apice.sapere.space.TestLSAspace;testRemoveExceptions }, ManifestEntry{ key=PaxExam-0688f949-37f4-4c0e-bb31-a99ef5cfe325, value=it.apice.sapere.space.TestLSAspace;testScenario }, ManifestEntry{ key=PaxExam-59232832-ae57-491f-90db-20e1e2b47e9f, value=it.apice.sapere.space.TestLSAspace;testObserveExceptions }, ManifestEntry{ key=PaxExam-f0dbd9ba-6b93-4cb7-be19-86bb0c50354b, value=it.apice.sapere.space.TestLSAspace;testUpdateExceptions }]
[org.ops4j.pax.exam.raw.extender.intern.TestBundleObserver] : Unregistered testcase [org.ops4j.pax.exam.raw.extender.intern.Probe@36473fa1.]
[org.ops4j.pax.swissbox.extender.BundleWatcher] : Releasing bundle [org.ops4j.pax.exam.invoker.junit]
SemanticWebSAPERE [RDFModel]: Stopping..
rdf-model&gt; LSAParser UNREGISTERED.
rdf-model&gt; LSAFactory UNREGISTERED.
rdf-model&gt; EcolawFactory UNREGISTERED.
rdf-model&gt; FormulaFactory UNREGISTERED.
[org.ops4j.pax.swissbox.extender.BundleWatcher] : Releasing bundle [semanticwebsapere-rdfmodel]
[org.ops4j.pax.swissbox.extender.BundleWatcher] : Releasing bundle [semanticwebsapere-testplan]
[org.ops4j.pax.swissbox.extender.BundleWatcher] : Releasing bundle [semanticwebsapere-requirements]
[org.ops4j.pax.swissbox.extender.BundleWatcher] : Releasing bundle [semanticwebsapere-api]
[org.ops4j.pax.swissbox.extender.BundleWatcher] : Releasing bundle [org.apache.servicemix.bundles.junit]
[org.ops4j.pax.swissbox.extender.BundleWatcher] : Releasing bundle [org.apache.geronimo.specs.geronimo-atinject_1.0_spec]
[org.ops4j.pax.swissbox.extender.BundleWatcher] : Releasing bundle [org.ops4j.pax.swissbox.lifecycle]
[org.ops4j.pax.swissbox.extender.BundleWatcher] : Releasing bundle [org.ops4j.pax.swissbox.framework]
[org.ops4j.pax.swissbox.extender.BundleWatcher] : Releasing bundle [org.ops4j.pax.swissbox.extender]
[org.ops4j.pax.swissbox.extender.BundleWatcher] : Releasing bundle [org.ops4j.pax.swissbox.core]
[org.ops4j.pax.swissbox.extender.BundleWatcher] : Releasing bundle [org.ops4j.base]
[org.ops4j.pax.swissbox.extender.BundleWatcher] : Releasing bundle [osgi.cmpn]
[org.ops4j.pax.swissbox.extender.BundleWatcher] : Releasing bundle [org.ops4j.pax.exam.inject]
[org.ops4j.pax.swissbox.extender.BundleWatcher] : Releasing bundle [org.ops4j.pax.exam.extender.service]
[org.ops4j.pax.swissbox.extender.BundleWatcher] : Releasing bundle [org.apache.felix.framework]
[org.ops4j.pax.swissbox.extender.BundleWatcher] : Releasing bundle [org.ops4j.pax.exam]
</system-out>
    <system-err>java.lang.ClassCastException: org.ops4j.pax.exam.rbc.internal.Activator cannot be cast to org.osgi.framework.BundleActivator
	at org.apache.felix.framework.Felix.createBundleActivator(Felix.java:4177)
	at org.apache.felix.framework.Felix.activateBundle(Felix.java:1972)
	at org.apache.felix.framework.Felix.startBundle(Felix.java:1895)
	at org.apache.felix.framework.Felix.setActiveStartLevel(Felix.java:1191)
	at org.apache.felix.framework.FrameworkStartLevelImpl.run(FrameworkStartLevelImpl.java:295)
	at java.lang.Thread.run(Thread.java:680)
java.lang.ClassCastException: org.ops4j.pax.logging.internal.Activator cannot be cast to org.osgi.framework.BundleActivator
	at org.apache.felix.framework.Felix.createBundleActivator(Felix.java:4177)
	at org.apache.felix.framework.Felix.activateBundle(Felix.java:1972)
	at org.apache.felix.framework.Felix.startBundle(Felix.java:1895)
	at org.apache.felix.framework.Felix.setActiveStartLevel(Felix.java:1191)
	at org.apache.felix.framework.FrameworkStartLevelImpl.run(FrameworkStartLevelImpl.java:295)
	at java.lang.Thread.run(Thread.java:680)
SLF4J: Class path contains multiple SLF4J bindings.
SLF4J: Found binding in [bundle://14.0:1/org/slf4j/impl/StaticLoggerBinder.class]
SLF4J: Found binding in [bundle://14.0:15/org/slf4j/impl/StaticLoggerBinder.class]
SLF4J: Found binding in [bundle://14.0:27/org/slf4j/impl/StaticLoggerBinder.class]
SLF4J: See http://www.slf4j.org/codes.html#multiple_bindings for an explanation.
log4j:ERROR A &quot;org.apache.log4j.ConsoleAppender&quot; object is not assignable to a &quot;org.apache.log4j.Appender&quot; variable.
log4j:ERROR The class &quot;org.apache.log4j.Appender&quot; was loaded by 
log4j:ERROR [org.apache.felix.framework.BundleWiringImpl@11d612fc] whereas object of type 
log4j:ERROR &quot;org.apache.log4j.ConsoleAppender&quot; was loaded by [sun.misc.Launcher$AppClassLoader@43be2d65].
log4j:ERROR Could not instantiate appender named &quot;console&quot;.
java.lang.NoClassDefFoundError: org/w3c/dom/ElementTraversal
	at java.lang.ClassLoader.defineClass1(Native Method)
	at java.lang.ClassLoader.defineClassCond(ClassLoader.java:631)
	at java.lang.ClassLoader.defineClass(ClassLoader.java:615)
	at java.security.SecureClassLoader.defineClass(SecureClassLoader.java:141)
	at java.net.URLClassLoader.defineClass(URLClassLoader.java:283)
	at java.net.URLClassLoader.access$000(URLClassLoader.java:58)
	at java.net.URLClassLoader$1.run(URLClassLoader.java:197)
	at java.security.AccessController.doPrivileged(Native Method)
	at java.net.URLClassLoader.findClass(URLClassLoader.java:190)
	at java.lang.ClassLoader.loadClass(ClassLoader.java:306)
	at sun.misc.Launcher$AppClassLoader.loadClass(Launcher.java:301)
	at java.lang.ClassLoader.loadClass(ClassLoader.java:247)
	at org.apache.xerces.parsers.AbstractDOMParser.startDocument(Unknown Source)
	at org.apache.xerces.impl.dtd.XMLDTDValidator.startDocument(Unknown Source)
	at org.apache.xerces.impl.XMLDocumentScannerImpl.startEntity(Unknown Source)
	at org.apache.xerces.impl.XMLVersionDetector.startDocumentParsing(Unknown Source)
	at org.apache.xerces.parsers.XML11Configuration.parse(Unknown Source)
	at org.apache.xerces.parsers.XML11Configuration.parse(Unknown Source)
	at org.apache.xerces.parsers.XMLParser.parse(Unknown Source)
	at org.apache.xerces.parsers.DOMParser.parse(Unknown Source)
	at org.apache.xerces.jaxp.DocumentBuilderImpl.parse(Unknown Source)
	at java.util.XMLUtils.getLoadingDoc(XMLUtils.java:82)
	at java.util.XMLUtils.load(XMLUtils.java:54)
	at java.util.Properties.loadFromXML(Properties.java:852)
	at com.hp.hpl.jena.util.Metadata.read(Metadata.java:80)
	at com.hp.hpl.jena.util.Metadata.addMetadata(Metadata.java:54)
	at com.hp.hpl.jena.util.Metadata.&lt;init&gt;(Metadata.java:48)
	at com.hp.hpl.jena.JenaRuntime.&lt;clinit&gt;(JenaRuntime.java:37)
	at com.hp.hpl.jena.rdf.model.impl.RDFReaderFImpl.&lt;clinit&gt;(RDFReaderFImpl.java:74)
	at com.hp.hpl.jena.rdf.model.impl.ModelCom.&lt;clinit&gt;(ModelCom.java:54)
	at com.hp.hpl.jena.rdf.model.ModelFactory.createDefaultModel(ModelFactory.java:142)
	at com.hp.hpl.jena.rdf.model.ModelFactory.createDefaultModel(ModelFactory.java:136)
	at com.hp.hpl.jena.vocabulary.OWL.&lt;clinit&gt;(OWL.java:37)
	at com.hp.hpl.jena.ontology.ProfileRegistry.&lt;clinit&gt;(ProfileRegistry.java:47)
	at com.hp.hpl.jena.ontology.OntModelSpec.&lt;clinit&gt;(OntModelSpec.java:53)
	at it.apice.sapere.space.impl.LSAspaceImpl.initRDFGraphModel(LSAspaceImpl.java:64)
	at it.apice.sapere.api.space.core.impl.AbstractLSAspaceCoreImpl.&lt;init&gt;(AbstractLSAspaceCoreImpl.java:207)
	at it.apice.sapere.space.impl.LSAspaceImpl.&lt;init&gt;(LSAspaceImpl.java:35)
	at it.apice.sapere.space.internal.RDFSpaceActivator.registerLSAspace(RDFSpaceActivator.java:170)
	at it.apice.sapere.space.internal.RDFSpaceActivator.start(RDFSpaceActivator.java:67)
	at org.apache.felix.framework.util.SecureAction.startActivator(SecureAction.java:641)
	at org.apache.felix.framework.Felix.activateBundle(Felix.java:1977)
	at org.apache.felix.framework.Felix.startBundle(Felix.java:1895)
	at org.apache.felix.framework.Felix.setActiveStartLevel(Felix.java:1191)
	at org.apache.felix.framework.FrameworkStartLevelImpl.run(FrameworkStartLevelImpl.java:295)
	at java.lang.Thread.run(Thread.java:680)
Caused by: java.lang.ClassNotFoundException: org.w3c.dom.ElementTraversal
	at java.net.URLClassLoader$1.run(URLClassLoader.java:202)
	at java.security.AccessController.doPrivileged(Native Method)
	at java.net.URLClassLoader.findClass(URLClassLoader.java:190)
	at java.lang.ClassLoader.loadClass(ClassLoader.java:306)
	at sun.misc.Launcher$AppClassLoader.loadClass(Launcher.java:301)
	at java.lang.ClassLoader.loadClass(ClassLoader.java:247)
	... 46 more
</system-err>
  </testcase>
</testsuite>