Invoking Maven for the goals: [org.apache.maven.plugins:maven-javadoc-plugin:2.8.1:test-javadoc] with no properties

M2_HOME=/Users/conteit/apache-maven-3.0.4
MAVEN_OPTS=null
JAVA_HOME=/System/Library/Java/JavaVirtualMachines/1.6.0.jdk/Contents/Home
JAVA_OPTS=null

[INFO] Scanning for projects...
[WARNING] 
[WARNING] Some problems were encountered while building the effective model for it.apice.sapere:semanticwebsapere-testplan:bundle:0.1.0
[WARNING] 'version' contains an expression but should be a constant. @ it.apice.sapere:semanticwebsapere:${swsapere.vers}, /Users/conteit/Desktop/THESIS/sharing/semanticwebsapere/pom.xml, line 11, column 11
[WARNING] 
[WARNING] It is highly recommended to fix these problems because they threaten the stability of your build.
[WARNING] 
[WARNING] For this reason, future Maven versions might no longer support building such malformed projects.
[WARNING] 
[INFO]                                                                         
[INFO] ------------------------------------------------------------------------
[INFO] Building SAPERE API Testing Plan 0.1.0
[INFO] ------------------------------------------------------------------------
[INFO] 
[INFO] >>> maven-javadoc-plugin:2.8.1:test-javadoc (default-cli) @ semanticwebsapere-testplan >>>
Downloading: https://repository.apache.org/content/repositories/releases/it/apice/sapere/semanticwebsapere/${swsapere.vers}/semanticwebsapere-${swsapere.vers}.pom
Downloading: http://repository.springsource.com/maven/bundles/external/it/apice/sapere/semanticwebsapere/${swsapere.vers}/semanticwebsapere-${swsapere.vers}.pom
Downloading: http://dev.biordf.net/maven/it/apice/sapere/semanticwebsapere/${swsapere.vers}/semanticwebsapere-${swsapere.vers}.pom
Downloading: http://repo.maven.apache.org/maven2/it/apice/sapere/semanticwebsapere/${swsapere.vers}/semanticwebsapere-${swsapere.vers}.pom
[INFO] ------------------------------------------------------------------------
[INFO] BUILD FAILURE
[INFO] ------------------------------------------------------------------------
[INFO] Total time: 2.044s
[INFO] Finished at: Wed May 23 14:22:17 CEST 2012
[INFO] Final Memory: 7M/81M
[INFO] ------------------------------------------------------------------------
[ERROR] Failed to execute goal on project semanticwebsapere-testplan: Could not resolve dependencies for project it.apice.sapere:semanticwebsapere-testplan:bundle:0.1.0: Failed to collect dependencies for [junit:junit:jar:4.8.2 (compile), it.apice.sapere:semanticwebsapere-api:jar:0.1.0 (compile), it.apice.sapere:semanticwebsapere-requirements:jar:0.1.0 (compile)]: Failed to read artifact descriptor for it.apice.sapere:semanticwebsapere-requirements:jar:0.1.0: Could not transfer artifact it.apice.sapere:semanticwebsapere:pom:${swsapere.vers} from/to apache-repo-releases (https://repository.apache.org/content/repositories/releases): IllegalArgumentException: Illegal character in path at index 95: https://repository.apache.org/content/repositories/releases/it/apice/sapere/semanticwebsapere/${swsapere.vers}/semanticwebsapere-${swsapere.vers}.pom -> [Help 1]
[ERROR] 
[ERROR] To see the full stack trace of the errors, re-run Maven with the -e switch.
[ERROR] Re-run Maven using the -X switch to enable full debug logging.
[ERROR] 
[ERROR] For more information about the errors and possible solutions, please read the following articles:
[ERROR] [Help 1] http://cwiki.apache.org/confluence/display/MAVEN/DependencyResolutionException
