<?xml version="1.0" encoding="UTF-8"?>
<checkstyle version="5.5">
<file name="/Users/conteit/Desktop/THESIS/sharing/semanticwebsapere/semanticwebsapere-testplan/src/main/java/it/apice/sapere/api/AbstractModelTest.java">
<error line="0" severity="warning" message="Missing package-info.java file." source="com.puppycrawl.tools.checkstyle.checks.javadoc.JavadocPackageCheck"/>
</file>
<file name="/Users/conteit/Desktop/THESIS/sharing/semanticwebsapere/semanticwebsapere-testplan/src/main/java/it/apice/sapere/api/AbstractTestExtSAPEREFactory.java">
<error line="17" severity="warning" message="Line is longer than 80 characters." source="com.puppycrawl.tools.checkstyle.checks.sizes.LineLengthCheck"/>
</file>
<file name="/Users/conteit/Desktop/THESIS/sharing/semanticwebsapere/semanticwebsapere-testplan/src/main/java/it/apice/sapere/api/AbstractTestSAPEREFactory.java">
<error line="34" column="5" severity="warning" message="Method &apos;testUnwanted&apos; is not designed for extension - needs to be abstract, final or empty." source="com.puppycrawl.tools.checkstyle.checks.design.DesignForExtensionCheck"/>
<error line="143" column="5" severity="warning" message="Method &apos;createValidStringValue&apos; is not designed for extension - needs to be abstract, final or empty." source="com.puppycrawl.tools.checkstyle.checks.design.DesignForExtensionCheck"/>
<error line="154" column="5" severity="warning" message="Method &apos;createValidStringValue2&apos; is not designed for extension - needs to be abstract, final or empty." source="com.puppycrawl.tools.checkstyle.checks.design.DesignForExtensionCheck"/>
<error line="165" column="5" severity="warning" message="Method &apos;createValidLanguageCode&apos; is not designed for extension - needs to be abstract, final or empty." source="com.puppycrawl.tools.checkstyle.checks.design.DesignForExtensionCheck"/>
<error line="176" column="5" severity="warning" message="Method &apos;createValidURI&apos; is not designed for extension - needs to be abstract, final or empty." source="com.puppycrawl.tools.checkstyle.checks.design.DesignForExtensionCheck"/>
<error line="191" column="5" severity="warning" message="Method &apos;createMockBehav&apos; is not designed for extension - needs to be abstract, final or empty." source="com.puppycrawl.tools.checkstyle.checks.design.DesignForExtensionCheck"/>
</file>
<file name="/Users/conteit/Desktop/THESIS/sharing/semanticwebsapere/semanticwebsapere-testplan/src/main/java/it/apice/sapere/api/AbstractTestSAPEREParser.java">
</file>
<file name="/Users/conteit/Desktop/THESIS/sharing/semanticwebsapere/semanticwebsapere-testplan/src/main/java/it/apice/sapere/api/lsas/AbstractTestLSA.java">
<error line="0" severity="warning" message="Missing package-info.java file." source="com.puppycrawl.tools.checkstyle.checks.javadoc.JavadocPackageCheck"/>
</file>
<file name="/Users/conteit/Desktop/THESIS/sharing/semanticwebsapere/semanticwebsapere-testplan/src/main/java/it/apice/sapere/api/lsas/AbstractTestLSAid.java">
<error line="49" severity="warning" message="Line is longer than 80 characters." source="com.puppycrawl.tools.checkstyle.checks.sizes.LineLengthCheck"/>
</file>
<file name="/Users/conteit/Desktop/THESIS/sharing/semanticwebsapere/semanticwebsapere-testplan/src/main/java/it/apice/sapere/api/lsas/AbstractTestProperty.java">
</file>
<file name="/Users/conteit/Desktop/THESIS/sharing/semanticwebsapere/semanticwebsapere-testplan/src/main/java/it/apice/sapere/api/lsas/AbstractTestPropertyName.java">
</file>
<file name="/Users/conteit/Desktop/THESIS/sharing/semanticwebsapere/semanticwebsapere-testplan/src/main/java/it/apice/sapere/api/lsas/AbstractTestSemanticDescription.java">
</file>
<file name="/Users/conteit/Desktop/THESIS/sharing/semanticwebsapere/semanticwebsapere-testplan/src/main/java/it/apice/sapere/api/lsas/values/AbstractTestBooleanValue.java">
<error line="0" severity="warning" message="Missing package-info.java file." source="com.puppycrawl.tools.checkstyle.checks.javadoc.JavadocPackageCheck"/>
</file>
<file name="/Users/conteit/Desktop/THESIS/sharing/semanticwebsapere/semanticwebsapere-testplan/src/main/java/it/apice/sapere/api/lsas/values/AbstractTestDateTimeValue.java">
</file>
<file name="/Users/conteit/Desktop/THESIS/sharing/semanticwebsapere/semanticwebsapere-testplan/src/main/java/it/apice/sapere/api/lsas/values/AbstractTestDoubleValue.java">
</file>
<file name="/Users/conteit/Desktop/THESIS/sharing/semanticwebsapere/semanticwebsapere-testplan/src/main/java/it/apice/sapere/api/lsas/values/AbstractTestFloatValue.java">
</file>
<file name="/Users/conteit/Desktop/THESIS/sharing/semanticwebsapere/semanticwebsapere-testplan/src/main/java/it/apice/sapere/api/lsas/values/AbstractTestIntegerValue.java">
</file>
<file name="/Users/conteit/Desktop/THESIS/sharing/semanticwebsapere/semanticwebsapere-testplan/src/main/java/it/apice/sapere/api/lsas/values/AbstractTestLongValue.java">
</file>
<file name="/Users/conteit/Desktop/THESIS/sharing/semanticwebsapere/semanticwebsapere-testplan/src/main/java/it/apice/sapere/api/lsas/values/AbstractTestLSAidValue.java">
</file>
<file name="/Users/conteit/Desktop/THESIS/sharing/semanticwebsapere/semanticwebsapere-testplan/src/main/java/it/apice/sapere/api/lsas/values/AbstractTestPropertyValue.java">
</file>
<file name="/Users/conteit/Desktop/THESIS/sharing/semanticwebsapere/semanticwebsapere-testplan/src/main/java/it/apice/sapere/api/lsas/values/AbstractTestURIValue.java">
</file>
<file name="/Users/conteit/Desktop/THESIS/sharing/semanticwebsapere/semanticwebsapere-testplan/src/main/java/it/apice/sapere/api/nodes/AbstractTestSAPERENode.java">
<error line="0" severity="warning" message="Missing package-info.java file." source="com.puppycrawl.tools.checkstyle.checks.javadoc.JavadocPackageCheck"/>
</file>
<file name="/Users/conteit/Desktop/THESIS/sharing/semanticwebsapere/semanticwebsapere-testplan/src/main/java/it/apice/sapere/api/space/AbstractTestExtLSAspace.java">
<error line="0" severity="warning" message="Missing package-info.java file." source="com.puppycrawl.tools.checkstyle.checks.javadoc.JavadocPackageCheck"/>
<error line="316" severity="warning" message="Line is longer than 80 characters." source="com.puppycrawl.tools.checkstyle.checks.sizes.LineLengthCheck"/>
</file>
<file name="/Users/conteit/Desktop/THESIS/sharing/semanticwebsapere/semanticwebsapere-testplan/src/main/java/it/apice/sapere/api/space/AbstractTestLSAspace.java">
<error line="48" column="5" severity="warning" message="Method &apos;testInjectExceptions&apos; is not designed for extension - needs to be abstract, final or empty." source="com.puppycrawl.tools.checkstyle.checks.design.DesignForExtensionCheck"/>
<error line="71" column="5" severity="warning" message="Method &apos;testReadExceptions&apos; is not designed for extension - needs to be abstract, final or empty." source="com.puppycrawl.tools.checkstyle.checks.design.DesignForExtensionCheck"/>
<error line="93" column="5" severity="warning" message="Method &apos;testRemoveExceptions&apos; is not designed for extension - needs to be abstract, final or empty." source="com.puppycrawl.tools.checkstyle.checks.design.DesignForExtensionCheck"/>
<error line="129" column="5" severity="warning" message="Method &apos;testUpdateExceptions&apos; is not designed for extension - needs to be abstract, final or empty." source="com.puppycrawl.tools.checkstyle.checks.design.DesignForExtensionCheck"/>
<error line="158" column="5" severity="warning" message="Method &apos;testObserveExceptions&apos; is not designed for extension - needs to be abstract, final or empty." source="com.puppycrawl.tools.checkstyle.checks.design.DesignForExtensionCheck"/>
<error line="187" column="5" severity="warning" message="Method &apos;testIgnoreExceptions&apos; is not designed for extension - needs to be abstract, final or empty." source="com.puppycrawl.tools.checkstyle.checks.design.DesignForExtensionCheck"/>
<error line="221" column="5" severity="warning" message="Method &apos;testScenario&apos; is not designed for extension - needs to be abstract, final or empty." source="com.puppycrawl.tools.checkstyle.checks.design.DesignForExtensionCheck"/>
<error line="261" column="5" severity="warning" message="Method &apos;createScenarioObserver&apos; is not designed for extension - needs to be abstract, final or empty." source="com.puppycrawl.tools.checkstyle.checks.design.DesignForExtensionCheck"/>
</file>
</checkstyle>
