<?xml version="1.0" encoding="UTF-8" ?>
<testsuite failures="0" time="18.65" errors="0" skipped="0" tests="7" name="it.apice.sapere.space.TestLSAspace">
  <properties>
[...]
</properties>
  <testcase time="4.396" classname="it.apice.sapere.space.TestLSAspace" name="testRemoveExceptions:TestLSAspace.testRemoveExceptions:NativeContainer:org.apache.felix.framework.FrameworkFactory@fd54d6"/>
  <testcase time="1.841" classname="it.apice.sapere.space.TestLSAspace" name="testScenario:TestLSAspace.testScenario:NativeContainer:org.apache.felix.framework.FrameworkFactory@fd54d6"/>
  <testcase time="1.925" classname="it.apice.sapere.space.TestLSAspace" name="testIgnoreExceptions:TestLSAspace.testIgnoreExceptions:NativeContainer:org.apache.felix.framework.FrameworkFactory@fd54d6"/>
  <testcase time="3.104" classname="it.apice.sapere.space.TestLSAspace" name="testObserveExceptions:TestLSAspace.testObserveExceptions:NativeContainer:org.apache.felix.framework.FrameworkFactory@fd54d6"/>
  <testcase time="2.984" classname="it.apice.sapere.space.TestLSAspace" name="testInjectExceptions:TestLSAspace.testInjectExceptions:NativeContainer:org.apache.felix.framework.FrameworkFactory@fd54d6"/>
  <testcase time="2.305" classname="it.apice.sapere.space.TestLSAspace" name="testUpdateExceptions:TestLSAspace.testUpdateExceptions:NativeContainer:org.apache.felix.framework.FrameworkFactory@fd54d6"/>
  <testcase time="2.095" classname="it.apice.sapere.space.TestLSAspace" name="testReadExceptions:TestLSAspace.testReadExceptions:NativeContainer:org.apache.felix.framework.FrameworkFactory@fd54d6"/>
</testsuite>