<!DOCTYPE html PUBLIC "-//W3C//DTD XHTML 1.0 Transitional//EN" "http://www.w3.org/TR/xhtml1/DTD/xhtml1-transitional.dtd">
<!-- Generated by Apache Maven Doxia at May 29, 2012 -->
<html xmlns="http://www.w3.org/1999/xhtml">
  <head>
    <title>Surefire Report</title>
    <style type="text/css" media="all">
      @import url("./css/maven-base.css");
      @import url("./css/maven-theme.css");
      @import url("./css/site.css");
    </style>
    <link rel="stylesheet" href="./css/print.css" type="text/css" media="print" />
        <meta name="Date-Revision-yyyymmdd" content="20120529" />
    <meta http-equiv="Content-Type" content="text/html; charset=UTF-8" />
      </head>
  <body class="composite">
    <div id="banner">
                  <span id="bannerLeft">
                                                <img src="images/logo.png" alt="" />
                </span>
                              <a href="http://maven.apache.org" id="bannerRight">
                                        <img src="http://maven.apache.org/images/maven-logo-2.gif" alt="" />
                </a>
            <div class="clear">
        <hr/>
      </div>
    </div>
    <div id="breadcrumbs">
            
                         <div class="xleft">
        Last Published: 29 May 2012
                      </div>
            <div class="xright">            <a href="http://www.sapere-project.eu" class="externalLink">SAPERE Project</a>
            |
                <a href="http://www.apice.unibo.it/" class="externalLink">APICe Lab</a>
            |
                <a href="http://www.apice.unibo.it/xwiki/bin/view/Theses/semanticwebsapere/" class="externalLink">Thesis space</a>
            |
                <a href="mailto:paolo.contessi@studio.unibo.it/" class="externalLink">Contact</a>
              
               </div>
      <div class="clear">
        <hr/>
      </div>
    </div>
    <div id="leftColumn">
      <div id="navcolumn">
             
                                         <h5>Project Documentation</h5>
                  <ul>
                                                                                                                                                              <li class="collapsed">
                  <a href="project-info.html">Project Information</a>
                  </li>
                                                                                                                                                                                                                              <li class="expanded">
                  <a href="project-reports.html">Project Reports</a>
                    <ul>
                      <li class="none">
                  <a href="pmd.html">PMD Report</a>
            </li>
                      <li class="none">
                  <a href="cpd.html">CPD Report</a>
            </li>
                      <li class="none">
                  <a href="checkstyle.html">Checkstyle</a>
            </li>
                      <li class="none">
                  <a href="apidocs/index.html">JavaDocs</a>
            </li>
                      <li class="none">
                  <a href="testapidocs/index.html">Test JavaDocs</a>
            </li>
                      <li class="none">
            <strong>Surefire Report</strong>
          </li>
                      <li class="none">
                  <a href="xref/index.html">Source Xref</a>
            </li>
                      <li class="none">
                  <a href="xref-test/index.html">Test Source Xref</a>
            </li>
                      <li class="none">
                  <a href="cobertura/index.html">Cobertura Test Coverage</a>
            </li>
              </ul>
        </li>
          </ul>
                       <h5>Parent Project</h5>
                  <ul>
                  <li class="none">
                  <a href="../index.html">Semantic Web SAPERE</a>
            </li>
          </ul>
                                 <a href="http://maven.apache.org/" title="Built by Maven" class="poweredBy">
          <img alt="Built by Maven" src="./images/logos/maven-feather.png"/>
        </a>
                       
                     </div>
    </div>
    <div id="bodyColumn">
      <div id="contentBox">
        <script type="text/javascript">
//<![CDATA[
function toggleDisplay(elementId) {
 var elm = document.getElementById(elementId + 'error');
 if (elm && typeof elm.style != "undefined") {
 if (elm.style.display == "none") {
 elm.style.display = "";
 document.getElementById(elementId + 'off').style.display = "none";
 document.getElementById(elementId + 'on').style.display = "inline";
 } else if (elm.style.display == "") { elm.style.display = "none";
 document.getElementById(elementId + 'off').style.display = "inline";
 document.getElementById(elementId + 'on').style.display = "none";
 } 
 } 
 }
//]]>
</script><div class="section"><h2>Surefire Report<a name="Surefire_Report"></a></h2></div><div class="section"><h2>Summary<a name="Summary"></a></h2><a name="Summary"></a><p>[<a href="#Summary">Summary</a>] [<a href="#Package_List">Package List</a>] [<a href="#Test_Cases">Test Cases</a>]</p><br /><table border="0" class="bodyTable"><tr class="a"><th>Tests</th><th>Errors </th><th>Failures</th><th>Skipped</th><th>Success Rate</th><th>Time</th></tr><tr class="b"><td>8</td><td>7</td><td>1</td><td>0</td><td>0%</td><td>92.73</td></tr></table><br /><p>Note: failures are anticipated and checked for with assertions while errors are unanticipated.</p><br /></div><div class="section"><h2>Package List<a name="Package_List"></a></h2><a name="Package_List"></a><p>[<a href="#Summary">Summary</a>] [<a href="#Package_List">Package List</a>] [<a href="#Test_Cases">Test Cases</a>]</p><br /><table border="0" class="bodyTable"><tr class="a"><th>Package</th><th>Tests</th><th>Errors </th><th>Failures</th><th>Skipped</th><th>Success Rate</th><th>Time</th></tr><tr class="b"><td><a href="#it.apice.sapere.node">it.apice.sapere.node</a></td><td>1</td><td>0</td><td>1</td><td>0</td><td>0%</td><td>3.398</td></tr><tr class="a"><td><a href="#it.apice.sapere.space">it.apice.sapere.space</a></td><td>7</td><td>7</td><td>0</td><td>0</td><td>0%</td><td>89.332</td></tr></table><br /><p>Note: package statistics are not computed recursively, they only sum up all of its testsuites numbers.</p><div class="section"><h3>it.apice.sapere.node<a name="it.apice.sapere.node"></a></h3><a name="it.apice.sapere.node"></a><table border="0" class="bodyTable"><tr class="b"><th></th><th>Class</th><th>Tests</th><th>Errors </th><th>Failures</th><th>Skipped</th><th>Success Rate</th><th>Time</th></tr><tr class="a"><td><a href="#it.apice.sapere.nodeTestSAPEREnode"><img src="images/icon_warning_sml.gif" alt="" /></a></td><td><a href="#it.apice.sapere.nodeTestSAPEREnode">TestSAPEREnode</a></td><td>1</td><td>0</td><td>1</td><td>0</td><td>0%</td><td>3.398</td></tr></table></div><div class="section"><h3>it.apice.sapere.space<a name="it.apice.sapere.space"></a></h3><a name="it.apice.sapere.space"></a><table border="0" class="bodyTable"><tr class="b"><th></th><th>Class</th><th>Tests</th><th>Errors </th><th>Failures</th><th>Skipped</th><th>Success Rate</th><th>Time</th></tr><tr class="a"><td><a href="#it.apice.sapere.spaceTestLSAspace"><img src="images/icon_error_sml.gif" alt="" /></a></td><td><a href="#it.apice.sapere.spaceTestLSAspace">TestLSAspace</a></td><td>7</td><td>7</td><td>0</td><td>0</td><td>0%</td><td>89.332</td></tr></table></div><br /></div><div class="section"><h2>Test Cases<a name="Test_Cases"></a></h2><a name="Test_Cases"></a><p>[<a href="#Summary">Summary</a>] [<a href="#Package_List">Package List</a>] [<a href="#Test_Cases">Test Cases</a>]</p><div class="section"><h3>TestSAPEREnode<a name="TestSAPEREnode"></a></h3><a name="it.apice.sapere.nodeTestSAPEREnode"></a><table border="0" class="bodyTable"><tr class="b"><td><a href="#it.apice.sapere.node.TestSAPEREnode.testServicesAvailablity:TestSAPEREnode.testServicesAvailablity:NativeContainer:org.apache.felix.framework.FrameworkFactory@33d6f122"><img src="images/icon_error_sml.gif" alt="" /></a></td><td><a href="#it.apice.sapere.node.TestSAPEREnode.testServicesAvailablity:TestSAPEREnode.testServicesAvailablity:NativeContainer:org.apache.felix.framework.FrameworkFactory@33d6f122">testServicesAvailablity:TestSAPEREnode.testServicesAvailablity:NativeContainer:org.apache.felix.framework.FrameworkFactory@33d6f122</a><div class="detailToggle" style="display:inline"><a href="javascript:toggleDisplay(&apos;it_apice_sapere_node_TestSAPEREnode_testServicesAvailablity:TestSAPEREnode_testServicesAvailablity:NativeContainer:org_apache_felix_framework_FrameworkFactory@33d6f122&apos;);"><span style="display:inline;" id="it_apice_sapere_node_TestSAPEREnode_testServicesAvailablity:TestSAPEREnode_testServicesAvailablity:NativeContainer:org_apache_felix_framework_FrameworkFactory@33d6f122off"> + </span><span style="display:none;" id="it_apice_sapere_node_TestSAPEREnode_testServicesAvailablity:TestSAPEREnode_testServicesAvailablity:NativeContainer:org_apache_felix_framework_FrameworkFactory@33d6f122on"> - </span>[ Detail ]</a></div></td><td>3.398</td></tr><tr class="a"><td></td><td></td><td></td></tr><tr class="b"><td></td><td><div id="it_apice_sapere_node_TestSAPEREnode_testServicesAvailablity:TestSAPEREnode_testServicesAvailablity:NativeContainer:org_apache_felix_framework_FrameworkFactory@33d6f122error" style="display:none;"><div><pre>java.lang.AssertionError:at org.junit.Assert.fail(Assert.java:91)at org.junit.Assert.assertTrue(Assert.java:43)at org.junit.Assert.assertNotNull(Assert.java:524)at org.junit.Assert.assertNotNull(Assert.java:535)at it.apice.sapere.node.TestSAPEREnode.testServicesAvailablity(TestSAPEREnode.java:79)at sun.reflect.NativeMethodAccessorImpl.invoke0(Native Method)at sun.reflect.NativeMethodAccessorImpl.invoke(NativeMethodAccessorImpl.java:39)at sun.reflect.DelegatingMethodAccessorImpl.invoke(DelegatingMethodAccessorImpl.java:25)at java.lang.reflect.Method.invoke(Method.java:597)at org.ops4j.pax.exam.raw.extender.intern.ProbeInvokerImpl.injectContextAndInvoke(ProbeInvokerImpl.java:124)at org.ops4j.pax.exam.raw.extender.intern.ProbeInvokerImpl.findAndInvoke(ProbeInvokerImpl.java:87)at org.ops4j.pax.exam.raw.extender.intern.ProbeInvokerImpl.call(ProbeInvokerImpl.java:74)at org.ops4j.pax.exam.nat.internal.NativeTestContainer.call(NativeTestContainer.java:95)at org.ops4j.pax.exam.spi.reactors.AllConfinedStagedReactor.invoke(AllConfinedStagedReactor.java:74)at org.ops4j.pax.exam.junit.JUnit4TestRunner$3.evaluate(JUnit4TestRunner.java:304)at org.junit.runners.BlockJUnit4ClassRunner.runNotIgnored(BlockJUnit4ClassRunner.java:79)at org.junit.runners.BlockJUnit4ClassRunner.runChild(BlockJUnit4ClassRunner.java:71)at org.junit.runners.BlockJUnit4ClassRunner.runChild(BlockJUnit4ClassRunner.java:49)at org.junit.runners.ParentRunner$3.run(ParentRunner.java:193)at org.junit.runners.ParentRunner$1.schedule(ParentRunner.java:52)at org.junit.runners.ParentRunner.runChildren(ParentRunner.java:191)at org.junit.runners.ParentRunner.access$000(ParentRunner.java:42)at org.junit.runners.ParentRunner$2.evaluate(ParentRunner.java:184)at org.junit.runners.ParentRunner.run(ParentRunner.java:236)at org.ops4j.pax.exam.junit.JUnit4TestRunner.run(JUnit4TestRunner.java:93)at org.apache.maven.surefire.junit4.JUnit4Provider.execute(JUnit4Provider.java:236)at org.apache.maven.surefire.junit4.JUnit4Provider.executeTestSet(JUnit4Provider.java:134)at org.apache.maven.surefire.junit4.JUnit4Provider.invoke(JUnit4Provider.java:113)at sun.reflect.NativeMethodAccessorImpl.invoke0(Native Method)at sun.reflect.NativeMethodAccessorImpl.invoke(NativeMethodAccessorImpl.java:39)at sun.reflect.DelegatingMethodAccessorImpl.invoke(DelegatingMethodAccessorImpl.java:25)at java.lang.reflect.Method.invoke(Method.java:597)at org.apache.maven.surefire.util.ReflectionUtils.invokeMethodWithArray(ReflectionUtils.java:189)at org.apache.maven.surefire.booter.ProviderFactory$ProviderProxy.invoke(ProviderFactory.java:165)at org.apache.maven.surefire.booter.ProviderFactory.invokeProvider(ProviderFactory.java:85)at org.apache.maven.surefire.booter.ForkedBooter.runSuitesInProcess(ForkedBooter.java:103)at org.apache.maven.surefire.booter.ForkedBooter.main(ForkedBooter.java:74)</pre></div></div></td><td></td></tr></table></div><div class="section"><h3>TestLSAspace<a name="TestLSAspace"></a></h3><a name="it.apice.sapere.spaceTestLSAspace"></a><table border="0" class="bodyTable"><tr class="a"><td><a href="#it.apice.sapere.space.TestLSAspace.testUpdateExceptions:TestLSAspace.testUpdateExceptions:NativeContainer:org.apache.felix.framework.FrameworkFactory@4e8deb8a"><img src="images/icon_error_sml.gif" alt="" /></a></td><td><a href="#it.apice.sapere.space.TestLSAspace.testUpdateExceptions:TestLSAspace.testUpdateExceptions:NativeContainer:org.apache.felix.framework.FrameworkFactory@4e8deb8a">testUpdateExceptions:TestLSAspace.testUpdateExceptions:NativeContainer:org.apache.felix.framework.FrameworkFactory@4e8deb8a</a><div class="detailToggle" style="display:inline"><a href="javascript:toggleDisplay(&apos;it_apice_sapere_space_TestLSAspace_testUpdateExceptions:TestLSAspace_testUpdateExceptions:NativeContainer:org_apache_felix_framework_FrameworkFactory@4e8deb8a&apos;);"><span style="display:inline;" id="it_apice_sapere_space_TestLSAspace_testUpdateExceptions:TestLSAspace_testUpdateExceptions:NativeContainer:org_apache_felix_framework_FrameworkFactory@4e8deb8aoff"> + </span><span style="display:none;" id="it_apice_sapere_space_TestLSAspace_testUpdateExceptions:TestLSAspace_testUpdateExceptions:NativeContainer:org_apache_felix_framework_FrameworkFactory@4e8deb8aon"> - </span>[ Detail ]</a></div></td><td>13.207</td></tr><tr class="b"><td></td><td>gave up waiting for service it.apice.sapere.api.space.core.LSAspaceCore</td><td></td></tr><tr class="a"><td></td><td><div id="it_apice_sapere_space_TestLSAspace_testUpdateExceptions:TestLSAspace_testUpdateExceptions:NativeContainer:org_apache_felix_framework_FrameworkFactory@4e8deb8aerror" style="display:none;"><div><pre>org.ops4j.pax.swissbox.framework.ServiceLookupException: gave up waiting for service it.apice.sapere.api.space.core.LSAspaceCoreat org.ops4j.pax.swissbox.framework.ServiceLookup.getService(ServiceLookup.java:122)at org.ops4j.pax.swissbox.framework.ServiceLookup.getService(ServiceLookup.java:83)at org.ops4j.pax.exam.inject.internal.ServiceInjector.injectField(ServiceInjector.java:86)at org.ops4j.pax.exam.inject.internal.ServiceInjector.injectDeclaredFields(ServiceInjector.java:70)at org.ops4j.pax.exam.inject.internal.ServiceInjector.injectFields(ServiceInjector.java:59)at org.ops4j.pax.exam.invoker.junit.internal.ContainerTestRunner.createTest(ContainerTestRunner.java:62)at org.junit.runners.BlockJUnit4ClassRunner$1.runReflectiveCall(BlockJUnit4ClassRunner.java:227)at org.junit.internal.runners.model.ReflectiveCallable.run(ReflectiveCallable.java:15)at org.junit.runners.BlockJUnit4ClassRunner.methodBlock(BlockJUnit4ClassRunner.java:224)at org.junit.runners.BlockJUnit4ClassRunner.runChild(BlockJUnit4ClassRunner.java:69)at org.ops4j.pax.exam.invoker.junit.internal.ContainerTestRunner.runChild(ContainerTestRunner.java:70)at org.ops4j.pax.exam.invoker.junit.internal.ContainerTestRunner.runChild(ContainerTestRunner.java:37)at org.junit.runners.ParentRunner$3.run(ParentRunner.java:231)at org.junit.runners.ParentRunner$1.schedule(ParentRunner.java:60)at org.junit.runners.ParentRunner.runChildren(ParentRunner.java:229)at org.junit.runners.ParentRunner.access$000(ParentRunner.java:50)at org.junit.runners.ParentRunner$2.evaluate(ParentRunner.java:222)at org.junit.runners.ParentRunner.run(ParentRunner.java:292)at org.junit.runner.JUnitCore.run(JUnitCore.java:157)at org.junit.runner.JUnitCore.run(JUnitCore.java:136)at org.ops4j.pax.exam.invoker.junit.internal.JUnitProbeInvoker.invokeViaJUnit(JUnitProbeInvoker.java:124)at org.ops4j.pax.exam.invoker.junit.internal.JUnitProbeInvoker.findAndInvoke(JUnitProbeInvoker.java:94)at org.ops4j.pax.exam.invoker.junit.internal.JUnitProbeInvoker.call(JUnitProbeInvoker.java:77)at org.ops4j.pax.exam.nat.internal.NativeTestContainer.call(NativeTestContainer.java:95)at org.ops4j.pax.exam.spi.reactors.AllConfinedStagedReactor.invoke(AllConfinedStagedReactor.java:74)at org.ops4j.pax.exam.junit.JUnit4TestRunner$3.evaluate(JUnit4TestRunner.java:304)at org.junit.runners.BlockJUnit4ClassRunner.runNotIgnored(BlockJUnit4ClassRunner.java:79)at org.junit.runners.BlockJUnit4ClassRunner.runChild(BlockJUnit4ClassRunner.java:71)at org.junit.runners.BlockJUnit4ClassRunner.runChild(BlockJUnit4ClassRunner.java:49)at org.junit.runners.ParentRunner$3.run(ParentRunner.java:193)at org.junit.runners.ParentRunner$1.schedule(ParentRunner.java:52)at org.junit.runners.ParentRunner.runChildren(ParentRunner.java:191)at org.junit.runners.ParentRunner.access$000(ParentRunner.java:42)at org.junit.runners.ParentRunner$2.evaluate(ParentRunner.java:184)at org.junit.runners.ParentRunner.run(ParentRunner.java:236)at org.ops4j.pax.exam.junit.JUnit4TestRunner.run(JUnit4TestRunner.java:93)at org.apache.maven.surefire.junit4.JUnit4Provider.execute(JUnit4Provider.java:236)at org.apache.maven.surefire.junit4.JUnit4Provider.executeTestSet(JUnit4Provider.java:134)at org.apache.maven.surefire.junit4.JUnit4Provider.invoke(JUnit4Provider.java:113)at sun.reflect.NativeMethodAccessorImpl.invoke0(Native Method)at sun.reflect.NativeMethodAccessorImpl.invoke(NativeMethodAccessorImpl.java:39)at sun.reflect.DelegatingMethodAccessorImpl.invoke(DelegatingMethodAccessorImpl.java:25)at java.lang.reflect.Method.invoke(Method.java:597)at org.apache.maven.surefire.util.ReflectionUtils.invokeMethodWithArray(ReflectionUtils.java:189)at org.apache.maven.surefire.booter.ProviderFactory$ProviderProxy.invoke(ProviderFactory.java:165)at org.apache.maven.surefire.booter.ProviderFactory.invokeProvider(ProviderFactory.java:85)at org.apache.maven.surefire.booter.ForkedBooter.runSuitesInProcess(ForkedBooter.java:103)at org.apache.maven.surefire.booter.ForkedBooter.main(ForkedBooter.java:74)</pre></div></div></td><td></td></tr><tr class="b"><td><a href="#it.apice.sapere.space.TestLSAspace.testInjectExceptions:TestLSAspace.testInjectExceptions:NativeContainer:org.apache.felix.framework.FrameworkFactory@4e8deb8a"><img src="images/icon_error_sml.gif" alt="" /></a></td><td><a href="#it.apice.sapere.space.TestLSAspace.testInjectExceptions:TestLSAspace.testInjectExceptions:NativeContainer:org.apache.felix.framework.FrameworkFactory@4e8deb8a">testInjectExceptions:TestLSAspace.testInjectExceptions:NativeContainer:org.apache.felix.framework.FrameworkFactory@4e8deb8a</a><div class="detailToggle" style="display:inline"><a href="javascript:toggleDisplay(&apos;it_apice_sapere_space_TestLSAspace_testInjectExceptions:TestLSAspace_testInjectExceptions:NativeContainer:org_apache_felix_framework_FrameworkFactory@4e8deb8a&apos;);"><span style="display:inline;" id="it_apice_sapere_space_TestLSAspace_testInjectExceptions:TestLSAspace_testInjectExceptions:NativeContainer:org_apache_felix_framework_FrameworkFactory@4e8deb8aoff"> + </span><span style="display:none;" id="it_apice_sapere_space_TestLSAspace_testInjectExceptions:TestLSAspace_testInjectExceptions:NativeContainer:org_apache_felix_framework_FrameworkFactory@4e8deb8aon"> - </span>[ Detail ]</a></div></td><td>12.474</td></tr><tr class="a"><td></td><td>gave up waiting for service it.apice.sapere.api.space.core.LSAspaceCore</td><td></td></tr><tr class="b"><td></td><td><div id="it_apice_sapere_space_TestLSAspace_testInjectExceptions:TestLSAspace_testInjectExceptions:NativeContainer:org_apache_felix_framework_FrameworkFactory@4e8deb8aerror" style="display:none;"><div><pre>org.ops4j.pax.swissbox.framework.ServiceLookupException: gave up waiting for service it.apice.sapere.api.space.core.LSAspaceCoreat org.ops4j.pax.swissbox.framework.ServiceLookup.getService(ServiceLookup.java:122)at org.ops4j.pax.swissbox.framework.ServiceLookup.getService(ServiceLookup.java:83)at org.ops4j.pax.exam.inject.internal.ServiceInjector.injectField(ServiceInjector.java:86)at org.ops4j.pax.exam.inject.internal.ServiceInjector.injectDeclaredFields(ServiceInjector.java:70)at org.ops4j.pax.exam.inject.internal.ServiceInjector.injectFields(ServiceInjector.java:59)at org.ops4j.pax.exam.invoker.junit.internal.ContainerTestRunner.createTest(ContainerTestRunner.java:62)at org.junit.runners.BlockJUnit4ClassRunner$1.runReflectiveCall(BlockJUnit4ClassRunner.java:227)at org.junit.internal.runners.model.ReflectiveCallable.run(ReflectiveCallable.java:15)at org.junit.runners.BlockJUnit4ClassRunner.methodBlock(BlockJUnit4ClassRunner.java:224)at org.junit.runners.BlockJUnit4ClassRunner.runChild(BlockJUnit4ClassRunner.java:69)at org.ops4j.pax.exam.invoker.junit.internal.ContainerTestRunner.runChild(ContainerTestRunner.java:70)at org.ops4j.pax.exam.invoker.junit.internal.ContainerTestRunner.runChild(ContainerTestRunner.java:37)at org.junit.runners.ParentRunner$3.run(ParentRunner.java:231)at org.junit.runners.ParentRunner$1.schedule(ParentRunner.java:60)at org.junit.runners.ParentRunner.runChildren(ParentRunner.java:229)at org.junit.runners.ParentRunner.access$000(ParentRunner.java:50)at org.junit.runners.ParentRunner$2.evaluate(ParentRunner.java:222)at org.junit.runners.ParentRunner.run(ParentRunner.java:292)at org.junit.runner.JUnitCore.run(JUnitCore.java:157)at org.junit.runner.JUnitCore.run(JUnitCore.java:136)at org.ops4j.pax.exam.invoker.junit.internal.JUnitProbeInvoker.invokeViaJUnit(JUnitProbeInvoker.java:124)at org.ops4j.pax.exam.invoker.junit.internal.JUnitProbeInvoker.findAndInvoke(JUnitProbeInvoker.java:94)at org.ops4j.pax.exam.invoker.junit.internal.JUnitProbeInvoker.call(JUnitProbeInvoker.java:77)at org.ops4j.pax.exam.nat.internal.NativeTestContainer.call(NativeTestContainer.java:95)at org.ops4j.pax.exam.spi.reactors.AllConfinedStagedReactor.invoke(AllConfinedStagedReactor.java:74)at org.ops4j.pax.exam.junit.JUnit4TestRunner$3.evaluate(JUnit4TestRunner.java:304)at org.junit.runners.BlockJUnit4ClassRunner.runNotIgnored(BlockJUnit4ClassRunner.java:79)at org.junit.runners.BlockJUnit4ClassRunner.runChild(BlockJUnit4ClassRunner.java:71)at org.junit.runners.BlockJUnit4ClassRunner.runChild(BlockJUnit4ClassRunner.java:49)at org.junit.runners.ParentRunner$3.run(ParentRunner.java:193)at org.junit.runners.ParentRunner$1.schedule(ParentRunner.java:52)at org.junit.runners.ParentRunner.runChildren(ParentRunner.java:191)at org.junit.runners.ParentRunner.access$000(ParentRunner.java:42)at org.junit.runners.ParentRunner$2.evaluate(ParentRunner.java:184)at org.junit.runners.ParentRunner.run(ParentRunner.java:236)at org.ops4j.pax.exam.junit.JUnit4TestRunner.run(JUnit4TestRunner.java:93)at org.apache.maven.surefire.junit4.JUnit4Provider.execute(JUnit4Provider.java:236)at org.apache.maven.surefire.junit4.JUnit4Provider.executeTestSet(JUnit4Provider.java:134)at org.apache.maven.surefire.junit4.JUnit4Provider.invoke(JUnit4Provider.java:113)at sun.reflect.NativeMethodAccessorImpl.invoke0(Native Method)at sun.reflect.NativeMethodAccessorImpl.invoke(NativeMethodAccessorImpl.java:39)at sun.reflect.DelegatingMethodAccessorImpl.invoke(DelegatingMethodAccessorImpl.java:25)at java.lang.reflect.Method.invoke(Method.java:597)at org.apache.maven.surefire.util.ReflectionUtils.invokeMethodWithArray(ReflectionUtils.java:189)at org.apache.maven.surefire.booter.ProviderFactory$ProviderProxy.invoke(ProviderFactory.java:165)at org.apache.maven.surefire.booter.ProviderFactory.invokeProvider(ProviderFactory.java:85)at org.apache.maven.surefire.booter.ForkedBooter.runSuitesInProcess(ForkedBooter.java:103)at org.apache.maven.surefire.booter.ForkedBooter.main(ForkedBooter.java:74)</pre></div></div></td><td></td></tr><tr class="a"><td><a href="#it.apice.sapere.space.TestLSAspace.testIgnoreExceptions:TestLSAspace.testIgnoreExceptions:NativeContainer:org.apache.felix.framework.FrameworkFactory@4e8deb8a"><img src="images/icon_error_sml.gif" alt="" /></a></td><td><a href="#it.apice.sapere.space.TestLSAspace.testIgnoreExceptions:TestLSAspace.testIgnoreExceptions:NativeContainer:org.apache.felix.framework.FrameworkFactory@4e8deb8a">testIgnoreExceptions:TestLSAspace.testIgnoreExceptions:NativeContainer:org.apache.felix.framework.FrameworkFactory@4e8deb8a</a><div class="detailToggle" style="display:inline"><a href="javascript:toggleDisplay(&apos;it_apice_sapere_space_TestLSAspace_testIgnoreExceptions:TestLSAspace_testIgnoreExceptions:NativeContainer:org_apache_felix_framework_FrameworkFactory@4e8deb8a&apos;);"><span style="display:inline;" id="it_apice_sapere_space_TestLSAspace_testIgnoreExceptions:TestLSAspace_testIgnoreExceptions:NativeContainer:org_apache_felix_framework_FrameworkFactory@4e8deb8aoff"> + </span><span style="display:none;" id="it_apice_sapere_space_TestLSAspace_testIgnoreExceptions:TestLSAspace_testIgnoreExceptions:NativeContainer:org_apache_felix_framework_FrameworkFactory@4e8deb8aon"> - </span>[ Detail ]</a></div></td><td>12.427</td></tr><tr class="b"><td></td><td>gave up waiting for service it.apice.sapere.api.space.core.LSAspaceCore</td><td></td></tr><tr class="a"><td></td><td><div id="it_apice_sapere_space_TestLSAspace_testIgnoreExceptions:TestLSAspace_testIgnoreExceptions:NativeContainer:org_apache_felix_framework_FrameworkFactory@4e8deb8aerror" style="display:none;"><div><pre>org.ops4j.pax.swissbox.framework.ServiceLookupException: gave up waiting for service it.apice.sapere.api.space.core.LSAspaceCoreat org.ops4j.pax.swissbox.framework.ServiceLookup.getService(ServiceLookup.java:122)at org.ops4j.pax.swissbox.framework.ServiceLookup.getService(ServiceLookup.java:83)at org.ops4j.pax.exam.inject.internal.ServiceInjector.injectField(ServiceInjector.java:86)at org.ops4j.pax.exam.inject.internal.ServiceInjector.injectDeclaredFields(ServiceInjector.java:70)at org.ops4j.pax.exam.inject.internal.ServiceInjector.injectFields(ServiceInjector.java:59)at org.ops4j.pax.exam.invoker.junit.internal.ContainerTestRunner.createTest(ContainerTestRunner.java:62)at org.junit.runners.BlockJUnit4ClassRunner$1.runReflectiveCall(BlockJUnit4ClassRunner.java:227)at org.junit.internal.runners.model.ReflectiveCallable.run(ReflectiveCallable.java:15)at org.junit.runners.BlockJUnit4ClassRunner.methodBlock(BlockJUnit4ClassRunner.java:224)at org.junit.runners.BlockJUnit4ClassRunner.runChild(BlockJUnit4ClassRunner.java:69)at org.ops4j.pax.exam.invoker.junit.internal.ContainerTestRunner.runChild(ContainerTestRunner.java:70)at org.ops4j.pax.exam.invoker.junit.internal.ContainerTestRunner.runChild(ContainerTestRunner.java:37)at org.junit.runners.ParentRunner$3.run(ParentRunner.java:231)at org.junit.runners.ParentRunner$1.schedule(ParentRunner.java:60)at org.junit.runners.ParentRunner.runChildren(ParentRunner.java:229)at org.junit.runners.ParentRunner.access$000(ParentRunner.java:50)at org.junit.runners.ParentRunner$2.evaluate(ParentRunner.java:222)at org.junit.runners.ParentRunner.run(ParentRunner.java:292)at org.junit.runner.JUnitCore.run(JUnitCore.java:157)at org.junit.runner.JUnitCore.run(JUnitCore.java:136)at org.ops4j.pax.exam.invoker.junit.internal.JUnitProbeInvoker.invokeViaJUnit(JUnitProbeInvoker.java:124)at org.ops4j.pax.exam.invoker.junit.internal.JUnitProbeInvoker.findAndInvoke(JUnitProbeInvoker.java:94)at org.ops4j.pax.exam.invoker.junit.internal.JUnitProbeInvoker.call(JUnitProbeInvoker.java:77)at org.ops4j.pax.exam.nat.internal.NativeTestContainer.call(NativeTestContainer.java:95)at org.ops4j.pax.exam.spi.reactors.AllConfinedStagedReactor.invoke(AllConfinedStagedReactor.java:74)at org.ops4j.pax.exam.junit.JUnit4TestRunner$3.evaluate(JUnit4TestRunner.java:304)at org.junit.runners.BlockJUnit4ClassRunner.runNotIgnored(BlockJUnit4ClassRunner.java:79)at org.junit.runners.BlockJUnit4ClassRunner.runChild(BlockJUnit4ClassRunner.java:71)at org.junit.runners.BlockJUnit4ClassRunner.runChild(BlockJUnit4ClassRunner.java:49)at org.junit.runners.ParentRunner$3.run(ParentRunner.java:193)at org.junit.runners.ParentRunner$1.schedule(ParentRunner.java:52)at org.junit.runners.ParentRunner.runChildren(ParentRunner.java:191)at org.junit.runners.ParentRunner.access$000(ParentRunner.java:42)at org.junit.runners.ParentRunner$2.evaluate(ParentRunner.java:184)at org.junit.runners.ParentRunner.run(ParentRunner.java:236)at org.ops4j.pax.exam.junit.JUnit4TestRunner.run(JUnit4TestRunner.java:93)at org.apache.maven.surefire.junit4.JUnit4Provider.execute(JUnit4Provider.java:236)at org.apache.maven.surefire.junit4.JUnit4Provider.executeTestSet(JUnit4Provider.java:134)at org.apache.maven.surefire.junit4.JUnit4Provider.invoke(JUnit4Provider.java:113)at sun.reflect.NativeMethodAccessorImpl.invoke0(Native Method)at sun.reflect.NativeMethodAccessorImpl.invoke(NativeMethodAccessorImpl.java:39)at sun.reflect.DelegatingMethodAccessorImpl.invoke(DelegatingMethodAccessorImpl.java:25)at java.lang.reflect.Method.invoke(Method.java:597)at org.apache.maven.surefire.util.ReflectionUtils.invokeMethodWithArray(ReflectionUtils.java:189)at org.apache.maven.surefire.booter.ProviderFactory$ProviderProxy.invoke(ProviderFactory.java:165)at org.apache.maven.surefire.booter.ProviderFactory.invokeProvider(ProviderFactory.java:85)at org.apache.maven.surefire.booter.ForkedBooter.runSuitesInProcess(ForkedBooter.java:103)at org.apache.maven.surefire.booter.ForkedBooter.main(ForkedBooter.java:74)</pre></div></div></td><td></td></tr><tr class="b"><td><a href="#it.apice.sapere.space.TestLSAspace.testReadExceptions:TestLSAspace.testReadExceptions:NativeContainer:org.apache.felix.framework.FrameworkFactory@4e8deb8a"><img src="images/icon_error_sml.gif" alt="" /></a></td><td><a href="#it.apice.sapere.space.TestLSAspace.testReadExceptions:TestLSAspace.testReadExceptions:NativeContainer:org.apache.felix.framework.FrameworkFactory@4e8deb8a">testReadExceptions:TestLSAspace.testReadExceptions:NativeContainer:org.apache.felix.framework.FrameworkFactory@4e8deb8a</a><div class="detailToggle" style="display:inline"><a href="javascript:toggleDisplay(&apos;it_apice_sapere_space_TestLSAspace_testReadExceptions:TestLSAspace_testReadExceptions:NativeContainer:org_apache_felix_framework_FrameworkFactory@4e8deb8a&apos;);"><span style="display:inline;" id="it_apice_sapere_space_TestLSAspace_testReadExceptions:TestLSAspace_testReadExceptions:NativeContainer:org_apache_felix_framework_FrameworkFactory@4e8deb8aoff"> + </span><span style="display:none;" id="it_apice_sapere_space_TestLSAspace_testReadExceptions:TestLSAspace_testReadExceptions:NativeContainer:org_apache_felix_framework_FrameworkFactory@4e8deb8aon"> - </span>[ Detail ]</a></div></td><td>12.47</td></tr><tr class="a"><td></td><td>gave up waiting for service it.apice.sapere.api.space.core.LSAspaceCore</td><td></td></tr><tr class="b"><td></td><td><div id="it_apice_sapere_space_TestLSAspace_testReadExceptions:TestLSAspace_testReadExceptions:NativeContainer:org_apache_felix_framework_FrameworkFactory@4e8deb8aerror" style="display:none;"><div><pre>org.ops4j.pax.swissbox.framework.ServiceLookupException: gave up waiting for service it.apice.sapere.api.space.core.LSAspaceCoreat org.ops4j.pax.swissbox.framework.ServiceLookup.getService(ServiceLookup.java:122)at org.ops4j.pax.swissbox.framework.ServiceLookup.getService(ServiceLookup.java:83)at org.ops4j.pax.exam.inject.internal.ServiceInjector.injectField(ServiceInjector.java:86)at org.ops4j.pax.exam.inject.internal.ServiceInjector.injectDeclaredFields(ServiceInjector.java:70)at org.ops4j.pax.exam.inject.internal.ServiceInjector.injectFields(ServiceInjector.java:59)at org.ops4j.pax.exam.invoker.junit.internal.ContainerTestRunner.createTest(ContainerTestRunner.java:62)at org.junit.runners.BlockJUnit4ClassRunner$1.runReflectiveCall(BlockJUnit4ClassRunner.java:227)at org.junit.internal.runners.model.ReflectiveCallable.run(ReflectiveCallable.java:15)at org.junit.runners.BlockJUnit4ClassRunner.methodBlock(BlockJUnit4ClassRunner.java:224)at org.junit.runners.BlockJUnit4ClassRunner.runChild(BlockJUnit4ClassRunner.java:69)at org.ops4j.pax.exam.invoker.junit.internal.ContainerTestRunner.runChild(ContainerTestRunner.java:70)at org.ops4j.pax.exam.invoker.junit.internal.ContainerTestRunner.runChild(ContainerTestRunner.java:37)at org.junit.runners.ParentRunner$3.run(ParentRunner.java:231)at org.junit.runners.ParentRunner$1.schedule(ParentRunner.java:60)at org.junit.runners.ParentRunner.runChildren(ParentRunner.java:229)at org.junit.runners.ParentRunner.access$000(ParentRunner.java:50)at org.junit.runners.ParentRunner$2.evaluate(ParentRunner.java:222)at org.junit.runners.ParentRunner.run(ParentRunner.java:292)at org.junit.runner.JUnitCore.run(JUnitCore.java:157)at org.junit.runner.JUnitCore.run(JUnitCore.java:136)at org.ops4j.pax.exam.invoker.junit.internal.JUnitProbeInvoker.invokeViaJUnit(JUnitProbeInvoker.java:124)at org.ops4j.pax.exam.invoker.junit.internal.JUnitProbeInvoker.findAndInvoke(JUnitProbeInvoker.java:94)at org.ops4j.pax.exam.invoker.junit.internal.JUnitProbeInvoker.call(JUnitProbeInvoker.java:77)at org.ops4j.pax.exam.nat.internal.NativeTestContainer.call(NativeTestContainer.java:95)at org.ops4j.pax.exam.spi.reactors.AllConfinedStagedReactor.invoke(AllConfinedStagedReactor.java:74)at org.ops4j.pax.exam.junit.JUnit4TestRunner$3.evaluate(JUnit4TestRunner.java:304)at org.junit.runners.BlockJUnit4ClassRunner.runNotIgnored(BlockJUnit4ClassRunner.java:79)at org.junit.runners.BlockJUnit4ClassRunner.runChild(BlockJUnit4ClassRunner.java:71)at org.junit.runners.BlockJUnit4ClassRunner.runChild(BlockJUnit4ClassRunner.java:49)at org.junit.runners.ParentRunner$3.run(ParentRunner.java:193)at org.junit.runners.ParentRunner$1.schedule(ParentRunner.java:52)at org.junit.runners.ParentRunner.runChildren(ParentRunner.java:191)at org.junit.runners.ParentRunner.access$000(ParentRunner.java:42)at org.junit.runners.ParentRunner$2.evaluate(ParentRunner.java:184)at org.junit.runners.ParentRunner.run(ParentRunner.java:236)at org.ops4j.pax.exam.junit.JUnit4TestRunner.run(JUnit4TestRunner.java:93)at org.apache.maven.surefire.junit4.JUnit4Provider.execute(JUnit4Provider.java:236)at org.apache.maven.surefire.junit4.JUnit4Provider.executeTestSet(JUnit4Provider.java:134)at org.apache.maven.surefire.junit4.JUnit4Provider.invoke(JUnit4Provider.java:113)at sun.reflect.NativeMethodAccessorImpl.invoke0(Native Method)at sun.reflect.NativeMethodAccessorImpl.invoke(NativeMethodAccessorImpl.java:39)at sun.reflect.DelegatingMethodAccessorImpl.invoke(DelegatingMethodAccessorImpl.java:25)at java.lang.reflect.Method.invoke(Method.java:597)at org.apache.maven.surefire.util.ReflectionUtils.invokeMethodWithArray(ReflectionUtils.java:189)at org.apache.maven.surefire.booter.ProviderFactory$ProviderProxy.invoke(ProviderFactory.java:165)at org.apache.maven.surefire.booter.ProviderFactory.invokeProvider(ProviderFactory.java:85)at org.apache.maven.surefire.booter.ForkedBooter.runSuitesInProcess(ForkedBooter.java:103)at org.apache.maven.surefire.booter.ForkedBooter.main(ForkedBooter.java:74)</pre></div></div></td><td></td></tr><tr class="a"><td><a href="#it.apice.sapere.space.TestLSAspace.testScenario:TestLSAspace.testScenario:NativeContainer:org.apache.felix.framework.FrameworkFactory@4e8deb8a"><img src="images/icon_error_sml.gif" alt="" /></a></td><td><a href="#it.apice.sapere.space.TestLSAspace.testScenario:TestLSAspace.testScenario:NativeContainer:org.apache.felix.framework.FrameworkFactory@4e8deb8a">testScenario:TestLSAspace.testScenario:NativeContainer:org.apache.felix.framework.FrameworkFactory@4e8deb8a</a><div class="detailToggle" style="display:inline"><a href="javascript:toggleDisplay(&apos;it_apice_sapere_space_TestLSAspace_testScenario:TestLSAspace_testScenario:NativeContainer:org_apache_felix_framework_FrameworkFactory@4e8deb8a&apos;);"><span style="display:inline;" id="it_apice_sapere_space_TestLSAspace_testScenario:TestLSAspace_testScenario:NativeContainer:org_apache_felix_framework_FrameworkFactory@4e8deb8aoff"> + </span><span style="display:none;" id="it_apice_sapere_space_TestLSAspace_testScenario:TestLSAspace_testScenario:NativeContainer:org_apache_felix_framework_FrameworkFactory@4e8deb8aon"> - </span>[ Detail ]</a></div></td><td>12.478</td></tr><tr class="b"><td></td><td>gave up waiting for service it.apice.sapere.api.space.core.LSAspaceCore</td><td></td></tr><tr class="a"><td></td><td><div id="it_apice_sapere_space_TestLSAspace_testScenario:TestLSAspace_testScenario:NativeContainer:org_apache_felix_framework_FrameworkFactory@4e8deb8aerror" style="display:none;"><div><pre>org.ops4j.pax.swissbox.framework.ServiceLookupException: gave up waiting for service it.apice.sapere.api.space.core.LSAspaceCoreat org.ops4j.pax.swissbox.framework.ServiceLookup.getService(ServiceLookup.java:122)at org.ops4j.pax.swissbox.framework.ServiceLookup.getService(ServiceLookup.java:83)at org.ops4j.pax.exam.inject.internal.ServiceInjector.injectField(ServiceInjector.java:86)at org.ops4j.pax.exam.inject.internal.ServiceInjector.injectDeclaredFields(ServiceInjector.java:70)at org.ops4j.pax.exam.inject.internal.ServiceInjector.injectFields(ServiceInjector.java:59)at org.ops4j.pax.exam.invoker.junit.internal.ContainerTestRunner.createTest(ContainerTestRunner.java:62)at org.junit.runners.BlockJUnit4ClassRunner$1.runReflectiveCall(BlockJUnit4ClassRunner.java:227)at org.junit.internal.runners.model.ReflectiveCallable.run(ReflectiveCallable.java:15)at org.junit.runners.BlockJUnit4ClassRunner.methodBlock(BlockJUnit4ClassRunner.java:224)at org.junit.runners.BlockJUnit4ClassRunner.runChild(BlockJUnit4ClassRunner.java:69)at org.ops4j.pax.exam.invoker.junit.internal.ContainerTestRunner.runChild(ContainerTestRunner.java:70)at org.ops4j.pax.exam.invoker.junit.internal.ContainerTestRunner.runChild(ContainerTestRunner.java:37)at org.junit.runners.ParentRunner$3.run(ParentRunner.java:231)at org.junit.runners.ParentRunner$1.schedule(ParentRunner.java:60)at org.junit.runners.ParentRunner.runChildren(ParentRunner.java:229)at org.junit.runners.ParentRunner.access$000(ParentRunner.java:50)at org.junit.runners.ParentRunner$2.evaluate(ParentRunner.java:222)at org.junit.runners.ParentRunner.run(ParentRunner.java:292)at org.junit.runner.JUnitCore.run(JUnitCore.java:157)at org.junit.runner.JUnitCore.run(JUnitCore.java:136)at org.ops4j.pax.exam.invoker.junit.internal.JUnitProbeInvoker.invokeViaJUnit(JUnitProbeInvoker.java:124)at org.ops4j.pax.exam.invoker.junit.internal.JUnitProbeInvoker.findAndInvoke(JUnitProbeInvoker.java:94)at org.ops4j.pax.exam.invoker.junit.internal.JUnitProbeInvoker.call(JUnitProbeInvoker.java:77)at org.ops4j.pax.exam.nat.internal.NativeTestContainer.call(NativeTestContainer.java:95)at org.ops4j.pax.exam.spi.reactors.AllConfinedStagedReactor.invoke(AllConfinedStagedReactor.java:74)at org.ops4j.pax.exam.junit.JUnit4TestRunner$3.evaluate(JUnit4TestRunner.java:304)at org.junit.runners.BlockJUnit4ClassRunner.runNotIgnored(BlockJUnit4ClassRunner.java:79)at org.junit.runners.BlockJUnit4ClassRunner.runChild(BlockJUnit4ClassRunner.java:71)at org.junit.runners.BlockJUnit4ClassRunner.runChild(BlockJUnit4ClassRunner.java:49)at org.junit.runners.ParentRunner$3.run(ParentRunner.java:193)at org.junit.runners.ParentRunner$1.schedule(ParentRunner.java:52)at org.junit.runners.ParentRunner.runChildren(ParentRunner.java:191)at org.junit.runners.ParentRunner.access$000(ParentRunner.java:42)at org.junit.runners.ParentRunner$2.evaluate(ParentRunner.java:184)at org.junit.runners.ParentRunner.run(ParentRunner.java:236)at org.ops4j.pax.exam.junit.JUnit4TestRunner.run(JUnit4TestRunner.java:93)at org.apache.maven.surefire.junit4.JUnit4Provider.execute(JUnit4Provider.java:236)at org.apache.maven.surefire.junit4.JUnit4Provider.executeTestSet(JUnit4Provider.java:134)at org.apache.maven.surefire.junit4.JUnit4Provider.invoke(JUnit4Provider.java:113)at sun.reflect.NativeMethodAccessorImpl.invoke0(Native Method)at sun.reflect.NativeMethodAccessorImpl.invoke(NativeMethodAccessorImpl.java:39)at sun.reflect.DelegatingMethodAccessorImpl.invoke(DelegatingMethodAccessorImpl.java:25)at java.lang.reflect.Method.invoke(Method.java:597)at org.apache.maven.surefire.util.ReflectionUtils.invokeMethodWithArray(ReflectionUtils.java:189)at org.apache.maven.surefire.booter.ProviderFactory$ProviderProxy.invoke(ProviderFactory.java:165)at org.apache.maven.surefire.booter.ProviderFactory.invokeProvider(ProviderFactory.java:85)at org.apache.maven.surefire.booter.ForkedBooter.runSuitesInProcess(ForkedBooter.java:103)at org.apache.maven.surefire.booter.ForkedBooter.main(ForkedBooter.java:74)</pre></div></div></td><td></td></tr><tr class="b"><td><a href="#it.apice.sapere.space.TestLSAspace.testRemoveExceptions:TestLSAspace.testRemoveExceptions:NativeContainer:org.apache.felix.framework.FrameworkFactory@4e8deb8a"><img src="images/icon_error_sml.gif" alt="" /></a></td><td><a href="#it.apice.sapere.space.TestLSAspace.testRemoveExceptions:TestLSAspace.testRemoveExceptions:NativeContainer:org.apache.felix.framework.FrameworkFactory@4e8deb8a">testRemoveExceptions:TestLSAspace.testRemoveExceptions:NativeContainer:org.apache.felix.framework.FrameworkFactory@4e8deb8a</a><div class="detailToggle" style="display:inline"><a href="javascript:toggleDisplay(&apos;it_apice_sapere_space_TestLSAspace_testRemoveExceptions:TestLSAspace_testRemoveExceptions:NativeContainer:org_apache_felix_framework_FrameworkFactory@4e8deb8a&apos;);"><span style="display:inline;" id="it_apice_sapere_space_TestLSAspace_testRemoveExceptions:TestLSAspace_testRemoveExceptions:NativeContainer:org_apache_felix_framework_FrameworkFactory@4e8deb8aoff"> + </span><span style="display:none;" id="it_apice_sapere_space_TestLSAspace_testRemoveExceptions:TestLSAspace_testRemoveExceptions:NativeContainer:org_apache_felix_framework_FrameworkFactory@4e8deb8aon"> - </span>[ Detail ]</a></div></td><td>13.661</td></tr><tr class="a"><td></td><td>gave up waiting for service it.apice.sapere.api.space.core.LSAspaceCore</td><td></td></tr><tr class="b"><td></td><td><div id="it_apice_sapere_space_TestLSAspace_testRemoveExceptions:TestLSAspace_testRemoveExceptions:NativeContainer:org_apache_felix_framework_FrameworkFactory@4e8deb8aerror" style="display:none;"><div><pre>org.ops4j.pax.swissbox.framework.ServiceLookupException: gave up waiting for service it.apice.sapere.api.space.core.LSAspaceCoreat org.ops4j.pax.swissbox.framework.ServiceLookup.getService(ServiceLookup.java:122)at org.ops4j.pax.swissbox.framework.ServiceLookup.getService(ServiceLookup.java:83)at org.ops4j.pax.exam.inject.internal.ServiceInjector.injectField(ServiceInjector.java:86)at org.ops4j.pax.exam.inject.internal.ServiceInjector.injectDeclaredFields(ServiceInjector.java:70)at org.ops4j.pax.exam.inject.internal.ServiceInjector.injectFields(ServiceInjector.java:59)at org.ops4j.pax.exam.invoker.junit.internal.ContainerTestRunner.createTest(ContainerTestRunner.java:62)at org.junit.runners.BlockJUnit4ClassRunner$1.runReflectiveCall(BlockJUnit4ClassRunner.java:227)at org.junit.internal.runners.model.ReflectiveCallable.run(ReflectiveCallable.java:15)at org.junit.runners.BlockJUnit4ClassRunner.methodBlock(BlockJUnit4ClassRunner.java:224)at org.junit.runners.BlockJUnit4ClassRunner.runChild(BlockJUnit4ClassRunner.java:69)at org.ops4j.pax.exam.invoker.junit.internal.ContainerTestRunner.runChild(ContainerTestRunner.java:70)at org.ops4j.pax.exam.invoker.junit.internal.ContainerTestRunner.runChild(ContainerTestRunner.java:37)at org.junit.runners.ParentRunner$3.run(ParentRunner.java:231)at org.junit.runners.ParentRunner$1.schedule(ParentRunner.java:60)at org.junit.runners.ParentRunner.runChildren(ParentRunner.java:229)at org.junit.runners.ParentRunner.access$000(ParentRunner.java:50)at org.junit.runners.ParentRunner$2.evaluate(ParentRunner.java:222)at org.junit.runners.ParentRunner.run(ParentRunner.java:292)at org.junit.runner.JUnitCore.run(JUnitCore.java:157)at org.junit.runner.JUnitCore.run(JUnitCore.java:136)at org.ops4j.pax.exam.invoker.junit.internal.JUnitProbeInvoker.invokeViaJUnit(JUnitProbeInvoker.java:124)at org.ops4j.pax.exam.invoker.junit.internal.JUnitProbeInvoker.findAndInvoke(JUnitProbeInvoker.java:94)at org.ops4j.pax.exam.invoker.junit.internal.JUnitProbeInvoker.call(JUnitProbeInvoker.java:77)at org.ops4j.pax.exam.nat.internal.NativeTestContainer.call(NativeTestContainer.java:95)at org.ops4j.pax.exam.spi.reactors.AllConfinedStagedReactor.invoke(AllConfinedStagedReactor.java:74)at org.ops4j.pax.exam.junit.JUnit4TestRunner$3.evaluate(JUnit4TestRunner.java:304)at org.junit.runners.BlockJUnit4ClassRunner.runNotIgnored(BlockJUnit4ClassRunner.java:79)at org.junit.runners.BlockJUnit4ClassRunner.runChild(BlockJUnit4ClassRunner.java:71)at org.junit.runners.BlockJUnit4ClassRunner.runChild(BlockJUnit4ClassRunner.java:49)at org.junit.runners.ParentRunner$3.run(ParentRunner.java:193)at org.junit.runners.ParentRunner$1.schedule(ParentRunner.java:52)at org.junit.runners.ParentRunner.runChildren(ParentRunner.java:191)at org.junit.runners.ParentRunner.access$000(ParentRunner.java:42)at org.junit.runners.ParentRunner$2.evaluate(ParentRunner.java:184)at org.junit.runners.ParentRunner.run(ParentRunner.java:236)at org.ops4j.pax.exam.junit.JUnit4TestRunner.run(JUnit4TestRunner.java:93)at org.apache.maven.surefire.junit4.JUnit4Provider.execute(JUnit4Provider.java:236)at org.apache.maven.surefire.junit4.JUnit4Provider.executeTestSet(JUnit4Provider.java:134)at org.apache.maven.surefire.junit4.JUnit4Provider.invoke(JUnit4Provider.java:113)at sun.reflect.NativeMethodAccessorImpl.invoke0(Native Method)at sun.reflect.NativeMethodAccessorImpl.invoke(NativeMethodAccessorImpl.java:39)at sun.reflect.DelegatingMethodAccessorImpl.invoke(DelegatingMethodAccessorImpl.java:25)at java.lang.reflect.Method.invoke(Method.java:597)at org.apache.maven.surefire.util.ReflectionUtils.invokeMethodWithArray(ReflectionUtils.java:189)at org.apache.maven.surefire.booter.ProviderFactory$ProviderProxy.invoke(ProviderFactory.java:165)at org.apache.maven.surefire.booter.ProviderFactory.invokeProvider(ProviderFactory.java:85)at org.apache.maven.surefire.booter.ForkedBooter.runSuitesInProcess(ForkedBooter.java:103)at org.apache.maven.surefire.booter.ForkedBooter.main(ForkedBooter.java:74)</pre></div></div></td><td></td></tr><tr class="a"><td><a href="#it.apice.sapere.space.TestLSAspace.testObserveExceptions:TestLSAspace.testObserveExceptions:NativeContainer:org.apache.felix.framework.FrameworkFactory@4e8deb8a"><img src="images/icon_error_sml.gif" alt="" /></a></td><td><a href="#it.apice.sapere.space.TestLSAspace.testObserveExceptions:TestLSAspace.testObserveExceptions:NativeContainer:org.apache.felix.framework.FrameworkFactory@4e8deb8a">testObserveExceptions:TestLSAspace.testObserveExceptions:NativeContainer:org.apache.felix.framework.FrameworkFactory@4e8deb8a</a><div class="detailToggle" style="display:inline"><a href="javascript:toggleDisplay(&apos;it_apice_sapere_space_TestLSAspace_testObserveExceptions:TestLSAspace_testObserveExceptions:NativeContainer:org_apache_felix_framework_FrameworkFactory@4e8deb8a&apos;);"><span style="display:inline;" id="it_apice_sapere_space_TestLSAspace_testObserveExceptions:TestLSAspace_testObserveExceptions:NativeContainer:org_apache_felix_framework_FrameworkFactory@4e8deb8aoff"> + </span><span style="display:none;" id="it_apice_sapere_space_TestLSAspace_testObserveExceptions:TestLSAspace_testObserveExceptions:NativeContainer:org_apache_felix_framework_FrameworkFactory@4e8deb8aon"> - </span>[ Detail ]</a></div></td><td>12.615</td></tr><tr class="b"><td></td><td>gave up waiting for service it.apice.sapere.api.space.core.LSAspaceCore</td><td></td></tr><tr class="a"><td></td><td><div id="it_apice_sapere_space_TestLSAspace_testObserveExceptions:TestLSAspace_testObserveExceptions:NativeContainer:org_apache_felix_framework_FrameworkFactory@4e8deb8aerror" style="display:none;"><div><pre>org.ops4j.pax.swissbox.framework.ServiceLookupException: gave up waiting for service it.apice.sapere.api.space.core.LSAspaceCoreat org.ops4j.pax.swissbox.framework.ServiceLookup.getService(ServiceLookup.java:122)at org.ops4j.pax.swissbox.framework.ServiceLookup.getService(ServiceLookup.java:83)at org.ops4j.pax.exam.inject.internal.ServiceInjector.injectField(ServiceInjector.java:86)at org.ops4j.pax.exam.inject.internal.ServiceInjector.injectDeclaredFields(ServiceInjector.java:70)at org.ops4j.pax.exam.inject.internal.ServiceInjector.injectFields(ServiceInjector.java:59)at org.ops4j.pax.exam.invoker.junit.internal.ContainerTestRunner.createTest(ContainerTestRunner.java:62)at org.junit.runners.BlockJUnit4ClassRunner$1.runReflectiveCall(BlockJUnit4ClassRunner.java:227)at org.junit.internal.runners.model.ReflectiveCallable.run(ReflectiveCallable.java:15)at org.junit.runners.BlockJUnit4ClassRunner.methodBlock(BlockJUnit4ClassRunner.java:224)at org.junit.runners.BlockJUnit4ClassRunner.runChild(BlockJUnit4ClassRunner.java:69)at org.ops4j.pax.exam.invoker.junit.internal.ContainerTestRunner.runChild(ContainerTestRunner.java:70)at org.ops4j.pax.exam.invoker.junit.internal.ContainerTestRunner.runChild(ContainerTestRunner.java:37)at org.junit.runners.ParentRunner$3.run(ParentRunner.java:231)at org.junit.runners.ParentRunner$1.schedule(ParentRunner.java:60)at org.junit.runners.ParentRunner.runChildren(ParentRunner.java:229)at org.junit.runners.ParentRunner.access$000(ParentRunner.java:50)at org.junit.runners.ParentRunner$2.evaluate(ParentRunner.java:222)at org.junit.runners.ParentRunner.run(ParentRunner.java:292)at org.junit.runner.JUnitCore.run(JUnitCore.java:157)at org.junit.runner.JUnitCore.run(JUnitCore.java:136)at org.ops4j.pax.exam.invoker.junit.internal.JUnitProbeInvoker.invokeViaJUnit(JUnitProbeInvoker.java:124)at org.ops4j.pax.exam.invoker.junit.internal.JUnitProbeInvoker.findAndInvoke(JUnitProbeInvoker.java:94)at org.ops4j.pax.exam.invoker.junit.internal.JUnitProbeInvoker.call(JUnitProbeInvoker.java:77)at org.ops4j.pax.exam.nat.internal.NativeTestContainer.call(NativeTestContainer.java:95)at org.ops4j.pax.exam.spi.reactors.AllConfinedStagedReactor.invoke(AllConfinedStagedReactor.java:74)at org.ops4j.pax.exam.junit.JUnit4TestRunner$3.evaluate(JUnit4TestRunner.java:304)at org.junit.runners.BlockJUnit4ClassRunner.runNotIgnored(BlockJUnit4ClassRunner.java:79)at org.junit.runners.BlockJUnit4ClassRunner.runChild(BlockJUnit4ClassRunner.java:71)at org.junit.runners.BlockJUnit4ClassRunner.runChild(BlockJUnit4ClassRunner.java:49)at org.junit.runners.ParentRunner$3.run(ParentRunner.java:193)at org.junit.runners.ParentRunner$1.schedule(ParentRunner.java:52)at org.junit.runners.ParentRunner.runChildren(ParentRunner.java:191)at org.junit.runners.ParentRunner.access$000(ParentRunner.java:42)at org.junit.runners.ParentRunner$2.evaluate(ParentRunner.java:184)at org.junit.runners.ParentRunner.run(ParentRunner.java:236)at org.ops4j.pax.exam.junit.JUnit4TestRunner.run(JUnit4TestRunner.java:93)at org.apache.maven.surefire.junit4.JUnit4Provider.execute(JUnit4Provider.java:236)at org.apache.maven.surefire.junit4.JUnit4Provider.executeTestSet(JUnit4Provider.java:134)at org.apache.maven.surefire.junit4.JUnit4Provider.invoke(JUnit4Provider.java:113)at sun.reflect.NativeMethodAccessorImpl.invoke0(Native Method)at sun.reflect.NativeMethodAccessorImpl.invoke(NativeMethodAccessorImpl.java:39)at sun.reflect.DelegatingMethodAccessorImpl.invoke(DelegatingMethodAccessorImpl.java:25)at java.lang.reflect.Method.invoke(Method.java:597)at org.apache.maven.surefire.util.ReflectionUtils.invokeMethodWithArray(ReflectionUtils.java:189)at org.apache.maven.surefire.booter.ProviderFactory$ProviderProxy.invoke(ProviderFactory.java:165)at org.apache.maven.surefire.booter.ProviderFactory.invokeProvider(ProviderFactory.java:85)at org.apache.maven.surefire.booter.ForkedBooter.runSuitesInProcess(ForkedBooter.java:103)at org.apache.maven.surefire.booter.ForkedBooter.main(ForkedBooter.java:74)</pre></div></div></td><td></td></tr></table></div><br /></div><div class="section"><h2>Failure Details<a name="Failure_Details"></a></h2><a name="Failure_Details"></a><p>[<a href="#Summary">Summary</a>] [<a href="#Package_List">Package List</a>] [<a href="#Test_Cases">Test Cases</a>]</p><br /><table border="0" class="bodyTable"><tr class="b"><td><img src="images/icon_error_sml.gif" alt="" /></td><td><a name="it.apice.sapere.node.TestSAPEREnode.testServicesAvailablity:TestSAPEREnode.testServicesAvailablity:NativeContainer:org.apache.felix.framework.FrameworkFactory33d6f122"></a>testServicesAvailablity:TestSAPEREnode.testServicesAvailablity:NativeContainer:org.apache.felix.framework.FrameworkFactory@33d6f122</td></tr><tr class="a"><td></td><td>java.lang.AssertionError:</td></tr>                                                                                                                                                    <tr class="b"><td></td><td><div id="testServicesAvailablity:TestSAPEREnode.testServicesAvailablity:NativeContainer:org.apache.felix.framework.FrameworkFactory@33d6f122error"><a href="./xref-test/it/apice/sapere/node/TestSAPEREnode.html#">it.apice.sapere.node.TestSAPEREnode:</a></div></td></tr><tr class="a"><td><img src="images/icon_error_sml.gif" alt="" /></td><td><a name="it.apice.sapere.space.TestLSAspace.testUpdateExceptions:TestLSAspace.testUpdateExceptions:NativeContainer:org.apache.felix.framework.FrameworkFactory4e8deb8a"></a>testUpdateExceptions:TestLSAspace.testUpdateExceptions:NativeContainer:org.apache.felix.framework.FrameworkFactory@4e8deb8a</td></tr><tr class="b"><td></td><td>org.ops4j.pax.swissbox.framework.ServiceLookupException: gave up waiting for service it.apice.sapere.api.space.core.LSAspaceCore</td></tr>                                                                                                                                                                                                <tr class="a"><td></td><td><div id="testUpdateExceptions:TestLSAspace.testUpdateExceptions:NativeContainer:org.apache.felix.framework.FrameworkFactory@4e8deb8aerror"><a href="./xref-test/it/apice/sapere/space/TestLSAspace.html#">it.apice.sapere.space.TestLSAspace:</a></div></td></tr><tr class="b"><td><img src="images/icon_error_sml.gif" alt="" /></td><td><a name="it.apice.sapere.space.TestLSAspace.testInjectExceptions:TestLSAspace.testInjectExceptions:NativeContainer:org.apache.felix.framework.FrameworkFactory4e8deb8a"></a>testInjectExceptions:TestLSAspace.testInjectExceptions:NativeContainer:org.apache.felix.framework.FrameworkFactory@4e8deb8a</td></tr><tr class="a"><td></td><td>org.ops4j.pax.swissbox.framework.ServiceLookupException: gave up waiting for service it.apice.sapere.api.space.core.LSAspaceCore</td></tr>                                                                                                                                                                                                <tr class="b"><td></td><td><div id="testInjectExceptions:TestLSAspace.testInjectExceptions:NativeContainer:org.apache.felix.framework.FrameworkFactory@4e8deb8aerror"><a href="./xref-test/it/apice/sapere/space/TestLSAspace.html#">it.apice.sapere.space.TestLSAspace:</a></div></td></tr><tr class="a"><td><img src="images/icon_error_sml.gif" alt="" /></td><td><a name="it.apice.sapere.space.TestLSAspace.testIgnoreExceptions:TestLSAspace.testIgnoreExceptions:NativeContainer:org.apache.felix.framework.FrameworkFactory4e8deb8a"></a>testIgnoreExceptions:TestLSAspace.testIgnoreExceptions:NativeContainer:org.apache.felix.framework.FrameworkFactory@4e8deb8a</td></tr><tr class="b"><td></td><td>org.ops4j.pax.swissbox.framework.ServiceLookupException: gave up waiting for service it.apice.sapere.api.space.core.LSAspaceCore</td></tr>                                                                                                                                                                                                <tr class="a"><td></td><td><div id="testIgnoreExceptions:TestLSAspace.testIgnoreExceptions:NativeContainer:org.apache.felix.framework.FrameworkFactory@4e8deb8aerror"><a href="./xref-test/it/apice/sapere/space/TestLSAspace.html#">it.apice.sapere.space.TestLSAspace:</a></div></td></tr><tr class="b"><td><img src="images/icon_error_sml.gif" alt="" /></td><td><a name="it.apice.sapere.space.TestLSAspace.testReadExceptions:TestLSAspace.testReadExceptions:NativeContainer:org.apache.felix.framework.FrameworkFactory4e8deb8a"></a>testReadExceptions:TestLSAspace.testReadExceptions:NativeContainer:org.apache.felix.framework.FrameworkFactory@4e8deb8a</td></tr><tr class="a"><td></td><td>org.ops4j.pax.swissbox.framework.ServiceLookupException: gave up waiting for service it.apice.sapere.api.space.core.LSAspaceCore</td></tr>                                                                                                                                                                                                <tr class="b"><td></td><td><div id="testReadExceptions:TestLSAspace.testReadExceptions:NativeContainer:org.apache.felix.framework.FrameworkFactory@4e8deb8aerror"><a href="./xref-test/it/apice/sapere/space/TestLSAspace.html#">it.apice.sapere.space.TestLSAspace:</a></div></td></tr><tr class="a"><td><img src="images/icon_error_sml.gif" alt="" /></td><td><a name="it.apice.sapere.space.TestLSAspace.testScenario:TestLSAspace.testScenario:NativeContainer:org.apache.felix.framework.FrameworkFactory4e8deb8a"></a>testScenario:TestLSAspace.testScenario:NativeContainer:org.apache.felix.framework.FrameworkFactory@4e8deb8a</td></tr><tr class="b"><td></td><td>org.ops4j.pax.swissbox.framework.ServiceLookupException: gave up waiting for service it.apice.sapere.api.space.core.LSAspaceCore</td></tr>                                                                                                                                                                                                <tr class="a"><td></td><td><div id="testScenario:TestLSAspace.testScenario:NativeContainer:org.apache.felix.framework.FrameworkFactory@4e8deb8aerror"><a href="./xref-test/it/apice/sapere/space/TestLSAspace.html#">it.apice.sapere.space.TestLSAspace:</a></div></td></tr><tr class="b"><td><img src="images/icon_error_sml.gif" alt="" /></td><td><a name="it.apice.sapere.space.TestLSAspace.testRemoveExceptions:TestLSAspace.testRemoveExceptions:NativeContainer:org.apache.felix.framework.FrameworkFactory4e8deb8a"></a>testRemoveExceptions:TestLSAspace.testRemoveExceptions:NativeContainer:org.apache.felix.framework.FrameworkFactory@4e8deb8a</td></tr><tr class="a"><td></td><td>org.ops4j.pax.swissbox.framework.ServiceLookupException: gave up waiting for service it.apice.sapere.api.space.core.LSAspaceCore</td></tr>                                                                                                                                                                                                <tr class="b"><td></td><td><div id="testRemoveExceptions:TestLSAspace.testRemoveExceptions:NativeContainer:org.apache.felix.framework.FrameworkFactory@4e8deb8aerror"><a href="./xref-test/it/apice/sapere/space/TestLSAspace.html#">it.apice.sapere.space.TestLSAspace:</a></div></td></tr><tr class="a"><td><img src="images/icon_error_sml.gif" alt="" /></td><td><a name="it.apice.sapere.space.TestLSAspace.testObserveExceptions:TestLSAspace.testObserveExceptions:NativeContainer:org.apache.felix.framework.FrameworkFactory4e8deb8a"></a>testObserveExceptions:TestLSAspace.testObserveExceptions:NativeContainer:org.apache.felix.framework.FrameworkFactory@4e8deb8a</td></tr><tr class="b"><td></td><td>org.ops4j.pax.swissbox.framework.ServiceLookupException: gave up waiting for service it.apice.sapere.api.space.core.LSAspaceCore</td></tr>                                                                                                                                                                                                <tr class="a"><td></td><td><div id="testObserveExceptions:TestLSAspace.testObserveExceptions:NativeContainer:org.apache.felix.framework.FrameworkFactory@4e8deb8aerror"><a href="./xref-test/it/apice/sapere/space/TestLSAspace.html#">it.apice.sapere.space.TestLSAspace:</a></div></td></tr></table><br /></div>
      </div>
    </div>
    <div class="clear">
      <hr/>
    </div>
    <div id="footer">
      <div class="xright">
        &#169;            2012
              APICe Lab, Alma Mater Studiorum - Universit degli Studi di Bologna
            
                - <a href="http://maven.apache.org/privacy-policy.html">Privacy Policy</a>.
        Apache Maven, Maven, Apache, the Apache feather logo, and the Apache Maven project logos are trademarks of The Apache Software Foundation.
      </div>
      <div class="clear">
        <hr/>
      </div>
    </div>
  </body>
</html>
